<?xml version="1.0" encoding="UTF-8"?>
<coverage generated="1665142842809" clover="3.2.0">
  <project timestamp="1665142842809" name="All files">
    <metrics statements="1663" coveredstatements="268" conditionals="419" coveredconditionals="50" methods="869" coveredmethods="153" elements="2951" coveredelements="471" complexity="0" loc="1663" ncloc="1663" packages="149" files="284" classes="284"/>
    <package name="@types">
      <metrics statements="0" coveredstatements="0" conditionals="0" coveredconditionals="0" methods="0" coveredmethods="0"/>
      <file name="custom.d.ts" path="/Users/JoaoGabriel/Documents/Projects/Personal/karsten-konecta/src/@types/custom.d.ts">
        <metrics statements="0" coveredstatements="0" conditionals="0" coveredconditionals="0" methods="0" coveredmethods="0"/>
      </file>
      <file name="styled.d.ts" path="/Users/JoaoGabriel/Documents/Projects/Personal/karsten-konecta/src/@types/styled.d.ts">
        <metrics statements="0" coveredstatements="0" conditionals="0" coveredconditionals="0" methods="0" coveredmethods="0"/>
      </file>
    </package>
    <package name="data.protocols.cache">
      <metrics statements="0" coveredstatements="0" conditionals="0" coveredconditionals="0" methods="0" coveredmethods="0"/>
      <file name="get-storage.ts" path="/Users/JoaoGabriel/Documents/Projects/Personal/karsten-konecta/src/data/protocols/cache/get-storage.ts">
        <metrics statements="0" coveredstatements="0" conditionals="0" coveredconditionals="0" methods="0" coveredmethods="0"/>
      </file>
      <file name="set-storage.ts" path="/Users/JoaoGabriel/Documents/Projects/Personal/karsten-konecta/src/data/protocols/cache/set-storage.ts">
        <metrics statements="0" coveredstatements="0" conditionals="0" coveredconditionals="0" methods="0" coveredmethods="0"/>
      </file>
    </package>
    <package name="data.protocols.http">
      <metrics statements="0" coveredstatements="0" conditionals="0" coveredconditionals="0" methods="0" coveredmethods="0"/>
      <file name="http-client.ts" path="/Users/JoaoGabriel/Documents/Projects/Personal/karsten-konecta/src/data/protocols/http/http-client.ts">
        <metrics statements="0" coveredstatements="0" conditionals="0" coveredconditionals="0" methods="0" coveredmethods="0"/>
      </file>
    </package>
    <package name="data.usecases.actions">
      <metrics statements="15" coveredstatements="0" conditionals="8" coveredconditionals="0" methods="5" coveredmethods="0"/>
      <file name="remote-get-action-customer-details.ts" path="/Users/JoaoGabriel/Documents/Projects/Personal/karsten-konecta/src/data/usecases/actions/remote-get-action-customer-details.ts">
        <metrics statements="7" coveredstatements="0" conditionals="3" coveredconditionals="0" methods="2" coveredmethods="0"/>
        <line num="18" count="0" type="stmt"/>
        <line num="27" count="0" type="cond" truecount="0" falsecount="3"/>
        <line num="29" count="0" type="stmt"/>
        <line num="31" count="0" type="stmt"/>
        <line num="33" count="0" type="stmt"/>
        <line num="55" count="0" type="stmt"/>
        <line num="57" count="0" type="stmt"/>
      </file>
      <file name="remote-get-action-customer-list.ts" path="/Users/JoaoGabriel/Documents/Projects/Personal/karsten-konecta/src/data/usecases/actions/remote-get-action-customer-list.ts">
        <metrics statements="8" coveredstatements="0" conditionals="5" coveredconditionals="0" methods="3" coveredmethods="0"/>
        <line num="17" count="0" type="stmt"/>
        <line num="28" count="0" type="cond" truecount="0" falsecount="3"/>
        <line num="30" count="0" type="stmt"/>
        <line num="31" count="0" type="stmt"/>
        <line num="34" count="0" type="cond" truecount="0" falsecount="2"/>
        <line num="38" count="0" type="stmt"/>
        <line num="50" count="0" type="stmt"/>
        <line num="52" count="0" type="stmt"/>
      </file>
    </package>
    <package name="data.usecases.attendance">
      <metrics statements="80" coveredstatements="0" conditionals="58" coveredconditionals="0" methods="37" coveredmethods="0"/>
      <file name="remote-add-product.ts" path="/Users/JoaoGabriel/Documents/Projects/Personal/karsten-konecta/src/data/usecases/attendance/remote-add-product.ts">
        <metrics statements="5" coveredstatements="0" conditionals="2" coveredconditionals="0" methods="2" coveredmethods="0"/>
        <line num="17" count="0" type="stmt"/>
        <line num="28" count="0" type="cond" truecount="0" falsecount="2"/>
        <line num="30" count="0" type="stmt"/>
        <line num="31" count="0" type="stmt"/>
        <line num="37" count="0" type="stmt"/>
      </file>
      <file name="remote-copy-attendance.ts" path="/Users/JoaoGabriel/Documents/Projects/Personal/karsten-konecta/src/data/usecases/attendance/remote-copy-attendance.ts">
        <metrics statements="4" coveredstatements="0" conditionals="2" coveredconditionals="0" methods="2" coveredmethods="0"/>
        <line num="12" count="0" type="stmt"/>
        <line num="18" count="0" type="cond" truecount="0" falsecount="2"/>
        <line num="20" count="0" type="stmt"/>
        <line num="22" count="0" type="stmt"/>
      </file>
      <file name="remote-create-attendance.ts" path="/Users/JoaoGabriel/Documents/Projects/Personal/karsten-konecta/src/data/usecases/attendance/remote-create-attendance.ts">
        <metrics statements="4" coveredstatements="0" conditionals="2" coveredconditionals="0" methods="2" coveredmethods="0"/>
        <line num="17" count="0" type="stmt"/>
        <line num="28" count="0" type="cond" truecount="0" falsecount="2"/>
        <line num="30" count="0" type="stmt"/>
        <line num="34" count="0" type="stmt"/>
      </file>
      <file name="remote-delete-attendance.ts" path="/Users/JoaoGabriel/Documents/Projects/Personal/karsten-konecta/src/data/usecases/attendance/remote-delete-attendance.ts">
        <metrics statements="4" coveredstatements="0" conditionals="2" coveredconditionals="0" methods="2" coveredmethods="0"/>
        <line num="12" count="0" type="stmt"/>
        <line num="21" count="0" type="cond" truecount="0" falsecount="2"/>
        <line num="23" count="0" type="stmt"/>
        <line num="25" count="0" type="stmt"/>
      </file>
      <file name="remote-delete-product.ts" path="/Users/JoaoGabriel/Documents/Projects/Personal/karsten-konecta/src/data/usecases/attendance/remote-delete-product.ts">
        <metrics statements="4" coveredstatements="0" conditionals="2" coveredconditionals="0" methods="2" coveredmethods="0"/>
        <line num="15" count="0" type="stmt"/>
        <line num="24" count="0" type="cond" truecount="0" falsecount="2"/>
        <line num="26" count="0" type="stmt"/>
        <line num="30" count="0" type="stmt"/>
      </file>
      <file name="remote-finish-attendance.ts" path="/Users/JoaoGabriel/Documents/Projects/Personal/karsten-konecta/src/data/usecases/attendance/remote-finish-attendance.ts">
        <metrics statements="6" coveredstatements="0" conditionals="3" coveredconditionals="0" methods="2" coveredmethods="0"/>
        <line num="17" count="0" type="stmt"/>
        <line num="29" count="0" type="cond" truecount="0" falsecount="3"/>
        <line num="31" count="0" type="stmt"/>
        <line num="33" count="0" type="stmt"/>
        <line num="38" count="0" type="stmt"/>
        <line num="41" count="0" type="stmt"/>
      </file>
      <file name="remote-get-attendance-list.ts" path="/Users/JoaoGabriel/Documents/Projects/Personal/karsten-konecta/src/data/usecases/attendance/remote-get-attendance-list.ts">
        <metrics statements="7" coveredstatements="0" conditionals="8" coveredconditionals="0" methods="3" coveredmethods="0"/>
        <line num="19" count="0" type="stmt"/>
        <line num="32" count="0" type="cond" truecount="0" falsecount="2"/>
        <line num="34" count="0" type="stmt"/>
        <line num="36" count="0" type="stmt"/>
        <line num="38" count="0" type="stmt"/>
        <line num="40" count="0" type="stmt"/>
        <line num="61" count="0" type="stmt"/>
      </file>
      <file name="remote-get-attendance.ts" path="/Users/JoaoGabriel/Documents/Projects/Personal/karsten-konecta/src/data/usecases/attendance/remote-get-attendance.ts">
        <metrics statements="6" coveredstatements="0" conditionals="10" coveredconditionals="0" methods="3" coveredmethods="0"/>
        <line num="15" count="0" type="stmt"/>
        <line num="24" count="0" type="cond" truecount="0" falsecount="2"/>
        <line num="26" count="0" type="stmt"/>
        <line num="28" count="0" type="stmt"/>
        <line num="34" count="0" type="stmt"/>
        <line num="78" count="0" type="stmt"/>
      </file>
      <file name="remote-get-order-list.ts" path="/Users/JoaoGabriel/Documents/Projects/Personal/karsten-konecta/src/data/usecases/attendance/remote-get-order-list.ts">
        <metrics statements="6" coveredstatements="0" conditionals="4" coveredconditionals="0" methods="3" coveredmethods="0"/>
        <line num="22" count="0" type="stmt"/>
        <line num="40" count="0" type="cond" truecount="0" falsecount="2"/>
        <line num="42" count="0" type="stmt"/>
        <line num="44" count="0" type="stmt"/>
        <line num="45" count="0" type="stmt"/>
        <line num="58" count="0" type="stmt"/>
      </file>
      <file name="remote-link-customer-to-attendance.ts" path="/Users/JoaoGabriel/Documents/Projects/Personal/karsten-konecta/src/data/usecases/attendance/remote-link-customer-to-attendance.ts">
        <metrics statements="4" coveredstatements="0" conditionals="2" coveredconditionals="0" methods="2" coveredmethods="0"/>
        <line num="19" count="0" type="stmt"/>
        <line num="29" count="0" type="cond" truecount="0" falsecount="2"/>
        <line num="31" count="0" type="stmt"/>
        <line num="33" count="0" type="stmt"/>
      </file>
      <file name="remote-link-responsible-to-attendance.ts" path="/Users/JoaoGabriel/Documents/Projects/Personal/karsten-konecta/src/data/usecases/attendance/remote-link-responsible-to-attendance.ts">
        <metrics statements="5" coveredstatements="0" conditionals="8" coveredconditionals="0" methods="2" coveredmethods="0"/>
        <line num="22" count="0" type="stmt"/>
        <line num="37" count="0" type="stmt"/>
        <line num="39" count="0" type="cond" truecount="0" falsecount="2"/>
        <line num="41" count="0" type="stmt"/>
        <line num="43" count="0" type="stmt"/>
      </file>
      <file name="remote-retrieve-attendance.ts" path="/Users/JoaoGabriel/Documents/Projects/Personal/karsten-konecta/src/data/usecases/attendance/remote-retrieve-attendance.ts">
        <metrics statements="4" coveredstatements="0" conditionals="2" coveredconditionals="0" methods="2" coveredmethods="0"/>
        <line num="16" count="0" type="stmt"/>
        <line num="26" count="0" type="cond" truecount="0" falsecount="2"/>
        <line num="28" count="0" type="stmt"/>
        <line num="32" count="0" type="stmt"/>
      </file>
      <file name="remote-update-attendance-delivery-address.ts" path="/Users/JoaoGabriel/Documents/Projects/Personal/karsten-konecta/src/data/usecases/attendance/remote-update-attendance-delivery-address.ts">
        <metrics statements="4" coveredstatements="0" conditionals="2" coveredconditionals="0" methods="2" coveredmethods="0"/>
        <line num="20" count="0" type="stmt"/>
        <line num="31" count="0" type="cond" truecount="0" falsecount="2"/>
        <line num="33" count="0" type="stmt"/>
        <line num="35" count="0" type="stmt"/>
      </file>
      <file name="remote-update-attendance-pickup-address.ts" path="/Users/JoaoGabriel/Documents/Projects/Personal/karsten-konecta/src/data/usecases/attendance/remote-update-attendance-pickup-address.ts">
        <metrics statements="4" coveredstatements="0" conditionals="2" coveredconditionals="0" methods="2" coveredmethods="0"/>
        <line num="19" count="0" type="stmt"/>
        <line num="30" count="0" type="cond" truecount="0" falsecount="2"/>
        <line num="32" count="0" type="stmt"/>
        <line num="34" count="0" type="stmt"/>
      </file>
      <file name="remote-update-product-amount.ts" path="/Users/JoaoGabriel/Documents/Projects/Personal/karsten-konecta/src/data/usecases/attendance/remote-update-product-amount.ts">
        <metrics statements="5" coveredstatements="0" conditionals="2" coveredconditionals="0" methods="2" coveredmethods="0"/>
        <line num="16" count="0" type="stmt"/>
        <line num="26" count="0" type="cond" truecount="0" falsecount="2"/>
        <line num="28" count="0" type="stmt"/>
        <line num="29" count="0" type="stmt"/>
        <line num="34" count="0" type="stmt"/>
      </file>
      <file name="remote-verify-attendance-products.ts" path="/Users/JoaoGabriel/Documents/Projects/Personal/karsten-konecta/src/data/usecases/attendance/remote-verify-attendance-products.ts">
        <metrics statements="8" coveredstatements="0" conditionals="5" coveredconditionals="0" methods="4" coveredmethods="0"/>
        <line num="21" count="0" type="stmt"/>
        <line num="32" count="0" type="cond" truecount="0" falsecount="3"/>
        <line num="34" count="0" type="stmt"/>
        <line num="36" count="0" type="stmt"/>
        <line num="37" count="0" type="stmt"/>
        <line num="44" count="0" type="stmt"/>
        <line num="54" count="0" type="stmt"/>
        <line num="56" count="0" type="stmt"/>
      </file>
    </package>
    <package name="data.usecases.authentication">
      <metrics statements="11" coveredstatements="0" conditionals="7" coveredconditionals="0" methods="4" coveredmethods="0"/>
      <file name="remote-authentication.ts" path="/Users/JoaoGabriel/Documents/Projects/Personal/karsten-konecta/src/data/usecases/authentication/remote-authentication.ts">
        <metrics statements="6" coveredstatements="0" conditionals="5" coveredconditionals="0" methods="2" coveredmethods="0"/>
        <line num="15" count="0" type="stmt"/>
        <line num="21" count="0" type="cond" truecount="0" falsecount="2"/>
        <line num="23" count="0" type="cond" truecount="0" falsecount="3"/>
        <line num="25" count="0" type="stmt"/>
        <line num="29" count="0" type="stmt"/>
        <line num="31" count="0" type="stmt"/>
      </file>
      <file name="remote-get-authentication-token.ts" path="/Users/JoaoGabriel/Documents/Projects/Personal/karsten-konecta/src/data/usecases/authentication/remote-get-authentication-token.ts">
        <metrics statements="5" coveredstatements="0" conditionals="2" coveredconditionals="0" methods="2" coveredmethods="0"/>
        <line num="16" count="0" type="stmt"/>
        <line num="26" count="0" type="cond" truecount="0" falsecount="2"/>
        <line num="28" count="0" type="stmt"/>
        <line num="29" count="0" type="stmt"/>
        <line num="34" count="0" type="stmt"/>
      </file>
    </package>
    <package name="data.usecases.cep">
      <metrics statements="5" coveredstatements="0" conditionals="2" coveredconditionals="0" methods="2" coveredmethods="0"/>
      <file name="remote-get-address-by-cep.ts" path="/Users/JoaoGabriel/Documents/Projects/Personal/karsten-konecta/src/data/usecases/cep/remote-get-address-by-cep.ts">
        <metrics statements="5" coveredstatements="0" conditionals="2" coveredconditionals="0" methods="2" coveredmethods="0"/>
        <line num="14" count="0" type="stmt"/>
        <line num="22" count="0" type="cond" truecount="0" falsecount="2"/>
        <line num="24" count="0" type="stmt"/>
        <line num="26" count="0" type="stmt"/>
        <line num="36" count="0" type="stmt"/>
      </file>
    </package>
    <package name="data.usecases.customer">
      <metrics statements="29" coveredstatements="0" conditionals="42" coveredconditionals="0" methods="14" coveredmethods="0"/>
      <file name="remote-create-customer-address.ts" path="/Users/JoaoGabriel/Documents/Projects/Personal/karsten-konecta/src/data/usecases/customer/remote-create-customer-address.ts">
        <metrics statements="4" coveredstatements="0" conditionals="2" coveredconditionals="0" methods="2" coveredmethods="0"/>
        <line num="15" count="0" type="stmt"/>
        <line num="33" count="0" type="cond" truecount="0" falsecount="2"/>
        <line num="35" count="0" type="stmt"/>
        <line num="37" count="0" type="stmt"/>
      </file>
      <file name="remote-create-customer.ts" path="/Users/JoaoGabriel/Documents/Projects/Personal/karsten-konecta/src/data/usecases/customer/remote-create-customer.ts">
        <metrics statements="4" coveredstatements="0" conditionals="14" coveredconditionals="0" methods="2" coveredmethods="0"/>
        <line num="17" count="0" type="stmt"/>
        <line num="46" count="0" type="cond" truecount="0" falsecount="2"/>
        <line num="48" count="0" type="stmt"/>
        <line num="50" count="0" type="stmt"/>
      </file>
      <file name="remote-edit-customer-address.ts" path="/Users/JoaoGabriel/Documents/Projects/Personal/karsten-konecta/src/data/usecases/customer/remote-edit-customer-address.ts">
        <metrics statements="4" coveredstatements="0" conditionals="2" coveredconditionals="0" methods="2" coveredmethods="0"/>
        <line num="15" count="0" type="stmt"/>
        <line num="34" count="0" type="cond" truecount="0" falsecount="2"/>
        <line num="36" count="0" type="stmt"/>
        <line num="38" count="0" type="stmt"/>
      </file>
      <file name="remote-edit-customer.ts" path="/Users/JoaoGabriel/Documents/Projects/Personal/karsten-konecta/src/data/usecases/customer/remote-edit-customer.ts">
        <metrics statements="4" coveredstatements="0" conditionals="14" coveredconditionals="0" methods="2" coveredmethods="0"/>
        <line num="17" count="0" type="stmt"/>
        <line num="46" count="0" type="cond" truecount="0" falsecount="2"/>
        <line num="48" count="0" type="stmt"/>
        <line num="50" count="0" type="stmt"/>
      </file>
      <file name="remote-get-customer-address-list.ts" path="/Users/JoaoGabriel/Documents/Projects/Personal/karsten-konecta/src/data/usecases/customer/remote-get-customer-address-list.ts">
        <metrics statements="6" coveredstatements="0" conditionals="2" coveredconditionals="0" methods="3" coveredmethods="0"/>
        <line num="15" count="0" type="stmt"/>
        <line num="23" count="0" type="cond" truecount="0" falsecount="2"/>
        <line num="25" count="0" type="stmt"/>
        <line num="27" count="0" type="stmt"/>
        <line num="28" count="0" type="stmt"/>
        <line num="43" count="0" type="stmt"/>
      </file>
      <file name="remote-get-customer.ts" path="/Users/JoaoGabriel/Documents/Projects/Personal/karsten-konecta/src/data/usecases/customer/remote-get-customer.ts">
        <metrics statements="7" coveredstatements="0" conditionals="8" coveredconditionals="0" methods="3" coveredmethods="0"/>
        <line num="17" count="0" type="stmt"/>
        <line num="26" count="0" type="stmt"/>
        <line num="28" count="0" type="cond" truecount="0" falsecount="2"/>
        <line num="32" count="0" type="cond" truecount="0" falsecount="2"/>
        <line num="34" count="0" type="stmt"/>
        <line num="56" count="0" type="stmt"/>
        <line num="72" count="0" type="stmt"/>
      </file>
    </package>
    <package name="data.usecases.order">
      <metrics statements="7" coveredstatements="0" conditionals="4" coveredconditionals="0" methods="3" coveredmethods="0"/>
      <file name="remote-get-order-details.ts" path="/Users/JoaoGabriel/Documents/Projects/Personal/karsten-konecta/src/data/usecases/order/remote-get-order-details.ts">
        <metrics statements="7" coveredstatements="0" conditionals="4" coveredconditionals="0" methods="3" coveredmethods="0"/>
        <line num="16" count="0" type="stmt"/>
        <line num="25" count="0" type="cond" truecount="0" falsecount="2"/>
        <line num="27" count="0" type="stmt"/>
        <line num="28" count="0" type="stmt"/>
        <line num="30" count="0" type="stmt"/>
        <line num="70" count="0" type="stmt"/>
        <line num="80" count="0" type="stmt"/>
      </file>
    </package>
    <package name="data.usecases.product">
      <metrics statements="32" coveredstatements="0" conditionals="10" coveredconditionals="0" methods="19" coveredmethods="0"/>
      <file name="remote-get-product-categories.ts" path="/Users/JoaoGabriel/Documents/Projects/Personal/karsten-konecta/src/data/usecases/product/remote-get-product-categories.ts">
        <metrics statements="6" coveredstatements="0" conditionals="2" coveredconditionals="0" methods="3" coveredmethods="0"/>
        <line num="12" count="0" type="stmt"/>
        <line num="17" count="0" type="cond" truecount="0" falsecount="2"/>
        <line num="19" count="0" type="stmt"/>
        <line num="21" count="0" type="stmt"/>
        <line num="22" count="0" type="stmt"/>
        <line num="29" count="0" type="stmt"/>
      </file>
      <file name="remote-get-product-details.ts" path="/Users/JoaoGabriel/Documents/Projects/Personal/karsten-konecta/src/data/usecases/product/remote-get-product-details.ts">
        <metrics statements="9" coveredstatements="0" conditionals="2" coveredconditionals="0" methods="6" coveredmethods="0"/>
        <line num="16" count="0" type="stmt"/>
        <line num="25" count="0" type="cond" truecount="0" falsecount="2"/>
        <line num="27" count="0" type="stmt"/>
        <line num="29" count="0" type="stmt"/>
        <line num="30" count="0" type="stmt"/>
        <line num="32" count="0" type="stmt"/>
        <line num="43" count="0" type="stmt"/>
        <line num="83" count="0" type="stmt"/>
        <line num="91" count="0" type="stmt"/>
      </file>
      <file name="remote-get-product-grid.ts" path="/Users/JoaoGabriel/Documents/Projects/Personal/karsten-konecta/src/data/usecases/product/remote-get-product-grid.ts">
        <metrics statements="7" coveredstatements="0" conditionals="2" coveredconditionals="0" methods="4" coveredmethods="0"/>
        <line num="16" count="0" type="stmt"/>
        <line num="24" count="0" type="cond" truecount="0" falsecount="2"/>
        <line num="26" count="0" type="stmt"/>
        <line num="28" count="0" type="stmt"/>
        <line num="29" count="0" type="stmt"/>
        <line num="33" count="0" type="stmt"/>
        <line num="41" count="0" type="stmt"/>
      </file>
      <file name="remote-get-product-list.ts" path="/Users/JoaoGabriel/Documents/Projects/Personal/karsten-konecta/src/data/usecases/product/remote-get-product-list.ts">
        <metrics statements="5" coveredstatements="0" conditionals="2" coveredconditionals="0" methods="3" coveredmethods="0"/>
        <line num="21" count="0" type="stmt"/>
        <line num="34" count="0" type="cond" truecount="0" falsecount="2"/>
        <line num="36" count="0" type="stmt"/>
        <line num="38" count="0" type="stmt"/>
        <line num="50" count="0" type="stmt"/>
      </file>
      <file name="remote-get-search-history.ts" path="/Users/JoaoGabriel/Documents/Projects/Personal/karsten-konecta/src/data/usecases/product/remote-get-search-history.ts">
        <metrics statements="5" coveredstatements="0" conditionals="2" coveredconditionals="0" methods="3" coveredmethods="0"/>
        <line num="15" count="0" type="stmt"/>
        <line num="24" count="0" type="cond" truecount="0" falsecount="2"/>
        <line num="26" count="0" type="stmt"/>
        <line num="28" count="0" type="stmt"/>
        <line num="33" count="0" type="stmt"/>
      </file>
    </package>
    <package name="data.usecases.report">
      <metrics statements="12" coveredstatements="0" conditionals="4" coveredconditionals="0" methods="6" coveredmethods="0"/>
      <file name="remote-get-best-sellers-products.ts" path="/Users/JoaoGabriel/Documents/Projects/Personal/karsten-konecta/src/data/usecases/report/remote-get-best-sellers-products.ts">
        <metrics statements="6" coveredstatements="0" conditionals="2" coveredconditionals="0" methods="3" coveredmethods="0"/>
        <line num="17" count="0" type="stmt"/>
        <line num="27" count="0" type="cond" truecount="0" falsecount="2"/>
        <line num="29" count="0" type="stmt"/>
        <line num="31" count="0" type="stmt"/>
        <line num="32" count="0" type="stmt"/>
        <line num="40" count="0" type="stmt"/>
      </file>
      <file name="remote-get-recent-products.ts" path="/Users/JoaoGabriel/Documents/Projects/Personal/karsten-konecta/src/data/usecases/report/remote-get-recent-products.ts">
        <metrics statements="6" coveredstatements="0" conditionals="2" coveredconditionals="0" methods="3" coveredmethods="0"/>
        <line num="16" count="0" type="stmt"/>
        <line num="26" count="0" type="cond" truecount="0" falsecount="2"/>
        <line num="28" count="0" type="stmt"/>
        <line num="30" count="0" type="stmt"/>
        <line num="31" count="0" type="stmt"/>
        <line num="39" count="0" type="stmt"/>
      </file>
    </package>
    <package name="data.usecases.sale-link">
      <metrics statements="13" coveredstatements="0" conditionals="4" coveredconditionals="0" methods="6" coveredmethods="0"/>
      <file name="remote-create-sale-link.ts" path="/Users/JoaoGabriel/Documents/Projects/Personal/karsten-konecta/src/data/usecases/sale-link/remote-create-sale-link.ts">
        <metrics statements="7" coveredstatements="0" conditionals="2" coveredconditionals="0" methods="3" coveredmethods="0"/>
        <line num="20" count="0" type="stmt"/>
        <line num="28" count="0" type="stmt"/>
        <line num="37" count="0" type="stmt"/>
        <line num="39" count="0" type="cond" truecount="0" falsecount="2"/>
        <line num="41" count="0" type="stmt"/>
        <line num="43" count="0" type="stmt"/>
        <line num="47" count="0" type="stmt"/>
      </file>
      <file name="remote-get-sale-link-configuration.ts" path="/Users/JoaoGabriel/Documents/Projects/Personal/karsten-konecta/src/data/usecases/sale-link/remote-get-sale-link-configuration.ts">
        <metrics statements="6" coveredstatements="0" conditionals="2" coveredconditionals="0" methods="3" coveredmethods="0"/>
        <line num="16" count="0" type="stmt"/>
        <line num="24" count="0" type="cond" truecount="0" falsecount="2"/>
        <line num="26" count="0" type="stmt"/>
        <line num="28" count="0" type="stmt"/>
        <line num="29" count="0" type="stmt"/>
        <line num="35" count="0" type="stmt"/>
      </file>
    </package>
    <package name="data.usecases.shipping">
      <metrics statements="11" coveredstatements="0" conditionals="11" coveredconditionals="0" methods="6" coveredmethods="0"/>
      <file name="remote-get-shipping-info.ts" path="/Users/JoaoGabriel/Documents/Projects/Personal/karsten-konecta/src/data/usecases/shipping/remote-get-shipping-info.ts">
        <metrics statements="11" coveredstatements="0" conditionals="11" coveredconditionals="0" methods="6" coveredmethods="0"/>
        <line num="17" count="0" type="stmt"/>
        <line num="27" count="0" type="cond" truecount="0" falsecount="2"/>
        <line num="29" count="0" type="stmt"/>
        <line num="31" count="0" type="stmt"/>
        <line num="33" count="0" type="stmt"/>
        <line num="42" count="0" type="cond" truecount="0" falsecount="2"/>
        <line num="44" count="0" type="cond" truecount="0" falsecount="2"/>
        <line num="47" count="0" type="stmt"/>
        <line num="50" count="0" type="cond" truecount="0" falsecount="2"/>
        <line num="53" count="0" type="stmt"/>
        <line num="59" count="0" type="stmt"/>
      </file>
    </package>
    <package name="data.usecases.stock">
      <metrics statements="6" coveredstatements="0" conditionals="2" coveredconditionals="0" methods="3" coveredmethods="0"/>
      <file name="remote-get-product-stock.ts" path="/Users/JoaoGabriel/Documents/Projects/Personal/karsten-konecta/src/data/usecases/stock/remote-get-product-stock.ts">
        <metrics statements="6" coveredstatements="0" conditionals="2" coveredconditionals="0" methods="3" coveredmethods="0"/>
        <line num="14" count="0" type="stmt"/>
        <line num="22" count="0" type="cond" truecount="0" falsecount="2"/>
        <line num="24" count="0" type="stmt"/>
        <line num="26" count="0" type="stmt"/>
        <line num="27" count="0" type="stmt"/>
        <line num="33" count="0" type="stmt"/>
      </file>
    </package>
    <package name="data.usecases.store">
      <metrics statements="13" coveredstatements="0" conditionals="6" coveredconditionals="0" methods="7" coveredmethods="0"/>
      <file name="remote-get-store-address-list.ts" path="/Users/JoaoGabriel/Documents/Projects/Personal/karsten-konecta/src/data/usecases/store/remote-get-store-address-list.ts">
        <metrics statements="7" coveredstatements="0" conditionals="4" coveredconditionals="0" methods="4" coveredmethods="0"/>
        <line num="12" count="0" type="stmt"/>
        <line num="17" count="0" type="cond" truecount="0" falsecount="2"/>
        <line num="19" count="0" type="stmt"/>
        <line num="21" count="0" type="stmt"/>
        <line num="23" count="0" type="cond" truecount="0" falsecount="2"/>
        <line num="24" count="0" type="stmt"/>
        <line num="37" count="0" type="stmt"/>
      </file>
      <file name="remote-get-store-list.ts" path="/Users/JoaoGabriel/Documents/Projects/Personal/karsten-konecta/src/data/usecases/store/remote-get-store-list.ts">
        <metrics statements="6" coveredstatements="0" conditionals="2" coveredconditionals="0" methods="3" coveredmethods="0"/>
        <line num="17" count="0" type="stmt"/>
        <line num="27" count="0" type="cond" truecount="0" falsecount="2"/>
        <line num="29" count="0" type="stmt"/>
        <line num="31" count="0" type="stmt"/>
        <line num="34" count="0" type="stmt"/>
        <line num="48" count="0" type="stmt"/>
      </file>
    </package>
    <package name="data.usecases.user">
      <metrics statements="23" coveredstatements="0" conditionals="10" coveredconditionals="0" methods="8" coveredmethods="0"/>
      <file name="remote-get-user-data.ts" path="/Users/JoaoGabriel/Documents/Projects/Personal/karsten-konecta/src/data/usecases/user/remote-get-user-data.ts">
        <metrics statements="23" coveredstatements="0" conditionals="10" coveredconditionals="0" methods="8" coveredmethods="0"/>
        <line num="15" count="0" type="stmt"/>
        <line num="20" count="0" type="cond" truecount="0" falsecount="2"/>
        <line num="22" count="0" type="stmt"/>
        <line num="24" count="0" type="stmt"/>
        <line num="31" count="0" type="stmt"/>
        <line num="41" count="0" type="stmt"/>
        <line num="42" count="0" type="stmt"/>
        <line num="44" count="0" type="stmt"/>
        <line num="46" count="0" type="stmt"/>
        <line num="47" count="0" type="cond" truecount="0" falsecount="2"/>
        <line num="51" count="0" type="stmt"/>
        <line num="53" count="0" type="cond" truecount="0" falsecount="2"/>
        <line num="54" count="0" type="stmt"/>
        <line num="56" count="0" type="cond" truecount="0" falsecount="2"/>
        <line num="58" count="0" type="stmt"/>
        <line num="61" count="0" type="stmt"/>
        <line num="69" count="0" type="stmt"/>
        <line num="79" count="0" type="stmt"/>
        <line num="81" count="0" type="stmt"/>
        <line num="85" count="0" type="stmt"/>
        <line num="90" count="0" type="stmt"/>
        <line num="93" count="0" type="stmt"/>
        <line num="101" count="0" type="stmt"/>
      </file>
    </package>
    <package name="domain.errors">
      <metrics statements="4" coveredstatements="0" conditionals="0" coveredconditionals="0" methods="2" coveredmethods="0"/>
      <file name="invalid-credentials-error.ts" path="/Users/JoaoGabriel/Documents/Projects/Personal/karsten-konecta/src/domain/errors/invalid-credentials-error.ts">
        <metrics statements="2" coveredstatements="0" conditionals="0" coveredconditionals="0" methods="1" coveredmethods="0"/>
        <line num="3" count="0" type="stmt"/>
        <line num="4" count="0" type="stmt"/>
      </file>
      <file name="unexpected-error.ts" path="/Users/JoaoGabriel/Documents/Projects/Personal/karsten-konecta/src/domain/errors/unexpected-error.ts">
        <metrics statements="2" coveredstatements="0" conditionals="0" coveredconditionals="0" methods="1" coveredmethods="0"/>
        <line num="3" count="0" type="stmt"/>
        <line num="4" count="0" type="stmt"/>
      </file>
    </package>
    <package name="domain.models">
      <metrics statements="0" coveredstatements="0" conditionals="0" coveredconditionals="0" methods="0" coveredmethods="0"/>
      <file name="account-model.ts" path="/Users/JoaoGabriel/Documents/Projects/Personal/karsten-konecta/src/domain/models/account-model.ts">
        <metrics statements="0" coveredstatements="0" conditionals="0" coveredconditionals="0" methods="0" coveredmethods="0"/>
      </file>
      <file name="address.ts" path="/Users/JoaoGabriel/Documents/Projects/Personal/karsten-konecta/src/domain/models/address.ts">
        <metrics statements="0" coveredstatements="0" conditionals="0" coveredconditionals="0" methods="0" coveredmethods="0"/>
      </file>
      <file name="attendance.ts" path="/Users/JoaoGabriel/Documents/Projects/Personal/karsten-konecta/src/domain/models/attendance.ts">
        <metrics statements="0" coveredstatements="0" conditionals="0" coveredconditionals="0" methods="0" coveredmethods="0"/>
      </file>
      <file name="auth-model.ts" path="/Users/JoaoGabriel/Documents/Projects/Personal/karsten-konecta/src/domain/models/auth-model.ts">
        <metrics statements="0" coveredstatements="0" conditionals="0" coveredconditionals="0" methods="0" coveredmethods="0"/>
      </file>
      <file name="customer-360-model.ts" path="/Users/JoaoGabriel/Documents/Projects/Personal/karsten-konecta/src/domain/models/customer-360-model.ts">
        <metrics statements="0" coveredstatements="0" conditionals="0" coveredconditionals="0" methods="0" coveredmethods="0"/>
      </file>
      <file name="customer.ts" path="/Users/JoaoGabriel/Documents/Projects/Personal/karsten-konecta/src/domain/models/customer.ts">
        <metrics statements="0" coveredstatements="0" conditionals="0" coveredconditionals="0" methods="0" coveredmethods="0"/>
      </file>
      <file name="menu-model.ts" path="/Users/JoaoGabriel/Documents/Projects/Personal/karsten-konecta/src/domain/models/menu-model.ts">
        <metrics statements="0" coveredstatements="0" conditionals="0" coveredconditionals="0" methods="0" coveredmethods="0"/>
      </file>
      <file name="product.ts" path="/Users/JoaoGabriel/Documents/Projects/Personal/karsten-konecta/src/domain/models/product.ts">
        <metrics statements="0" coveredstatements="0" conditionals="0" coveredconditionals="0" methods="0" coveredmethods="0"/>
      </file>
      <file name="shipping.ts" path="/Users/JoaoGabriel/Documents/Projects/Personal/karsten-konecta/src/domain/models/shipping.ts">
        <metrics statements="0" coveredstatements="0" conditionals="0" coveredconditionals="0" methods="0" coveredmethods="0"/>
      </file>
      <file name="stock-model.ts" path="/Users/JoaoGabriel/Documents/Projects/Personal/karsten-konecta/src/domain/models/stock-model.ts">
        <metrics statements="0" coveredstatements="0" conditionals="0" coveredconditionals="0" methods="0" coveredmethods="0"/>
      </file>
      <file name="store-address-model.ts" path="/Users/JoaoGabriel/Documents/Projects/Personal/karsten-konecta/src/domain/models/store-address-model.ts">
        <metrics statements="0" coveredstatements="0" conditionals="0" coveredconditionals="0" methods="0" coveredmethods="0"/>
      </file>
      <file name="store-model.ts" path="/Users/JoaoGabriel/Documents/Projects/Personal/karsten-konecta/src/domain/models/store-model.ts">
        <metrics statements="0" coveredstatements="0" conditionals="0" coveredconditionals="0" methods="0" coveredmethods="0"/>
      </file>
      <file name="user-model.ts" path="/Users/JoaoGabriel/Documents/Projects/Personal/karsten-konecta/src/domain/models/user-model.ts">
        <metrics statements="0" coveredstatements="0" conditionals="0" coveredconditionals="0" methods="0" coveredmethods="0"/>
      </file>
    </package>
    <package name="domain.usecases.action">
      <metrics statements="0" coveredstatements="0" conditionals="0" coveredconditionals="0" methods="0" coveredmethods="0"/>
      <file name="get-action-customer-details.ts" path="/Users/JoaoGabriel/Documents/Projects/Personal/karsten-konecta/src/domain/usecases/action/get-action-customer-details.ts">
        <metrics statements="0" coveredstatements="0" conditionals="0" coveredconditionals="0" methods="0" coveredmethods="0"/>
      </file>
      <file name="get-action-customer-list.ts" path="/Users/JoaoGabriel/Documents/Projects/Personal/karsten-konecta/src/domain/usecases/action/get-action-customer-list.ts">
        <metrics statements="0" coveredstatements="0" conditionals="0" coveredconditionals="0" methods="0" coveredmethods="0"/>
      </file>
    </package>
    <package name="domain.usecases.attendance">
      <metrics statements="0" coveredstatements="0" conditionals="0" coveredconditionals="0" methods="0" coveredmethods="0"/>
      <file name="add-product.ts" path="/Users/JoaoGabriel/Documents/Projects/Personal/karsten-konecta/src/domain/usecases/attendance/add-product.ts">
        <metrics statements="0" coveredstatements="0" conditionals="0" coveredconditionals="0" methods="0" coveredmethods="0"/>
      </file>
      <file name="copy-attendance.ts" path="/Users/JoaoGabriel/Documents/Projects/Personal/karsten-konecta/src/domain/usecases/attendance/copy-attendance.ts">
        <metrics statements="0" coveredstatements="0" conditionals="0" coveredconditionals="0" methods="0" coveredmethods="0"/>
      </file>
      <file name="create-attendance.ts" path="/Users/JoaoGabriel/Documents/Projects/Personal/karsten-konecta/src/domain/usecases/attendance/create-attendance.ts">
        <metrics statements="0" coveredstatements="0" conditionals="0" coveredconditionals="0" methods="0" coveredmethods="0"/>
      </file>
      <file name="delete-attendance.ts" path="/Users/JoaoGabriel/Documents/Projects/Personal/karsten-konecta/src/domain/usecases/attendance/delete-attendance.ts">
        <metrics statements="0" coveredstatements="0" conditionals="0" coveredconditionals="0" methods="0" coveredmethods="0"/>
      </file>
      <file name="delete-product.ts" path="/Users/JoaoGabriel/Documents/Projects/Personal/karsten-konecta/src/domain/usecases/attendance/delete-product.ts">
        <metrics statements="0" coveredstatements="0" conditionals="0" coveredconditionals="0" methods="0" coveredmethods="0"/>
      </file>
      <file name="finish-attendance.ts" path="/Users/JoaoGabriel/Documents/Projects/Personal/karsten-konecta/src/domain/usecases/attendance/finish-attendance.ts">
        <metrics statements="0" coveredstatements="0" conditionals="0" coveredconditionals="0" methods="0" coveredmethods="0"/>
      </file>
      <file name="get-attendance-list.ts" path="/Users/JoaoGabriel/Documents/Projects/Personal/karsten-konecta/src/domain/usecases/attendance/get-attendance-list.ts">
        <metrics statements="0" coveredstatements="0" conditionals="0" coveredconditionals="0" methods="0" coveredmethods="0"/>
      </file>
      <file name="get-attendance.ts" path="/Users/JoaoGabriel/Documents/Projects/Personal/karsten-konecta/src/domain/usecases/attendance/get-attendance.ts">
        <metrics statements="0" coveredstatements="0" conditionals="0" coveredconditionals="0" methods="0" coveredmethods="0"/>
      </file>
      <file name="get-order-list.ts" path="/Users/JoaoGabriel/Documents/Projects/Personal/karsten-konecta/src/domain/usecases/attendance/get-order-list.ts">
        <metrics statements="0" coveredstatements="0" conditionals="0" coveredconditionals="0" methods="0" coveredmethods="0"/>
      </file>
      <file name="link-customer-to-attendance.ts" path="/Users/JoaoGabriel/Documents/Projects/Personal/karsten-konecta/src/domain/usecases/attendance/link-customer-to-attendance.ts">
        <metrics statements="0" coveredstatements="0" conditionals="0" coveredconditionals="0" methods="0" coveredmethods="0"/>
      </file>
      <file name="link-responsible-to-attendance.ts" path="/Users/JoaoGabriel/Documents/Projects/Personal/karsten-konecta/src/domain/usecases/attendance/link-responsible-to-attendance.ts">
        <metrics statements="0" coveredstatements="0" conditionals="0" coveredconditionals="0" methods="0" coveredmethods="0"/>
      </file>
      <file name="retrieve-attendance.ts" path="/Users/JoaoGabriel/Documents/Projects/Personal/karsten-konecta/src/domain/usecases/attendance/retrieve-attendance.ts">
        <metrics statements="0" coveredstatements="0" conditionals="0" coveredconditionals="0" methods="0" coveredmethods="0"/>
      </file>
      <file name="update-attendance-delivery-address.ts" path="/Users/JoaoGabriel/Documents/Projects/Personal/karsten-konecta/src/domain/usecases/attendance/update-attendance-delivery-address.ts">
        <metrics statements="0" coveredstatements="0" conditionals="0" coveredconditionals="0" methods="0" coveredmethods="0"/>
      </file>
      <file name="update-attendance-pickup-address.ts" path="/Users/JoaoGabriel/Documents/Projects/Personal/karsten-konecta/src/domain/usecases/attendance/update-attendance-pickup-address.ts">
        <metrics statements="0" coveredstatements="0" conditionals="0" coveredconditionals="0" methods="0" coveredmethods="0"/>
      </file>
      <file name="update-product-amount.ts" path="/Users/JoaoGabriel/Documents/Projects/Personal/karsten-konecta/src/domain/usecases/attendance/update-product-amount.ts">
        <metrics statements="0" coveredstatements="0" conditionals="0" coveredconditionals="0" methods="0" coveredmethods="0"/>
      </file>
      <file name="verify-attendance-products.ts" path="/Users/JoaoGabriel/Documents/Projects/Personal/karsten-konecta/src/domain/usecases/attendance/verify-attendance-products.ts">
        <metrics statements="0" coveredstatements="0" conditionals="0" coveredconditionals="0" methods="0" coveredmethods="0"/>
      </file>
    </package>
    <package name="domain.usecases.authentication">
      <metrics statements="0" coveredstatements="0" conditionals="0" coveredconditionals="0" methods="0" coveredmethods="0"/>
      <file name="authentication.ts" path="/Users/JoaoGabriel/Documents/Projects/Personal/karsten-konecta/src/domain/usecases/authentication/authentication.ts">
        <metrics statements="0" coveredstatements="0" conditionals="0" coveredconditionals="0" methods="0" coveredmethods="0"/>
      </file>
      <file name="get-authentication-token.ts" path="/Users/JoaoGabriel/Documents/Projects/Personal/karsten-konecta/src/domain/usecases/authentication/get-authentication-token.ts">
        <metrics statements="0" coveredstatements="0" conditionals="0" coveredconditionals="0" methods="0" coveredmethods="0"/>
      </file>
    </package>
    <package name="domain.usecases.cep">
      <metrics statements="0" coveredstatements="0" conditionals="0" coveredconditionals="0" methods="0" coveredmethods="0"/>
      <file name="get-address-by-cep.ts" path="/Users/JoaoGabriel/Documents/Projects/Personal/karsten-konecta/src/domain/usecases/cep/get-address-by-cep.ts">
        <metrics statements="0" coveredstatements="0" conditionals="0" coveredconditionals="0" methods="0" coveredmethods="0"/>
      </file>
    </package>
    <package name="domain.usecases.customer">
      <metrics statements="0" coveredstatements="0" conditionals="0" coveredconditionals="0" methods="0" coveredmethods="0"/>
      <file name="create-customer-address.ts" path="/Users/JoaoGabriel/Documents/Projects/Personal/karsten-konecta/src/domain/usecases/customer/create-customer-address.ts">
        <metrics statements="0" coveredstatements="0" conditionals="0" coveredconditionals="0" methods="0" coveredmethods="0"/>
      </file>
      <file name="create-customer.ts" path="/Users/JoaoGabriel/Documents/Projects/Personal/karsten-konecta/src/domain/usecases/customer/create-customer.ts">
        <metrics statements="0" coveredstatements="0" conditionals="0" coveredconditionals="0" methods="0" coveredmethods="0"/>
      </file>
      <file name="edit-customer-address.ts" path="/Users/JoaoGabriel/Documents/Projects/Personal/karsten-konecta/src/domain/usecases/customer/edit-customer-address.ts">
        <metrics statements="0" coveredstatements="0" conditionals="0" coveredconditionals="0" methods="0" coveredmethods="0"/>
      </file>
      <file name="edit-customer.ts" path="/Users/JoaoGabriel/Documents/Projects/Personal/karsten-konecta/src/domain/usecases/customer/edit-customer.ts">
        <metrics statements="0" coveredstatements="0" conditionals="0" coveredconditionals="0" methods="0" coveredmethods="0"/>
      </file>
      <file name="get-customer-address-list.ts" path="/Users/JoaoGabriel/Documents/Projects/Personal/karsten-konecta/src/domain/usecases/customer/get-customer-address-list.ts">
        <metrics statements="0" coveredstatements="0" conditionals="0" coveredconditionals="0" methods="0" coveredmethods="0"/>
      </file>
      <file name="get-customer.ts" path="/Users/JoaoGabriel/Documents/Projects/Personal/karsten-konecta/src/domain/usecases/customer/get-customer.ts">
        <metrics statements="0" coveredstatements="0" conditionals="0" coveredconditionals="0" methods="0" coveredmethods="0"/>
      </file>
    </package>
    <package name="domain.usecases.order">
      <metrics statements="0" coveredstatements="0" conditionals="0" coveredconditionals="0" methods="0" coveredmethods="0"/>
      <file name="get-order-details.ts" path="/Users/JoaoGabriel/Documents/Projects/Personal/karsten-konecta/src/domain/usecases/order/get-order-details.ts">
        <metrics statements="0" coveredstatements="0" conditionals="0" coveredconditionals="0" methods="0" coveredmethods="0"/>
      </file>
    </package>
    <package name="domain.usecases.product">
      <metrics statements="0" coveredstatements="0" conditionals="0" coveredconditionals="0" methods="0" coveredmethods="0"/>
      <file name="get-product-categories.ts" path="/Users/JoaoGabriel/Documents/Projects/Personal/karsten-konecta/src/domain/usecases/product/get-product-categories.ts">
        <metrics statements="0" coveredstatements="0" conditionals="0" coveredconditionals="0" methods="0" coveredmethods="0"/>
      </file>
      <file name="get-product-details.ts" path="/Users/JoaoGabriel/Documents/Projects/Personal/karsten-konecta/src/domain/usecases/product/get-product-details.ts">
        <metrics statements="0" coveredstatements="0" conditionals="0" coveredconditionals="0" methods="0" coveredmethods="0"/>
      </file>
      <file name="get-product-grid.ts" path="/Users/JoaoGabriel/Documents/Projects/Personal/karsten-konecta/src/domain/usecases/product/get-product-grid.ts">
        <metrics statements="0" coveredstatements="0" conditionals="0" coveredconditionals="0" methods="0" coveredmethods="0"/>
      </file>
      <file name="get-product-list.ts" path="/Users/JoaoGabriel/Documents/Projects/Personal/karsten-konecta/src/domain/usecases/product/get-product-list.ts">
        <metrics statements="0" coveredstatements="0" conditionals="0" coveredconditionals="0" methods="0" coveredmethods="0"/>
      </file>
      <file name="get-search-history.ts" path="/Users/JoaoGabriel/Documents/Projects/Personal/karsten-konecta/src/domain/usecases/product/get-search-history.ts">
        <metrics statements="0" coveredstatements="0" conditionals="0" coveredconditionals="0" methods="0" coveredmethods="0"/>
      </file>
    </package>
    <package name="domain.usecases.report">
      <metrics statements="0" coveredstatements="0" conditionals="0" coveredconditionals="0" methods="0" coveredmethods="0"/>
      <file name="get-best-sellers-products.ts" path="/Users/JoaoGabriel/Documents/Projects/Personal/karsten-konecta/src/domain/usecases/report/get-best-sellers-products.ts">
        <metrics statements="0" coveredstatements="0" conditionals="0" coveredconditionals="0" methods="0" coveredmethods="0"/>
      </file>
      <file name="get-recent-products.ts" path="/Users/JoaoGabriel/Documents/Projects/Personal/karsten-konecta/src/domain/usecases/report/get-recent-products.ts">
        <metrics statements="0" coveredstatements="0" conditionals="0" coveredconditionals="0" methods="0" coveredmethods="0"/>
      </file>
    </package>
    <package name="domain.usecases.sale-link">
      <metrics statements="0" coveredstatements="0" conditionals="0" coveredconditionals="0" methods="0" coveredmethods="0"/>
      <file name="create-sale-link.ts" path="/Users/JoaoGabriel/Documents/Projects/Personal/karsten-konecta/src/domain/usecases/sale-link/create-sale-link.ts">
        <metrics statements="0" coveredstatements="0" conditionals="0" coveredconditionals="0" methods="0" coveredmethods="0"/>
      </file>
      <file name="get-sale-link-configuration.ts" path="/Users/JoaoGabriel/Documents/Projects/Personal/karsten-konecta/src/domain/usecases/sale-link/get-sale-link-configuration.ts">
        <metrics statements="0" coveredstatements="0" conditionals="0" coveredconditionals="0" methods="0" coveredmethods="0"/>
      </file>
    </package>
    <package name="domain.usecases.shipping">
      <metrics statements="0" coveredstatements="0" conditionals="0" coveredconditionals="0" methods="0" coveredmethods="0"/>
      <file name="get-shipping-info.ts" path="/Users/JoaoGabriel/Documents/Projects/Personal/karsten-konecta/src/domain/usecases/shipping/get-shipping-info.ts">
        <metrics statements="0" coveredstatements="0" conditionals="0" coveredconditionals="0" methods="0" coveredmethods="0"/>
      </file>
    </package>
    <package name="domain.usecases.stock">
      <metrics statements="0" coveredstatements="0" conditionals="0" coveredconditionals="0" methods="0" coveredmethods="0"/>
      <file name="get-product-stock.ts" path="/Users/JoaoGabriel/Documents/Projects/Personal/karsten-konecta/src/domain/usecases/stock/get-product-stock.ts">
        <metrics statements="0" coveredstatements="0" conditionals="0" coveredconditionals="0" methods="0" coveredmethods="0"/>
      </file>
    </package>
    <package name="domain.usecases.store">
      <metrics statements="0" coveredstatements="0" conditionals="0" coveredconditionals="0" methods="0" coveredmethods="0"/>
      <file name="get-store-address-list.ts" path="/Users/JoaoGabriel/Documents/Projects/Personal/karsten-konecta/src/domain/usecases/store/get-store-address-list.ts">
        <metrics statements="0" coveredstatements="0" conditionals="0" coveredconditionals="0" methods="0" coveredmethods="0"/>
      </file>
      <file name="get-store-list.ts" path="/Users/JoaoGabriel/Documents/Projects/Personal/karsten-konecta/src/domain/usecases/store/get-store-list.ts">
        <metrics statements="0" coveredstatements="0" conditionals="0" coveredconditionals="0" methods="0" coveredmethods="0"/>
      </file>
    </package>
    <package name="domain.usecases.user">
      <metrics statements="0" coveredstatements="0" conditionals="0" coveredconditionals="0" methods="0" coveredmethods="0"/>
      <file name="get-user-data.ts" path="/Users/JoaoGabriel/Documents/Projects/Personal/karsten-konecta/src/domain/usecases/user/get-user-data.ts">
        <metrics statements="0" coveredstatements="0" conditionals="0" coveredconditionals="0" methods="0" coveredmethods="0"/>
      </file>
    </package>
    <package name="infra.protocols.cache">
      <metrics statements="5" coveredstatements="0" conditionals="2" coveredconditionals="0" methods="2" coveredmethods="0"/>
      <file name="async-storage-adapter.ts" path="/Users/JoaoGabriel/Documents/Projects/Personal/karsten-konecta/src/infra/protocols/cache/async-storage-adapter.ts">
        <metrics statements="4" coveredstatements="0" conditionals="2" coveredconditionals="0" methods="2" coveredmethods="0"/>
        <line num="7" count="0" type="stmt"/>
        <line num="11" count="0" type="cond" truecount="0" falsecount="2"/>
        <line num="12" count="0" type="stmt"/>
        <line num="14" count="0" type="stmt"/>
      </file>
      <file name="query-client.ts" path="/Users/JoaoGabriel/Documents/Projects/Personal/karsten-konecta/src/infra/protocols/cache/query-client.ts">
        <metrics statements="1" coveredstatements="0" conditionals="0" coveredconditionals="0" methods="0" coveredmethods="0"/>
        <line num="3" count="0" type="stmt"/>
      </file>
    </package>
    <package name="infra.protocols.http">
      <metrics statements="12" coveredstatements="0" conditionals="2" coveredconditionals="0" methods="4" coveredmethods="0"/>
      <file name="axios-http-client.ts" path="/Users/JoaoGabriel/Documents/Projects/Personal/karsten-konecta/src/infra/protocols/http/axios-http-client.ts">
        <metrics statements="12" coveredstatements="0" conditionals="2" coveredconditionals="0" methods="4" coveredmethods="0"/>
        <line num="12" count="0" type="stmt"/>
        <line num="13" count="0" type="stmt"/>
        <line num="21" count="0" type="stmt"/>
        <line num="24" count="0" type="stmt"/>
        <line num="31" count="0" type="stmt"/>
        <line num="38" count="0" type="stmt"/>
        <line num="40" count="0" type="stmt"/>
        <line num="41" count="0" type="stmt"/>
        <line num="43" count="0" type="stmt"/>
        <line num="45" count="0" type="cond" truecount="0" falsecount="2"/>
        <line num="46" count="0" type="stmt"/>
        <line num="50" count="0" type="stmt"/>
      </file>
    </package>
    <package name="main.adapters">
      <metrics statements="8" coveredstatements="0" conditionals="0" coveredconditionals="0" methods="4" coveredmethods="0"/>
      <file name="current-account-id-adapter.ts" path="/Users/JoaoGabriel/Documents/Projects/Personal/karsten-konecta/src/main/adapters/current-account-id-adapter.ts">
        <metrics statements="4" coveredstatements="0" conditionals="0" coveredconditionals="0" methods="2" coveredmethods="0"/>
        <line num="3" count="0" type="stmt"/>
        <line num="4" count="0" type="stmt"/>
        <line num="7" count="0" type="stmt"/>
        <line num="8" count="0" type="stmt"/>
      </file>
      <file name="last-logged-in-account-adapter.ts" path="/Users/JoaoGabriel/Documents/Projects/Personal/karsten-konecta/src/main/adapters/last-logged-in-account-adapter.ts">
        <metrics statements="4" coveredstatements="0" conditionals="0" coveredconditionals="0" methods="2" coveredmethods="0"/>
        <line num="6" count="0" type="stmt"/>
        <line num="9" count="0" type="stmt"/>
        <line num="13" count="0" type="stmt"/>
        <line num="14" count="0" type="stmt"/>
      </file>
    </package>
    <package name="main.decorators">
      <metrics statements="25" coveredstatements="0" conditionals="13" coveredconditionals="0" methods="4" coveredmethods="0"/>
      <file name="authorize-http-client-decorator.ts" path="/Users/JoaoGabriel/Documents/Projects/Personal/karsten-konecta/src/main/decorators/authorize-http-client-decorator.ts">
        <metrics statements="25" coveredstatements="0" conditionals="13" coveredconditionals="0" methods="4" coveredmethods="0"/>
        <line num="19" count="0" type="stmt"/>
        <line num="20" count="0" type="stmt"/>
        <line num="22" count="0" type="cond" truecount="0" falsecount="4"/>
        <line num="23" count="0" type="stmt"/>
        <line num="24" count="0" type="stmt"/>
        <line num="27" count="0" type="stmt"/>
        <line num="31" count="0" type="cond" truecount="0" falsecount="2"/>
        <line num="32" count="0" type="stmt"/>
        <line num="37" count="0" type="cond" truecount="0" falsecount="2"/>
        <line num="38" count="0" type="stmt"/>
        <line num="43" count="0" type="stmt"/>
        <line num="44" count="0" type="stmt"/>
        <line num="48" count="0" type="stmt"/>
        <line num="50" count="0" type="cond" truecount="0" falsecount="2"/>
        <line num="55" count="0" type="stmt"/>
        <line num="56" count="0" type="stmt"/>
        <line num="58" count="0" type="stmt"/>
        <line num="60" count="0" type="stmt"/>
        <line num="64" count="0" type="stmt"/>
        <line num="66" count="0" type="stmt"/>
        <line num="68" count="0" type="stmt"/>
        <line num="69" count="0" type="stmt"/>
        <line num="70" count="0" type="stmt"/>
        <line num="72" count="0" type="stmt"/>
        <line num="73" count="0" type="stmt"/>
      </file>
    </package>
    <package name="main.factories.cache">
      <metrics statements="2" coveredstatements="0" conditionals="0" coveredconditionals="0" methods="1" coveredmethods="0"/>
      <file name="local-storage-adapter-factory.ts" path="/Users/JoaoGabriel/Documents/Projects/Personal/karsten-konecta/src/main/factories/cache/local-storage-adapter-factory.ts">
        <metrics statements="2" coveredstatements="0" conditionals="0" coveredconditionals="0" methods="1" coveredmethods="0"/>
        <line num="3" count="0" type="stmt"/>
        <line num="4" count="0" type="stmt"/>
      </file>
    </package>
    <package name="main.factories.decorators">
      <metrics statements="3" coveredstatements="0" conditionals="0" coveredconditionals="0" methods="1" coveredmethods="0"/>
      <file name="authorize-http-client-decorator-factory.ts" path="/Users/JoaoGabriel/Documents/Projects/Personal/karsten-konecta/src/main/factories/decorators/authorize-http-client-decorator-factory.ts">
        <metrics statements="3" coveredstatements="0" conditionals="0" coveredconditionals="0" methods="1" coveredmethods="0"/>
        <line num="8" count="0" type="stmt"/>
        <line num="9" count="0" type="stmt"/>
        <line num="11" count="0" type="stmt"/>
      </file>
    </package>
    <package name="main.factories.http">
      <metrics statements="5" coveredstatements="0" conditionals="0" coveredconditionals="0" methods="2" coveredmethods="0"/>
      <file name="axios-http-client-factory.ts" path="/Users/JoaoGabriel/Documents/Projects/Personal/karsten-konecta/src/main/factories/http/axios-http-client-factory.ts">
        <metrics statements="1" coveredstatements="0" conditionals="0" coveredconditionals="0" methods="1" coveredmethods="0"/>
        <line num="3" count="0" type="stmt"/>
      </file>
      <file name="make-api-url.ts" path="/Users/JoaoGabriel/Documents/Projects/Personal/karsten-konecta/src/main/factories/http/make-api-url.ts">
        <metrics statements="4" coveredstatements="0" conditionals="0" coveredconditionals="0" methods="1" coveredmethods="0"/>
        <line num="1" count="0" type="stmt"/>
        <line num="3" count="0" type="stmt"/>
        <line num="20" count="0" type="stmt"/>
        <line num="23" count="0" type="stmt"/>
      </file>
    </package>
    <package name="main.usecases.action">
      <metrics statements="4" coveredstatements="0" conditionals="0" coveredconditionals="0" methods="2" coveredmethods="0"/>
      <file name="remote-get-action-customer-details-factory.ts" path="/Users/JoaoGabriel/Documents/Projects/Personal/karsten-konecta/src/main/usecases/action/remote-get-action-customer-details-factory.ts">
        <metrics statements="2" coveredstatements="0" conditionals="0" coveredconditionals="0" methods="1" coveredmethods="0"/>
        <line num="6" count="0" type="stmt"/>
        <line num="7" count="0" type="stmt"/>
      </file>
      <file name="remote-get-action-customer-list-factory.ts" path="/Users/JoaoGabriel/Documents/Projects/Personal/karsten-konecta/src/main/usecases/action/remote-get-action-customer-list-factory.ts">
        <metrics statements="2" coveredstatements="0" conditionals="0" coveredconditionals="0" methods="1" coveredmethods="0"/>
        <line num="6" count="0" type="stmt"/>
        <line num="7" count="0" type="stmt"/>
      </file>
    </package>
    <package name="main.usecases.attendance">
      <metrics statements="30" coveredstatements="0" conditionals="0" coveredconditionals="0" methods="15" coveredmethods="0"/>
      <file name="remote-add-product.ts" path="/Users/JoaoGabriel/Documents/Projects/Personal/karsten-konecta/src/main/usecases/attendance/remote-add-product.ts">
        <metrics statements="2" coveredstatements="0" conditionals="0" coveredconditionals="0" methods="1" coveredmethods="0"/>
        <line num="6" count="0" type="stmt"/>
        <line num="7" count="0" type="stmt"/>
      </file>
      <file name="remote-create-attendance-factory.ts" path="/Users/JoaoGabriel/Documents/Projects/Personal/karsten-konecta/src/main/usecases/attendance/remote-create-attendance-factory.ts">
        <metrics statements="2" coveredstatements="0" conditionals="0" coveredconditionals="0" methods="1" coveredmethods="0"/>
        <line num="6" count="0" type="stmt"/>
        <line num="7" count="0" type="stmt"/>
      </file>
      <file name="remote-delete-attendance-factory.ts" path="/Users/JoaoGabriel/Documents/Projects/Personal/karsten-konecta/src/main/usecases/attendance/remote-delete-attendance-factory.ts">
        <metrics statements="2" coveredstatements="0" conditionals="0" coveredconditionals="0" methods="1" coveredmethods="0"/>
        <line num="6" count="0" type="stmt"/>
        <line num="7" count="0" type="stmt"/>
      </file>
      <file name="remote-delete-product-factory.ts.ts" path="/Users/JoaoGabriel/Documents/Projects/Personal/karsten-konecta/src/main/usecases/attendance/remote-delete-product-factory.ts.ts">
        <metrics statements="2" coveredstatements="0" conditionals="0" coveredconditionals="0" methods="1" coveredmethods="0"/>
        <line num="6" count="0" type="stmt"/>
        <line num="7" count="0" type="stmt"/>
      </file>
      <file name="remote-finish-attendance-factory.ts" path="/Users/JoaoGabriel/Documents/Projects/Personal/karsten-konecta/src/main/usecases/attendance/remote-finish-attendance-factory.ts">
        <metrics statements="2" coveredstatements="0" conditionals="0" coveredconditionals="0" methods="1" coveredmethods="0"/>
        <line num="6" count="0" type="stmt"/>
        <line num="7" count="0" type="stmt"/>
      </file>
      <file name="remote-get-attendance-factory.ts" path="/Users/JoaoGabriel/Documents/Projects/Personal/karsten-konecta/src/main/usecases/attendance/remote-get-attendance-factory.ts">
        <metrics statements="2" coveredstatements="0" conditionals="0" coveredconditionals="0" methods="1" coveredmethods="0"/>
        <line num="6" count="0" type="stmt"/>
        <line num="7" count="0" type="stmt"/>
      </file>
      <file name="remote-get-attendance-list.ts" path="/Users/JoaoGabriel/Documents/Projects/Personal/karsten-konecta/src/main/usecases/attendance/remote-get-attendance-list.ts">
        <metrics statements="2" coveredstatements="0" conditionals="0" coveredconditionals="0" methods="1" coveredmethods="0"/>
        <line num="6" count="0" type="stmt"/>
        <line num="7" count="0" type="stmt"/>
      </file>
      <file name="remote-get-order-list-factory.ts" path="/Users/JoaoGabriel/Documents/Projects/Personal/karsten-konecta/src/main/usecases/attendance/remote-get-order-list-factory.ts">
        <metrics statements="2" coveredstatements="0" conditionals="0" coveredconditionals="0" methods="1" coveredmethods="0"/>
        <line num="6" count="0" type="stmt"/>
        <line num="7" count="0" type="stmt"/>
      </file>
      <file name="remote-link-customer-to-attendance.ts" path="/Users/JoaoGabriel/Documents/Projects/Personal/karsten-konecta/src/main/usecases/attendance/remote-link-customer-to-attendance.ts">
        <metrics statements="2" coveredstatements="0" conditionals="0" coveredconditionals="0" methods="1" coveredmethods="0"/>
        <line num="7" count="0" type="stmt"/>
        <line num="8" count="0" type="stmt"/>
      </file>
      <file name="remote-link-responsible-to-attendance-factory.ts" path="/Users/JoaoGabriel/Documents/Projects/Personal/karsten-konecta/src/main/usecases/attendance/remote-link-responsible-to-attendance-factory.ts">
        <metrics statements="2" coveredstatements="0" conditionals="0" coveredconditionals="0" methods="1" coveredmethods="0"/>
        <line num="7" count="0" type="stmt"/>
        <line num="8" count="0" type="stmt"/>
      </file>
      <file name="remote-retrieve-attendance-factory.ts" path="/Users/JoaoGabriel/Documents/Projects/Personal/karsten-konecta/src/main/usecases/attendance/remote-retrieve-attendance-factory.ts">
        <metrics statements="2" coveredstatements="0" conditionals="0" coveredconditionals="0" methods="1" coveredmethods="0"/>
        <line num="6" count="0" type="stmt"/>
        <line num="7" count="0" type="stmt"/>
      </file>
      <file name="remote-update-attendance-delivery-address-factory.ts" path="/Users/JoaoGabriel/Documents/Projects/Personal/karsten-konecta/src/main/usecases/attendance/remote-update-attendance-delivery-address-factory.ts">
        <metrics statements="2" coveredstatements="0" conditionals="0" coveredconditionals="0" methods="1" coveredmethods="0"/>
        <line num="7" count="0" type="stmt"/>
        <line num="8" count="0" type="stmt"/>
      </file>
      <file name="remote-update-attendance-pickup-address-factory.ts" path="/Users/JoaoGabriel/Documents/Projects/Personal/karsten-konecta/src/main/usecases/attendance/remote-update-attendance-pickup-address-factory.ts">
        <metrics statements="2" coveredstatements="0" conditionals="0" coveredconditionals="0" methods="1" coveredmethods="0"/>
        <line num="7" count="0" type="stmt"/>
        <line num="8" count="0" type="stmt"/>
      </file>
      <file name="remote-update-product-amount-factory.ts" path="/Users/JoaoGabriel/Documents/Projects/Personal/karsten-konecta/src/main/usecases/attendance/remote-update-product-amount-factory.ts">
        <metrics statements="2" coveredstatements="0" conditionals="0" coveredconditionals="0" methods="1" coveredmethods="0"/>
        <line num="6" count="0" type="stmt"/>
        <line num="7" count="0" type="stmt"/>
      </file>
      <file name="remote-verify-attendance-products-factory.ts" path="/Users/JoaoGabriel/Documents/Projects/Personal/karsten-konecta/src/main/usecases/attendance/remote-verify-attendance-products-factory.ts">
        <metrics statements="2" coveredstatements="0" conditionals="0" coveredconditionals="0" methods="1" coveredmethods="0"/>
        <line num="7" count="0" type="stmt"/>
        <line num="8" count="0" type="stmt"/>
      </file>
    </package>
    <package name="main.usecases.authentication">
      <metrics statements="2" coveredstatements="0" conditionals="0" coveredconditionals="0" methods="1" coveredmethods="0"/>
      <file name="remote-authentication-factory.ts" path="/Users/JoaoGabriel/Documents/Projects/Personal/karsten-konecta/src/main/usecases/authentication/remote-authentication-factory.ts">
        <metrics statements="2" coveredstatements="0" conditionals="0" coveredconditionals="0" methods="1" coveredmethods="0"/>
        <line num="6" count="0" type="stmt"/>
        <line num="7" count="0" type="stmt"/>
      </file>
    </package>
    <package name="main.usecases.cep">
      <metrics statements="2" coveredstatements="0" conditionals="0" coveredconditionals="0" methods="1" coveredmethods="0"/>
      <file name="remote-get-address-by-cep.ts" path="/Users/JoaoGabriel/Documents/Projects/Personal/karsten-konecta/src/main/usecases/cep/remote-get-address-by-cep.ts">
        <metrics statements="2" coveredstatements="0" conditionals="0" coveredconditionals="0" methods="1" coveredmethods="0"/>
        <line num="6" count="0" type="stmt"/>
        <line num="7" count="0" type="stmt"/>
      </file>
    </package>
    <package name="main.usecases.customer">
      <metrics statements="14" coveredstatements="0" conditionals="0" coveredconditionals="0" methods="7" coveredmethods="0"/>
      <file name="remote-create-customer-address-factory.ts" path="/Users/JoaoGabriel/Documents/Projects/Personal/karsten-konecta/src/main/usecases/customer/remote-create-customer-address-factory.ts">
        <metrics statements="2" coveredstatements="0" conditionals="0" coveredconditionals="0" methods="1" coveredmethods="0"/>
        <line num="6" count="0" type="stmt"/>
        <line num="7" count="0" type="stmt"/>
      </file>
      <file name="remote-create-customer-factory.ts" path="/Users/JoaoGabriel/Documents/Projects/Personal/karsten-konecta/src/main/usecases/customer/remote-create-customer-factory.ts">
        <metrics statements="2" coveredstatements="0" conditionals="0" coveredconditionals="0" methods="1" coveredmethods="0"/>
        <line num="6" count="0" type="stmt"/>
        <line num="7" count="0" type="stmt"/>
      </file>
      <file name="remote-edit-customer-address-factory.ts" path="/Users/JoaoGabriel/Documents/Projects/Personal/karsten-konecta/src/main/usecases/customer/remote-edit-customer-address-factory.ts">
        <metrics statements="2" coveredstatements="0" conditionals="0" coveredconditionals="0" methods="1" coveredmethods="0"/>
        <line num="6" count="0" type="stmt"/>
        <line num="7" count="0" type="stmt"/>
      </file>
      <file name="remote-edit-customer-factory.ts" path="/Users/JoaoGabriel/Documents/Projects/Personal/karsten-konecta/src/main/usecases/customer/remote-edit-customer-factory.ts">
        <metrics statements="2" coveredstatements="0" conditionals="0" coveredconditionals="0" methods="1" coveredmethods="0"/>
        <line num="6" count="0" type="stmt"/>
        <line num="7" count="0" type="stmt"/>
      </file>
      <file name="remote-get-customer-address-list-factory.ts" path="/Users/JoaoGabriel/Documents/Projects/Personal/karsten-konecta/src/main/usecases/customer/remote-get-customer-address-list-factory.ts">
        <metrics statements="2" coveredstatements="0" conditionals="0" coveredconditionals="0" methods="1" coveredmethods="0"/>
        <line num="6" count="0" type="stmt"/>
        <line num="7" count="0" type="stmt"/>
      </file>
      <file name="remote-get-customer-factory.ts" path="/Users/JoaoGabriel/Documents/Projects/Personal/karsten-konecta/src/main/usecases/customer/remote-get-customer-factory.ts">
        <metrics statements="2" coveredstatements="0" conditionals="0" coveredconditionals="0" methods="1" coveredmethods="0"/>
        <line num="6" count="0" type="stmt"/>
        <line num="7" count="0" type="stmt"/>
      </file>
      <file name="remote-get-search-history-factory.ts" path="/Users/JoaoGabriel/Documents/Projects/Personal/karsten-konecta/src/main/usecases/customer/remote-get-search-history-factory.ts">
        <metrics statements="2" coveredstatements="0" conditionals="0" coveredconditionals="0" methods="1" coveredmethods="0"/>
        <line num="6" count="0" type="stmt"/>
        <line num="7" count="0" type="stmt"/>
      </file>
    </package>
    <package name="main.usecases.order">
      <metrics statements="2" coveredstatements="0" conditionals="0" coveredconditionals="0" methods="1" coveredmethods="0"/>
      <file name="remote-get-order-details-factory.ts" path="/Users/JoaoGabriel/Documents/Projects/Personal/karsten-konecta/src/main/usecases/order/remote-get-order-details-factory.ts">
        <metrics statements="2" coveredstatements="0" conditionals="0" coveredconditionals="0" methods="1" coveredmethods="0"/>
        <line num="6" count="0" type="stmt"/>
        <line num="7" count="0" type="stmt"/>
      </file>
    </package>
    <package name="main.usecases.product">
      <metrics statements="8" coveredstatements="0" conditionals="0" coveredconditionals="0" methods="4" coveredmethods="0"/>
      <file name="remote-get-product-categories-factory.ts" path="/Users/JoaoGabriel/Documents/Projects/Personal/karsten-konecta/src/main/usecases/product/remote-get-product-categories-factory.ts">
        <metrics statements="2" coveredstatements="0" conditionals="0" coveredconditionals="0" methods="1" coveredmethods="0"/>
        <line num="6" count="0" type="stmt"/>
        <line num="7" count="0" type="stmt"/>
      </file>
      <file name="remote-get-product-details.ts" path="/Users/JoaoGabriel/Documents/Projects/Personal/karsten-konecta/src/main/usecases/product/remote-get-product-details.ts">
        <metrics statements="2" coveredstatements="0" conditionals="0" coveredconditionals="0" methods="1" coveredmethods="0"/>
        <line num="6" count="0" type="stmt"/>
        <line num="7" count="0" type="stmt"/>
      </file>
      <file name="remote-get-product-grid.ts" path="/Users/JoaoGabriel/Documents/Projects/Personal/karsten-konecta/src/main/usecases/product/remote-get-product-grid.ts">
        <metrics statements="2" coveredstatements="0" conditionals="0" coveredconditionals="0" methods="1" coveredmethods="0"/>
        <line num="6" count="0" type="stmt"/>
        <line num="7" count="0" type="stmt"/>
      </file>
      <file name="remote-get-product-list-factory.ts" path="/Users/JoaoGabriel/Documents/Projects/Personal/karsten-konecta/src/main/usecases/product/remote-get-product-list-factory.ts">
        <metrics statements="2" coveredstatements="0" conditionals="0" coveredconditionals="0" methods="1" coveredmethods="0"/>
        <line num="6" count="0" type="stmt"/>
        <line num="7" count="0" type="stmt"/>
      </file>
    </package>
    <package name="main.usecases.report">
      <metrics statements="4" coveredstatements="0" conditionals="0" coveredconditionals="0" methods="2" coveredmethods="0"/>
      <file name="remote-get-best-sellers-products-factory.ts" path="/Users/JoaoGabriel/Documents/Projects/Personal/karsten-konecta/src/main/usecases/report/remote-get-best-sellers-products-factory.ts">
        <metrics statements="2" coveredstatements="0" conditionals="0" coveredconditionals="0" methods="1" coveredmethods="0"/>
        <line num="6" count="0" type="stmt"/>
        <line num="7" count="0" type="stmt"/>
      </file>
      <file name="remote-get-recent-products-factory.ts" path="/Users/JoaoGabriel/Documents/Projects/Personal/karsten-konecta/src/main/usecases/report/remote-get-recent-products-factory.ts">
        <metrics statements="2" coveredstatements="0" conditionals="0" coveredconditionals="0" methods="1" coveredmethods="0"/>
        <line num="6" count="0" type="stmt"/>
        <line num="7" count="0" type="stmt"/>
      </file>
    </package>
    <package name="main.usecases.sale-link">
      <metrics statements="4" coveredstatements="0" conditionals="0" coveredconditionals="0" methods="2" coveredmethods="0"/>
      <file name="remote-create-sale-link-factory.ts" path="/Users/JoaoGabriel/Documents/Projects/Personal/karsten-konecta/src/main/usecases/sale-link/remote-create-sale-link-factory.ts">
        <metrics statements="2" coveredstatements="0" conditionals="0" coveredconditionals="0" methods="1" coveredmethods="0"/>
        <line num="6" count="0" type="stmt"/>
        <line num="7" count="0" type="stmt"/>
      </file>
      <file name="remote-get-sale-link-configuration-factory.ts" path="/Users/JoaoGabriel/Documents/Projects/Personal/karsten-konecta/src/main/usecases/sale-link/remote-get-sale-link-configuration-factory.ts">
        <metrics statements="2" coveredstatements="0" conditionals="0" coveredconditionals="0" methods="1" coveredmethods="0"/>
        <line num="7" count="0" type="stmt"/>
        <line num="8" count="0" type="stmt"/>
      </file>
    </package>
    <package name="main.usecases.shipping">
      <metrics statements="2" coveredstatements="0" conditionals="0" coveredconditionals="0" methods="1" coveredmethods="0"/>
      <file name="remote-get-shipping-info.ts" path="/Users/JoaoGabriel/Documents/Projects/Personal/karsten-konecta/src/main/usecases/shipping/remote-get-shipping-info.ts">
        <metrics statements="2" coveredstatements="0" conditionals="0" coveredconditionals="0" methods="1" coveredmethods="0"/>
        <line num="6" count="0" type="stmt"/>
        <line num="7" count="0" type="stmt"/>
      </file>
    </package>
    <package name="main.usecases.stock">
      <metrics statements="2" coveredstatements="0" conditionals="0" coveredconditionals="0" methods="1" coveredmethods="0"/>
      <file name="remote-get-product-stock-factory.ts" path="/Users/JoaoGabriel/Documents/Projects/Personal/karsten-konecta/src/main/usecases/stock/remote-get-product-stock-factory.ts">
        <metrics statements="2" coveredstatements="0" conditionals="0" coveredconditionals="0" methods="1" coveredmethods="0"/>
        <line num="6" count="0" type="stmt"/>
        <line num="7" count="0" type="stmt"/>
      </file>
    </package>
    <package name="main.usecases.store">
      <metrics statements="4" coveredstatements="0" conditionals="0" coveredconditionals="0" methods="2" coveredmethods="0"/>
      <file name="remote-get-store-address-list-factory.ts" path="/Users/JoaoGabriel/Documents/Projects/Personal/karsten-konecta/src/main/usecases/store/remote-get-store-address-list-factory.ts">
        <metrics statements="2" coveredstatements="0" conditionals="0" coveredconditionals="0" methods="1" coveredmethods="0"/>
        <line num="6" count="0" type="stmt"/>
        <line num="7" count="0" type="stmt"/>
      </file>
      <file name="remote-get-store-list.ts" path="/Users/JoaoGabriel/Documents/Projects/Personal/karsten-konecta/src/main/usecases/store/remote-get-store-list.ts">
        <metrics statements="2" coveredstatements="0" conditionals="0" coveredconditionals="0" methods="1" coveredmethods="0"/>
        <line num="6" count="0" type="stmt"/>
        <line num="7" count="0" type="stmt"/>
      </file>
    </package>
    <package name="main.usecases.user">
      <metrics statements="2" coveredstatements="0" conditionals="0" coveredconditionals="0" methods="1" coveredmethods="0"/>
      <file name="remote-get-user-data-factory.ts" path="/Users/JoaoGabriel/Documents/Projects/Personal/karsten-konecta/src/main/usecases/user/remote-get-user-data-factory.ts">
        <metrics statements="2" coveredstatements="0" conditionals="0" coveredconditionals="0" methods="1" coveredmethods="0"/>
        <line num="6" count="0" type="stmt"/>
        <line num="7" count="0" type="stmt"/>
      </file>
    </package>
    <package name="presentation.components">
      <metrics statements="0" coveredstatements="0" conditionals="0" coveredconditionals="0" methods="0" coveredmethods="0"/>
      <file name="index.ts" path="/Users/JoaoGabriel/Documents/Projects/Personal/karsten-konecta/src/presentation/components/index.ts">
        <metrics statements="0" coveredstatements="0" conditionals="0" coveredconditionals="0" methods="0" coveredmethods="0"/>
      </file>
    </package>
    <package name="presentation.components.address">
      <metrics statements="20" coveredstatements="19" conditionals="8" coveredconditionals="4" methods="16" coveredmethods="14"/>
      <file name="styles.ts" path="/Users/JoaoGabriel/Documents/Projects/Personal/karsten-konecta/src/presentation/components/address/styles.ts">
        <metrics statements="20" coveredstatements="19" conditionals="8" coveredconditionals="4" methods="16" coveredmethods="14"/>
        <line num="6" count="1" type="stmt"/>
        <line num="7" count="8" type="stmt"/>
        <line num="9" count="8" type="stmt"/>
        <line num="13" count="8" type="cond" truecount="1" falsecount="1"/>
        <line num="16" count="1" type="stmt"/>
        <line num="18" count="8" type="cond" truecount="1" falsecount="1"/>
[...]
        <line num="7" count="0" type="stmt"/>
        <line num="10" count="0" type="stmt"/>
        <line num="13" count="0" type="stmt"/>
        <line num="14" count="0" type="stmt"/>
        <line num="17" count="0" type="stmt"/>
        <line num="21" count="0" type="stmt"/>
        <line num="24" count="0" type="stmt"/>
        <line num="26" count="0" type="stmt"/>
        <line num="28" count="0" type="stmt"/>
        <line num="29" count="0" type="stmt"/>
        <line num="31" count="0" type="stmt"/>
        <line num="34" count="0" type="stmt"/>
        <line num="35" count="0" type="stmt"/>
        <line num="37" count="0" type="stmt"/>
        <line num="40" count="0" type="stmt"/>
        <line num="41" count="0" type="stmt"/>
        <line num="44" count="0" type="stmt"/>
        <line num="45" count="0" type="stmt"/>
      </file>
    </package>
    <package name="presentation.screens.sales">
      <metrics statements="8" coveredstatements="0" conditionals="0" coveredconditionals="0" methods="6" coveredmethods="0"/>
      <file name="styles.ts" path="/Users/JoaoGabriel/Documents/Projects/Personal/karsten-konecta/src/presentation/screens/sales/styles.ts">
        <metrics statements="8" coveredstatements="0" conditionals="0" coveredconditionals="0" methods="6" coveredmethods="0"/>
        <line num="4" count="0" type="stmt"/>
        <line num="7" count="0" type="stmt"/>
        <line num="9" count="0" type="stmt"/>
        <line num="14" count="0" type="stmt"/>
        <line num="15" count="0" type="stmt"/>
        <line num="16" count="0" type="stmt"/>
        <line num="19" count="0" type="stmt"/>
        <line num="22" count="0" type="stmt"/>
      </file>
    </package>
    <package name="presentation.screens.store-select">
      <metrics statements="8" coveredstatements="0" conditionals="0" coveredconditionals="0" methods="6" coveredmethods="0"/>
      <file name="styles.ts" path="/Users/JoaoGabriel/Documents/Projects/Personal/karsten-konecta/src/presentation/screens/store-select/styles.ts">
        <metrics statements="8" coveredstatements="0" conditionals="0" coveredconditionals="0" methods="6" coveredmethods="0"/>
        <line num="3" count="0" type="stmt"/>
        <line num="6" count="0" type="stmt"/>
        <line num="8" count="0" type="stmt"/>
        <line num="11" count="0" type="stmt"/>
        <line num="13" count="0" type="stmt"/>
        <line num="15" count="0" type="stmt"/>
        <line num="16" count="0" type="stmt"/>
        <line num="18" count="0" type="stmt"/>
      </file>
    </package>
    <package name="presentation.store">
      <metrics statements="90" coveredstatements="0" conditionals="28" coveredconditionals="0" methods="59" coveredmethods="0"/>
      <file name="attendance-list-filters.ts" path="/Users/JoaoGabriel/Documents/Projects/Personal/karsten-konecta/src/presentation/store/attendance-list-filters.ts">
        <metrics statements="13" coveredstatements="0" conditionals="4" coveredconditionals="0" methods="7" coveredmethods="0"/>
        <line num="18" count="0" type="stmt"/>
        <line num="19" count="0" type="stmt"/>
        <line num="22" count="0" type="stmt"/>
        <line num="23" count="0" type="cond" truecount="0" falsecount="2"/>
        <line num="24" count="0" type="stmt"/>
        <line num="29" count="0" type="stmt"/>
        <line num="32" count="0" type="stmt"/>
        <line num="35" count="0" type="stmt"/>
        <line num="36" count="0" type="stmt"/>
        <line num="38" count="0" type="stmt"/>
        <line num="40" count="0" type="stmt"/>
        <line num="42" count="0" type="cond" truecount="0" falsecount="2"/>
        <line num="44" count="0" type="stmt"/>
      </file>
      <file name="attendance.ts" path="/Users/JoaoGabriel/Documents/Projects/Personal/karsten-konecta/src/presentation/store/attendance.ts">
        <metrics statements="19" coveredstatements="0" conditionals="8" coveredconditionals="0" methods="18" coveredmethods="0"/>
        <line num="40" count="0" type="stmt"/>
        <line num="54" count="0" type="stmt"/>
        <line num="57" count="0" type="stmt"/>
        <line num="58" count="0" type="stmt"/>
        <line num="62" count="0" type="stmt"/>
        <line num="64" count="0" type="stmt"/>
        <line num="71" count="0" type="stmt"/>
        <line num="76" count="0" type="stmt"/>
        <line num="81" count="0" type="stmt"/>
        <line num="88" count="0" type="stmt"/>
        <line num="89" count="0" type="stmt"/>
        <line num="91" count="0" type="cond" truecount="0" falsecount="2"/>
        <line num="92" count="0" type="stmt"/>
        <line num="103" count="0" type="stmt"/>
        <line num="111" count="0" type="stmt"/>
        <line num="114" count="0" type="stmt"/>
        <line num="117" count="0" type="stmt"/>
        <line num="118" count="0" type="stmt"/>
        <line num="120" count="0" type="stmt"/>
      </file>
      <file name="customer-search-filters.ts" path="/Users/JoaoGabriel/Documents/Projects/Personal/karsten-konecta/src/presentation/store/customer-search-filters.ts">
        <metrics statements="13" coveredstatements="0" conditionals="4" coveredconditionals="0" methods="7" coveredmethods="0"/>
        <line num="16" count="0" type="stmt"/>
        <line num="17" count="0" type="stmt"/>
        <line num="20" count="0" type="stmt"/>
        <line num="21" count="0" type="cond" truecount="0" falsecount="2"/>
        <line num="22" count="0" type="stmt"/>
        <line num="27" count="0" type="stmt"/>
        <line num="30" count="0" type="stmt"/>
        <line num="33" count="0" type="stmt"/>
        <line num="34" count="0" type="stmt"/>
        <line num="36" count="0" type="stmt"/>
        <line num="38" count="0" type="stmt"/>
        <line num="40" count="0" type="cond" truecount="0" falsecount="2"/>
        <line num="42" count="0" type="stmt"/>
      </file>
      <file name="customer.ts" path="/Users/JoaoGabriel/Documents/Projects/Personal/karsten-konecta/src/presentation/store/customer.ts">
        <metrics statements="4" coveredstatements="0" conditionals="0" coveredconditionals="0" methods="4" coveredmethods="0"/>
        <line num="10" count="0" type="stmt"/>
        <line num="31" count="0" type="stmt"/>
        <line num="34" count="0" type="stmt"/>
        <line num="40" count="0" type="stmt"/>
      </file>
      <file name="order-list-filters.ts" path="/Users/JoaoGabriel/Documents/Projects/Personal/karsten-konecta/src/presentation/store/order-list-filters.ts">
        <metrics statements="13" coveredstatements="0" conditionals="4" coveredconditionals="0" methods="7" coveredmethods="0"/>
        <line num="19" count="0" type="stmt"/>
        <line num="20" count="0" type="stmt"/>
        <line num="23" count="0" type="stmt"/>
        <line num="24" count="0" type="cond" truecount="0" falsecount="2"/>
        <line num="25" count="0" type="stmt"/>
        <line num="30" count="0" type="stmt"/>
        <line num="33" count="0" type="stmt"/>
        <line num="36" count="0" type="stmt"/>
        <line num="37" count="0" type="stmt"/>
        <line num="39" count="0" type="stmt"/>
        <line num="41" count="0" type="stmt"/>
        <line num="43" count="0" type="cond" truecount="0" falsecount="2"/>
        <line num="45" count="0" type="stmt"/>
      </file>
      <file name="product-list-filters.ts" path="/Users/JoaoGabriel/Documents/Projects/Personal/karsten-konecta/src/presentation/store/product-list-filters.ts">
        <metrics statements="13" coveredstatements="0" conditionals="4" coveredconditionals="0" methods="7" coveredmethods="0"/>
        <line num="18" count="0" type="stmt"/>
        <line num="19" count="0" type="stmt"/>
        <line num="22" count="0" type="stmt"/>
        <line num="23" count="0" type="cond" truecount="0" falsecount="2"/>
        <line num="24" count="0" type="stmt"/>
        <line num="29" count="0" type="stmt"/>
        <line num="32" count="0" type="stmt"/>
        <line num="35" count="0" type="stmt"/>
        <line num="36" count="0" type="stmt"/>
        <line num="38" count="0" type="stmt"/>
        <line num="40" count="0" type="stmt"/>
        <line num="42" count="0" type="cond" truecount="0" falsecount="2"/>
        <line num="44" count="0" type="stmt"/>
      </file>
      <file name="theme.ts" path="/Users/JoaoGabriel/Documents/Projects/Personal/karsten-konecta/src/presentation/store/theme.ts">
        <metrics statements="4" coveredstatements="0" conditionals="4" coveredconditionals="0" methods="4" coveredmethods="0"/>
        <line num="12" count="0" type="stmt"/>
        <line num="15" count="0" type="stmt"/>
        <line num="19" count="0" type="stmt"/>
        <line num="23" count="0" type="stmt"/>
      </file>
      <file name="user.ts" path="/Users/JoaoGabriel/Documents/Projects/Personal/karsten-konecta/src/presentation/store/user.ts">
        <metrics statements="11" coveredstatements="0" conditionals="0" coveredconditionals="0" methods="5" coveredmethods="0"/>
        <line num="27" count="0" type="stmt"/>
        <line num="36" count="0" type="stmt"/>
        <line num="38" count="0" type="stmt"/>
        <line num="41" count="0" type="stmt"/>
        <line num="44" count="0" type="stmt"/>
        <line num="45" count="0" type="stmt"/>
        <line num="46" count="0" type="stmt"/>
        <line num="48" count="0" type="stmt"/>
        <line num="51" count="0" type="stmt"/>
        <line num="53" count="0" type="stmt"/>
        <line num="58" count="0" type="stmt"/>
      </file>
    </package>
    <package name="presentation.themes">
      <metrics statements="2" coveredstatements="2" conditionals="0" coveredconditionals="0" methods="0" coveredmethods="0"/>
      <file name="dark-theme.ts" path="/Users/JoaoGabriel/Documents/Projects/Personal/karsten-konecta/src/presentation/themes/dark-theme.ts">
        <metrics statements="1" coveredstatements="1" conditionals="0" coveredconditionals="0" methods="0" coveredmethods="0"/>
        <line num="3" count="17" type="stmt"/>
      </file>
      <file name="light-theme.ts" path="/Users/JoaoGabriel/Documents/Projects/Personal/karsten-konecta/src/presentation/themes/light-theme.ts">
        <metrics statements="1" coveredstatements="1" conditionals="0" coveredconditionals="0" methods="0" coveredmethods="0"/>
        <line num="3" count="17" type="stmt"/>
      </file>
    </package>
    <package name="presentation.utils.date">
      <metrics statements="8" coveredstatements="0" conditionals="4" coveredconditionals="0" methods="2" coveredmethods="0"/>
      <file name="format-date.ts" path="/Users/JoaoGabriel/Documents/Projects/Personal/karsten-konecta/src/presentation/utils/date/format-date.ts">
        <metrics statements="4" coveredstatements="0" conditionals="2" coveredconditionals="0" methods="1" coveredmethods="0"/>
        <line num="8" count="0" type="stmt"/>
        <line num="9" count="0" type="cond" truecount="0" falsecount="2"/>
        <line num="11" count="0" type="stmt"/>
        <line num="15" count="0" type="stmt"/>
      </file>
      <file name="format-full-date.ts" path="/Users/JoaoGabriel/Documents/Projects/Personal/karsten-konecta/src/presentation/utils/date/format-full-date.ts">
        <metrics statements="4" coveredstatements="0" conditionals="2" coveredconditionals="0" methods="1" coveredmethods="0"/>
        <line num="8" count="0" type="stmt"/>
        <line num="9" count="0" type="cond" truecount="0" falsecount="2"/>
        <line num="11" count="0" type="stmt"/>
        <line num="15" count="0" type="stmt"/>
      </file>
    </package>
    <package name="presentation.utils.mask">
      <metrics statements="12" coveredstatements="11" conditionals="10" coveredconditionals="6" methods="5" coveredmethods="5"/>
      <file name="cep-mask.ts" path="/Users/JoaoGabriel/Documents/Projects/Personal/karsten-konecta/src/presentation/utils/mask/cep-mask.ts">
        <metrics statements="2" coveredstatements="2" conditionals="2" coveredconditionals="1" methods="1" coveredmethods="1"/>
        <line num="2" count="3" type="cond" truecount="1" falsecount="1"/>
        <line num="4" count="3" type="stmt"/>
      </file>
      <file name="cnpj-mask.ts" path="/Users/JoaoGabriel/Documents/Projects/Personal/karsten-konecta/src/presentation/utils/mask/cnpj-mask.ts">
        <metrics statements="1" coveredstatements="1" conditionals="0" coveredconditionals="0" methods="1" coveredmethods="1"/>
        <line num="2" count="8" type="stmt"/>
      </file>
      <file name="cpf-mask.ts" path="/Users/JoaoGabriel/Documents/Projects/Personal/karsten-konecta/src/presentation/utils/mask/cpf-mask.ts">
        <metrics statements="3" coveredstatements="3" conditionals="2" coveredconditionals="1" methods="1" coveredmethods="1"/>
        <line num="1" count="3" type="stmt"/>
        <line num="2" count="17" type="cond" truecount="1" falsecount="1"/>
        <line num="4" count="17" type="stmt"/>
      </file>
      <file name="cpf-or-cnpj-mask.ts" path="/Users/JoaoGabriel/Documents/Projects/Personal/karsten-konecta/src/presentation/utils/mask/cpf-or-cnpj-mask.ts">
        <metrics statements="2" coveredstatements="2" conditionals="2" coveredconditionals="2" methods="1" coveredmethods="1"/>
        <line num="4" count="1" type="stmt"/>
        <line num="5" count="6" type="cond" truecount="2" falsecount="0"/>
      </file>
      <file name="phone-mask.ts" path="/Users/JoaoGabriel/Documents/Projects/Personal/karsten-konecta/src/presentation/utils/mask/phone-mask.ts">
        <metrics statements="4" coveredstatements="3" conditionals="4" coveredconditionals="2" methods="1" coveredmethods="1"/>
        <line num="2" count="3" type="cond" truecount="1" falsecount="1"/>
        <line num="4" count="3" type="cond" truecount="1" falsecount="1"/>
        <line num="5" count="0" type="stmt"/>
        <line num="8" count="3" type="stmt"/>
      </file>
    </package>
    <package name="presentation.utils.validation">
      <metrics statements="52" coveredstatements="0" conditionals="48" coveredconditionals="0" methods="3" coveredmethods="0"/>
      <file name="validate-cep.ts" path="/Users/JoaoGabriel/Documents/Projects/Personal/karsten-konecta/src/presentation/utils/validation/validate-cep.ts">
        <metrics statements="3" coveredstatements="0" conditionals="2" coveredconditionals="0" methods="1" coveredmethods="0"/>
        <line num="1" count="0" type="stmt"/>
        <line num="2" count="0" type="cond" truecount="0" falsecount="2"/>
        <line num="4" count="0" type="stmt"/>
      </file>
      <file name="validate-cnpj.ts" path="/Users/JoaoGabriel/Documents/Projects/Personal/karsten-konecta/src/presentation/utils/validation/validate-cnpj.ts">
        <metrics statements="32" coveredstatements="0" conditionals="30" coveredconditionals="0" methods="1" coveredmethods="0"/>
        <line num="2" count="0" type="cond" truecount="0" falsecount="2"/>
        <line num="3" count="0" type="stmt"/>
        <line num="5" count="0" type="cond" truecount="0" falsecount="2"/>
        <line num="6" count="0" type="stmt"/>
        <line num="9" count="0" type="cond" truecount="0" falsecount="2"/>
        <line num="10" count="0" type="stmt"/>
        <line num="14" count="0" type="cond" truecount="0" falsecount="2"/>
        <line num="26" count="0" type="stmt"/>
        <line num="30" count="0" type="stmt"/>
        <line num="31" count="0" type="stmt"/>
        <line num="32" count="0" type="stmt"/>
        <line num="33" count="0" type="stmt"/>
        <line num="34" count="0" type="stmt"/>
        <line num="35" count="0" type="stmt"/>
        <line num="36" count="0" type="stmt"/>
        <line num="37" count="0" type="cond" truecount="0" falsecount="2"/>
        <line num="38" count="0" type="stmt"/>
        <line num="41" count="0" type="cond" truecount="0" falsecount="2"/>
        <line num="42" count="0" type="cond" truecount="0" falsecount="2"/>
        <line num="43" count="0" type="stmt"/>
        <line num="46" count="0" type="stmt"/>
        <line num="47" count="0" type="stmt"/>
        <line num="48" count="0" type="stmt"/>
        <line num="49" count="0" type="stmt"/>
        <line num="50" count="0" type="stmt"/>
        <line num="51" count="0" type="stmt"/>
        <line num="52" count="0" type="cond" truecount="0" falsecount="2"/>
        <line num="53" count="0" type="stmt"/>
        <line num="56" count="0" type="cond" truecount="0" falsecount="2"/>
        <line num="57" count="0" type="cond" truecount="0" falsecount="2"/>
        <line num="58" count="0" type="stmt"/>
        <line num="61" count="0" type="stmt"/>
      </file>
      <file name="validate-cpf.ts" path="/Users/JoaoGabriel/Documents/Projects/Personal/karsten-konecta/src/presentation/utils/validation/validate-cpf.ts">
        <metrics statements="17" coveredstatements="0" conditionals="16" coveredconditionals="0" methods="1" coveredmethods="0"/>
        <line num="1" count="0" type="stmt"/>
        <line num="2" count="0" type="cond" truecount="0" falsecount="2"/>
        <line num="3" count="0" type="stmt"/>
        <line num="5" count="0" type="cond" truecount="0" falsecount="2"/>
        <line num="6" count="0" type="stmt"/>
        <line num="9" count="0" type="stmt"/>
        <line num="10" count="0" type="stmt"/>
        <line num="11" count="0" type="stmt"/>
        <line num="12" count="0" type="stmt"/>
        <line num="13" count="0" type="cond" truecount="0" falsecount="4"/>
        <line num="14" count="0" type="cond" truecount="0" falsecount="2"/>
        <line num="16" count="0" type="stmt"/>
        <line num="17" count="0" type="stmt"/>
        <line num="18" count="0" type="stmt"/>
        <line num="19" count="0" type="cond" truecount="0" falsecount="4"/>
        <line num="20" count="0" type="cond" truecount="0" falsecount="2"/>
        <line num="21" count="0" type="stmt"/>
      </file>
    </package>
    <package name="presentation.utils.yup-schemas">
      <metrics statements="10" coveredstatements="0" conditionals="8" coveredconditionals="0" methods="6" coveredmethods="0"/>
      <file name="cep-rule.ts" path="/Users/JoaoGabriel/Documents/Projects/Personal/karsten-konecta/src/presentation/utils/yup-schemas/cep-rule.ts">
        <metrics statements="2" coveredstatements="0" conditionals="0" coveredconditionals="0" methods="1" coveredmethods="0"/>
        <line num="4" count="0" type="stmt"/>
        <line num="5" count="0" type="stmt"/>
      </file>
      <file name="cnpj-rule.ts" path="/Users/JoaoGabriel/Documents/Projects/Personal/karsten-konecta/src/presentation/utils/yup-schemas/cnpj-rule.ts">
        <metrics statements="2" coveredstatements="0" conditionals="0" coveredconditionals="0" methods="1" coveredmethods="0"/>
        <line num="4" count="0" type="stmt"/>
        <line num="5" count="0" type="stmt"/>
      </file>
      <file name="cpf-cnpj-rule.ts" path="/Users/JoaoGabriel/Documents/Projects/Personal/karsten-konecta/src/presentation/utils/yup-schemas/cpf-cnpj-rule.ts">
        <metrics statements="4" coveredstatements="0" conditionals="8" coveredconditionals="0" methods="3" coveredmethods="0"/>
        <line num="5" count="0" type="stmt"/>
        <line num="6" count="0" type="stmt"/>
        <line num="10" count="0" type="cond" truecount="0" falsecount="4"/>
        <line num="13" count="0" type="cond" truecount="0" falsecount="4"/>
      </file>
      <file name="cpf-rule.ts" path="/Users/JoaoGabriel/Documents/Projects/Personal/karsten-konecta/src/presentation/utils/yup-schemas/cpf-rule.ts">
        <metrics statements="2" coveredstatements="0" conditionals="0" coveredconditionals="0" methods="1" coveredmethods="0"/>
        <line num="4" count="0" type="stmt"/>
        <line num="5" count="0" type="stmt"/>
      </file>
    </package>
  </project>
</coverage>
