{"/Users/JoaoGabriel/Documents/Projects/Personal/karsten-konecta/src/@types/custom.d.ts": {"path":"/Users/JoaoGabriel/Documents/Projects/Personal/karsten-konecta/src/@types/custom.d.ts","statementMap":{},"fnMap":{},"branchMap":{},"s":{},"f":{},"b":{}}
,"/Users/JoaoGabriel/Documents/Projects/Personal/karsten-konecta/src/@types/styled.d.ts": {"path":"/Users/JoaoGabriel/Documents/Projects/Personal/karsten-konecta/src/@types/styled.d.ts","statementMap":{},"fnMap":{},"branchMap":{},"s":{},"f":{},"b":{}}
,"/Users/JoaoGabriel/Documents/Projects/Personal/karsten-konecta/src/data/protocols/cache/get-storage.ts": {"path":"/Users/JoaoGabriel/Documents/Projects/Personal/karsten-konecta/src/data/protocols/cache/get-storage.ts","statementMap":{},"fnMap":{},"branchMap":{},"s":{},"f":{},"b":{}}
,"/Users/JoaoGabriel/Documents/Projects/Personal/karsten-konecta/src/data/protocols/cache/set-storage.ts": {"path":"/Users/JoaoGabriel/Documents/Projects/Personal/karsten-konecta/src/data/protocols/cache/set-storage.ts","statementMap":{},"fnMap":{},"branchMap":{},"s":{},"f":{},"b":{}}
,"/Users/JoaoGabriel/Documents/Projects/Personal/karsten-konecta/src/data/protocols/http/http-client.ts": {"path":"/Users/JoaoGabriel/Documents/Projects/Personal/karsten-konecta/src/data/protocols/http/http-client.ts","statementMap":{},"fnMap":{},"branchMap":{},"s":{},"f":{},"b":{}}
,"/Users/JoaoGabriel/Documents/Projects/Personal/karsten-konecta/src/data/usecases/actions/remote-get-action-customer-details.ts": {"path":"/Users/JoaoGabriel/Documents/Projects/Personal/karsten-konecta/src/data/usecases/actions/remote-get-action-customer-details.ts","statementMap":{"0":{"start":{"line":18,"column":25},"end":{"line":25,"column":6}},"1":{"start":{"line":27,"column":4},"end":{"line":58,"column":5}},"2":{"start":{"line":29,"column":33},"end":{"line":29,"column":72}},"3":{"start":{"line":31,"column":28},"end":{"line":31,"column":65}},"4":{"start":{"line":33,"column":8},"end":{"line":53,"column":10}},"5":{"start":{"line":55,"column":8},"end":{"line":55,"column":54}},"6":{"start":{"line":57,"column":8},"end":{"line":57,"column":36}}},"fnMap":{"0":{"name":"(anonymous_0)","decl":{"start":{"line":9,"column":2},"end":{"line":9,"column":3}},"loc":{"start":{"line":12,"column":4},"end":{"line":12,"column":6}},"line":12},"1":{"name":"(anonymous_1)","decl":{"start":{"line":14,"column":2},"end":{"line":14,"column":3}},"loc":{"start":{"line":17,"column":79},"end":{"line":59,"column":3}},"line":17}},"branchMap":{"0":{"loc":{"start":{"line":27,"column":4},"end":{"line":58,"column":5}},"type":"switch","locations":[{"start":{"line":28,"column":6},"end":{"line":53,"column":10}},{"start":{"line":54,"column":6},"end":{"line":55,"column":54}},{"start":{"line":56,"column":6},"end":{"line":57,"column":36}}],"line":27}},"s":{"0":0,"1":0,"2":0,"3":0,"4":0,"5":0,"6":0},"f":{"0":0,"1":0},"b":{"0":[0,0,0]}}
,"/Users/JoaoGabriel/Documents/Projects/Personal/karsten-konecta/src/data/usecases/actions/remote-get-action-customer-list.ts": {"path":"/Users/JoaoGabriel/Documents/Projects/Personal/karsten-konecta/src/data/usecases/actions/remote-get-action-customer-list.ts","statementMap":{"0":{"start":{"line":17,"column":25},"end":{"line":26,"column":6}},"1":{"start":{"line":28,"column":4},"end":{"line":53,"column":5}},"2":{"start":{"line":30,"column":23},"end":{"line":30,"column":47}},"3":{"start":{"line":31,"column":8},"end":{"line":48,"column":10}},"4":{"start":{"line":34,"column":14},"end":{"line":36,"column":59}},"5":{"start":{"line":38,"column":12},"end":{"line":45,"column":14}},"6":{"start":{"line":50,"column":8},"end":{"line":50,"column":54}},"7":{"start":{"line":52,"column":8},"end":{"line":52,"column":36}}},"fnMap":{"0":{"name":"(anonymous_0)","decl":{"start":{"line":6,"column":2},"end":{"line":6,"column":3}},"loc":{"start":{"line":9,"column":4},"end":{"line":9,"column":6}},"line":9},"1":{"name":"(anonymous_1)","decl":{"start":{"line":11,"column":2},"end":{"line":11,"column":3}},"loc":{"start":{"line":16,"column":73},"end":{"line":54,"column":3}},"line":16},"2":{"name":"(anonymous_2)","decl":{"start":{"line":32,"column":50},"end":{"line":32,"column":51}},"loc":{"start":{"line":32,"column":60},"end":{"line":46,"column":11}},"line":32}},"branchMap":{"0":{"loc":{"start":{"line":28,"column":4},"end":{"line":53,"column":5}},"type":"switch","locations":[{"start":{"line":29,"column":6},"end":{"line":48,"column":10}},{"start":{"line":49,"column":6},"end":{"line":50,"column":54}},{"start":{"line":51,"column":6},"end":{"line":52,"column":36}}],"line":28},"1":{"loc":{"start":{"line":34,"column":14},"end":{"line":36,"column":59}},"type":"cond-expr","locations":[{"start":{"line":35,"column":18},"end":{"line":35,"column":37}},{"start":{"line":36,"column":18},"end":{"line":36,"column":59}}],"line":34}},"s":{"0":0,"1":0,"2":0,"3":0,"4":0,"5":0,"6":0,"7":0},"f":{"0":0,"1":0,"2":0},"b":{"0":[0,0,0],"1":[0,0]}}
,"/Users/JoaoGabriel/Documents/Projects/Personal/karsten-konecta/src/data/usecases/attendance/remote-add-product.ts": {"path":"/Users/JoaoGabriel/Documents/Projects/Personal/karsten-konecta/src/data/usecases/attendance/remote-add-product.ts","statementMap":{"0":{"start":{"line":17,"column":25},"end":{"line":26,"column":6}},"1":{"start":{"line":28,"column":4},"end":{"line":38,"column":5}},"2":{"start":{"line":30,"column":23},"end":{"line":30,"column":47}},"3":{"start":{"line":31,"column":8},"end":{"line":35,"column":10}},"4":{"start":{"line":37,"column":8},"end":{"line":37,"column":36}}},"fnMap":{"0":{"name":"(anonymous_0)","decl":{"start":{"line":6,"column":2},"end":{"line":6,"column":3}},"loc":{"start":{"line":9,"column":4},"end":{"line":9,"column":6}},"line":9},"1":{"name":"(anonymous_1)","decl":{"start":{"line":11,"column":2},"end":{"line":11,"column":3}},"loc":{"start":{"line":16,"column":51},"end":{"line":39,"column":3}},"line":16}},"branchMap":{"0":{"loc":{"start":{"line":28,"column":4},"end":{"line":38,"column":5}},"type":"switch","locations":[{"start":{"line":29,"column":6},"end":{"line":35,"column":10}},{"start":{"line":36,"column":6},"end":{"line":37,"column":36}}],"line":28}},"s":{"0":0,"1":0,"2":0,"3":0,"4":0},"f":{"0":0,"1":0},"b":{"0":[0,0]}}
,"/Users/JoaoGabriel/Documents/Projects/Personal/karsten-konecta/src/data/usecases/attendance/remote-copy-attendance.ts": {"path":"/Users/JoaoGabriel/Documents/Projects/Personal/karsten-konecta/src/data/usecases/attendance/remote-copy-attendance.ts","statementMap":{"0":{"start":{"line":12,"column":25},"end":{"line":16,"column":6}},"1":{"start":{"line":18,"column":4},"end":{"line":23,"column":5}},"2":{"start":{"line":20,"column":8},"end":{"line":20,"column":33}},"3":{"start":{"line":22,"column":8},"end":{"line":22,"column":36}}},"fnMap":{"0":{"name":"(anonymous_0)","decl":{"start":{"line":6,"column":2},"end":{"line":6,"column":3}},"loc":{"start":{"line":9,"column":4},"end":{"line":9,"column":6}},"line":9},"1":{"name":"(anonymous_1)","decl":{"start":{"line":11,"column":2},"end":{"line":11,"column":3}},"loc":{"start":{"line":11,"column":75},"end":{"line":24,"column":3}},"line":11}},"branchMap":{"0":{"loc":{"start":{"line":18,"column":4},"end":{"line":23,"column":5}},"type":"switch","locations":[{"start":{"line":19,"column":6},"end":{"line":20,"column":33}},{"start":{"line":21,"column":6},"end":{"line":22,"column":36}}],"line":18}},"s":{"0":0,"1":0,"2":0,"3":0},"f":{"0":0,"1":0},"b":{"0":[0,0]}}
,"/Users/JoaoGabriel/Documents/Projects/Personal/karsten-konecta/src/data/usecases/attendance/remote-create-attendance.ts": {"path":"/Users/JoaoGabriel/Documents/Projects/Personal/karsten-konecta/src/data/usecases/attendance/remote-create-attendance.ts","statementMap":{"0":{"start":{"line":17,"column":25},"end":{"line":26,"column":6}},"1":{"start":{"line":28,"column":4},"end":{"line":35,"column":5}},"2":{"start":{"line":30,"column":8},"end":{"line":32,"column":10}},"3":{"start":{"line":34,"column":8},"end":{"line":34,"column":36}}},"fnMap":{"0":{"name":"(anonymous_0)","decl":{"start":{"line":6,"column":2},"end":{"line":6,"column":3}},"loc":{"start":{"line":9,"column":4},"end":{"line":9,"column":6}},"line":9},"1":{"name":"(anonymous_1)","decl":{"start":{"line":11,"column":2},"end":{"line":11,"column":3}},"loc":{"start":{"line":16,"column":63},"end":{"line":36,"column":3}},"line":16}},"branchMap":{"0":{"loc":{"start":{"line":28,"column":4},"end":{"line":35,"column":5}},"type":"switch","locations":[{"start":{"line":29,"column":6},"end":{"line":32,"column":10}},{"start":{"line":33,"column":6},"end":{"line":34,"column":36}}],"line":28}},"s":{"0":0,"1":0,"2":0,"3":0},"f":{"0":0,"1":0},"b":{"0":[0,0]}}
,"/Users/JoaoGabriel/Documents/Projects/Personal/karsten-konecta/src/data/usecases/attendance/remote-delete-attendance.ts": {"path":"/Users/JoaoGabriel/Documents/Projects/Personal/karsten-konecta/src/data/usecases/attendance/remote-delete-attendance.ts","statementMap":{"0":{"start":{"line":12,"column":25},"end":{"line":19,"column":6}},"1":{"start":{"line":21,"column":4},"end":{"line":26,"column":5}},"2":{"start":{"line":23,"column":8},"end":{"line":23,"column":33}},"3":{"start":{"line":25,"column":8},"end":{"line":25,"column":36}}},"fnMap":{"0":{"name":"(anonymous_0)","decl":{"start":{"line":6,"column":2},"end":{"line":6,"column":3}},"loc":{"start":{"line":9,"column":4},"end":{"line":9,"column":6}},"line":9},"1":{"name":"(anonymous_1)","decl":{"start":{"line":11,"column":2},"end":{"line":11,"column":3}},"loc":{"start":{"line":11,"column":72},"end":{"line":27,"column":3}},"line":11}},"branchMap":{"0":{"loc":{"start":{"line":21,"column":4},"end":{"line":26,"column":5}},"type":"switch","locations":[{"start":{"line":22,"column":6},"end":{"line":23,"column":33}},{"start":{"line":24,"column":6},"end":{"line":25,"column":36}}],"line":21}},"s":{"0":0,"1":0,"2":0,"3":0},"f":{"0":0,"1":0},"b":{"0":[0,0]}}
,"/Users/JoaoGabriel/Documents/Projects/Personal/karsten-konecta/src/data/usecases/attendance/remote-delete-product.ts": {"path":"/Users/JoaoGabriel/Documents/Projects/Personal/karsten-konecta/src/data/usecases/attendance/remote-delete-product.ts","statementMap":{"0":{"start":{"line":15,"column":25},"end":{"line":22,"column":6}},"1":{"start":{"line":24,"column":4},"end":{"line":31,"column":5}},"2":{"start":{"line":26,"column":8},"end":{"line":28,"column":10}},"3":{"start":{"line":30,"column":8},"end":{"line":30,"column":36}}},"fnMap":{"0":{"name":"(anonymous_0)","decl":{"start":{"line":6,"column":2},"end":{"line":6,"column":3}},"loc":{"start":{"line":9,"column":4},"end":{"line":9,"column":6}},"line":9},"1":{"name":"(anonymous_1)","decl":{"start":{"line":11,"column":2},"end":{"line":11,"column":3}},"loc":{"start":{"line":14,"column":57},"end":{"line":32,"column":3}},"line":14}},"branchMap":{"0":{"loc":{"start":{"line":24,"column":4},"end":{"line":31,"column":5}},"type":"switch","locations":[{"start":{"line":25,"column":6},"end":{"line":28,"column":10}},{"start":{"line":29,"column":6},"end":{"line":30,"column":36}}],"line":24}},"s":{"0":0,"1":0,"2":0,"3":0},"f":{"0":0,"1":0},"b":{"0":[0,0]}}
,"/Users/JoaoGabriel/Documents/Projects/Personal/karsten-konecta/src/data/usecases/attendance/remote-finish-attendance.ts": {"path":"/Users/JoaoGabriel/Documents/Projects/Personal/karsten-konecta/src/data/usecases/attendance/remote-finish-attendance.ts","statementMap":{"0":{"start":{"line":17,"column":25},"end":{"line":27,"column":6}},"1":{"start":{"line":29,"column":4},"end":{"line":42,"column":5}},"2":{"start":{"line":31,"column":23},"end":{"line":31,"column":47}},"3":{"start":{"line":33,"column":8},"end":{"line":36,"column":10}},"4":{"start":{"line":38,"column":8},"end":{"line":38,"column":56}},"5":{"start":{"line":41,"column":8},"end":{"line":41,"column":36}}},"fnMap":{"0":{"name":"(anonymous_0)","decl":{"start":{"line":6,"column":2},"end":{"line":6,"column":3}},"loc":{"start":{"line":9,"column":4},"end":{"line":9,"column":6}},"line":9},"1":{"name":"(anonymous_1)","decl":{"start":{"line":11,"column":2},"end":{"line":11,"column":3}},"loc":{"start":{"line":16,"column":63},"end":{"line":43,"column":3}},"line":16}},"branchMap":{"0":{"loc":{"start":{"line":29,"column":4},"end":{"line":42,"column":5}},"type":"switch","locations":[{"start":{"line":30,"column":6},"end":{"line":36,"column":10}},{"start":{"line":37,"column":6},"end":{"line":38,"column":56}},{"start":{"line":40,"column":6},"end":{"line":41,"column":36}}],"line":29}},"s":{"0":0,"1":0,"2":0,"3":0,"4":0,"5":0},"f":{"0":0,"1":0},"b":{"0":[0,0,0]}}
,"/Users/JoaoGabriel/Documents/Projects/Personal/karsten-konecta/src/data/usecases/attendance/remote-get-attendance-list.ts": {"path":"/Users/JoaoGabriel/Documents/Projects/Personal/karsten-konecta/src/data/usecases/attendance/remote-get-attendance-list.ts","statementMap":{"0":{"start":{"line":19,"column":25},"end":{"line":30,"column":6}},"1":{"start":{"line":32,"column":4},"end":{"line":62,"column":5}},"2":{"start":{"line":34,"column":23},"end":{"line":34,"column":47}},"3":{"start":{"line":36,"column":8},"end":{"line":58,"column":10}},"4":{"start":{"line":38,"column":37},"end":{"line":38,"column":55}},"5":{"start":{"line":40,"column":12},"end":{"line":55,"column":14}},"6":{"start":{"line":61,"column":8},"end":{"line":61,"column":36}}},"fnMap":{"0":{"name":"(anonymous_0)","decl":{"start":{"line":6,"column":2},"end":{"line":6,"column":3}},"loc":{"start":{"line":9,"column":4},"end":{"line":9,"column":6}},"line":9},"1":{"name":"(anonymous_1)","decl":{"start":{"line":11,"column":2},"end":{"line":11,"column":3}},"loc":{"start":{"line":18,"column":65},"end":{"line":63,"column":3}},"line":18},"2":{"name":"(anonymous_2)","decl":{"start":{"line":37,"column":55},"end":{"line":37,"column":56}},"loc":{"start":{"line":37,"column":65},"end":{"line":56,"column":11}},"line":37}},"branchMap":{"0":{"loc":{"start":{"line":32,"column":4},"end":{"line":62,"column":5}},"type":"switch","locations":[{"start":{"line":33,"column":6},"end":{"line":58,"column":10}},{"start":{"line":60,"column":6},"end":{"line":61,"column":36}}],"line":32},"1":{"loc":{"start":{"line":42,"column":23},"end":{"line":42,"column":71}},"type":"binary-expr","locations":[{"start":{"line":42,"column":23},"end":{"line":42,"column":44}},{"start":{"line":42,"column":48},"end":{"line":42,"column":71}}],"line":42},"2":{"loc":{"start":{"line":44,"column":20},"end":{"line":44,"column":70}},"type":"binary-expr","locations":[{"start":{"line":44,"column":20},"end":{"line":44,"column":52}},{"start":{"line":44,"column":56},"end":{"line":44,"column":70}}],"line":44},"3":{"loc":{"start":{"line":46,"column":32},"end":{"line":54,"column":22}},"type":"cond-expr","locations":[{"start":{"line":47,"column":18},"end":{"line":53,"column":19}},{"start":{"line":54,"column":18},"end":{"line":54,"column":22}}],"line":46}},"s":{"0":0,"1":0,"2":0,"3":0,"4":0,"5":0,"6":0},"f":{"0":0,"1":0,"2":0},"b":{"0":[0,0],"1":[0,0],"2":[0,0],"3":[0,0]}}
,"/Users/JoaoGabriel/Documents/Projects/Personal/karsten-konecta/src/data/usecases/attendance/remote-get-attendance.ts": {"path":"/Users/JoaoGabriel/Documents/Projects/Personal/karsten-konecta/src/data/usecases/attendance/remote-get-attendance.ts","statementMap":{"0":{"start":{"line":15,"column":25},"end":{"line":22,"column":6}},"1":{"start":{"line":24,"column":4},"end":{"line":79,"column":5}},"2":{"start":{"line":26,"column":23},"end":{"line":26,"column":47}},"3":{"start":{"line":28,"column":8},"end":{"line":75,"column":10}},"4":{"start":{"line":34,"column":70},"end":{"line":45,"column":11}},"5":{"start":{"line":78,"column":8},"end":{"line":78,"column":36}}},"fnMap":{"0":{"name":"(anonymous_0)","decl":{"start":{"line":6,"column":2},"end":{"line":6,"column":3}},"loc":{"start":{"line":9,"column":4},"end":{"line":9,"column":6}},"line":9},"1":{"name":"(anonymous_1)","decl":{"start":{"line":11,"column":2},"end":{"line":11,"column":3}},"loc":{"start":{"line":14,"column":57},"end":{"line":80,"column":3}},"line":14},"2":{"name":"(anonymous_2)","decl":{"start":{"line":34,"column":56},"end":{"line":34,"column":57}},"loc":{"start":{"line":34,"column":70},"end":{"line":45,"column":11}},"line":34}},"branchMap":{"0":{"loc":{"start":{"line":24,"column":4},"end":{"line":79,"column":5}},"type":"switch","locations":[{"start":{"line":25,"column":6},"end":{"line":75,"column":10}},{"start":{"line":77,"column":6},"end":{"line":78,"column":36}}],"line":24},"1":{"loc":{"start":{"line":29,"column":16},"end":{"line":31,"column":36}},"type":"cond-expr","locations":[{"start":{"line":30,"column":14},"end":{"line":30,"column":47}},{"start":{"line":31,"column":14},"end":{"line":31,"column":36}}],"line":29},"2":{"loc":{"start":{"line":33,"column":12},"end":{"line":33,"column":73}},"type":"binary-expr","locations":[{"start":{"line":33,"column":12},"end":{"line":33,"column":37}},{"start":{"line":33,"column":41},"end":{"line":33,"column":73}}],"line":33},"3":{"loc":{"start":{"line":46,"column":27},"end":{"line":59,"column":18}},"type":"cond-expr","locations":[{"start":{"line":47,"column":14},"end":{"line":58,"column":15}},{"start":{"line":59,"column":14},"end":{"line":59,"column":18}}],"line":46},"4":{"loc":{"start":{"line":60,"column":14},"end":{"line":74,"column":16}},"type":"cond-expr","locations":[{"start":{"line":61,"column":14},"end":{"line":73,"column":15}},{"start":{"line":74,"column":14},"end":{"line":74,"column":16}}],"line":60}},"s":{"0":0,"1":0,"2":0,"3":0,"4":0,"5":0},"f":{"0":0,"1":0,"2":0},"b":{"0":[0,0],"1":[0,0],"2":[0,0],"3":[0,0],"4":[0,0]}}
,"/Users/JoaoGabriel/Documents/Projects/Personal/karsten-konecta/src/data/usecases/attendance/remote-get-order-list.ts": {"path":"/Users/JoaoGabriel/Documents/Projects/Personal/karsten-konecta/src/data/usecases/attendance/remote-get-order-list.ts","statementMap":{"0":{"start":{"line":22,"column":25},"end":{"line":38,"column":6}},"1":{"start":{"line":40,"column":4},"end":{"line":59,"column":5}},"2":{"start":{"line":42,"column":23},"end":{"line":42,"column":47}},"3":{"start":{"line":44,"column":8},"end":{"line":55,"column":10}},"4":{"start":{"line":45,"column":56},"end":{"line":53,"column":11}},"5":{"start":{"line":58,"column":8},"end":{"line":58,"column":36}}},"fnMap":{"0":{"name":"(anonymous_0)","decl":{"start":{"line":6,"column":2},"end":{"line":6,"column":3}},"loc":{"start":{"line":9,"column":4},"end":{"line":9,"column":6}},"line":9},"1":{"name":"(anonymous_1)","decl":{"start":{"line":11,"column":2},"end":{"line":11,"column":3}},"loc":{"start":{"line":21,"column":55},"end":{"line":60,"column":3}},"line":21},"2":{"name":"(anonymous_2)","decl":{"start":{"line":45,"column":45},"end":{"line":45,"column":46}},"loc":{"start":{"line":45,"column":56},"end":{"line":53,"column":11}},"line":45}},"branchMap":{"0":{"loc":{"start":{"line":33,"column":12},"end":{"line":35,"column":30}},"type":"cond-expr","locations":[{"start":{"line":34,"column":12},"end":{"line":34,"column":53}},{"start":{"line":35,"column":12},"end":{"line":35,"column":30}}],"line":33},"1":{"loc":{"start":{"line":40,"column":4},"end":{"line":59,"column":5}},"type":"switch","locations":[{"start":{"line":41,"column":6},"end":{"line":55,"column":10}},{"start":{"line":57,"column":6},"end":{"line":58,"column":36}}],"line":40}},"s":{"0":0,"1":0,"2":0,"3":0,"4":0,"5":0},"f":{"0":0,"1":0,"2":0},"b":{"0":[0,0],"1":[0,0]}}
,"/Users/JoaoGabriel/Documents/Projects/Personal/karsten-konecta/src/data/usecases/attendance/remote-link-customer-to-attendance.ts": {"path":"/Users/JoaoGabriel/Documents/Projects/Personal/karsten-konecta/src/data/usecases/attendance/remote-link-customer-to-attendance.ts","statementMap":{"0":{"start":{"line":19,"column":25},"end":{"line":27,"column":6}},"1":{"start":{"line":29,"column":4},"end":{"line":34,"column":5}},"2":{"start":{"line":31,"column":8},"end":{"line":31,"column":15}},"3":{"start":{"line":33,"column":8},"end":{"line":33,"column":36}}},"fnMap":{"0":{"name":"(anonymous_0)","decl":{"start":{"line":9,"column":2},"end":{"line":9,"column":3}},"loc":{"start":{"line":12,"column":4},"end":{"line":12,"column":6}},"line":12},"1":{"name":"(anonymous_1)","decl":{"start":{"line":14,"column":2},"end":{"line":14,"column":3}},"loc":{"start":{"line":18,"column":53},"end":{"line":35,"column":3}},"line":18}},"branchMap":{"0":{"loc":{"start":{"line":29,"column":4},"end":{"line":34,"column":5}},"type":"switch","locations":[{"start":{"line":30,"column":6},"end":{"line":31,"column":15}},{"start":{"line":32,"column":6},"end":{"line":33,"column":36}}],"line":29}},"s":{"0":0,"1":0,"2":0,"3":0},"f":{"0":0,"1":0},"b":{"0":[0,0]}}
,"/Users/JoaoGabriel/Documents/Projects/Personal/karsten-konecta/src/data/usecases/attendance/remote-link-responsible-to-attendance.ts": {"path":"/Users/JoaoGabriel/Documents/Projects/Personal/karsten-konecta/src/data/usecases/attendance/remote-link-responsible-to-attendance.ts","statementMap":{"0":{"start":{"line":22,"column":25},"end":{"line":35,"column":6}},"1":{"start":{"line":37,"column":4},"end":{"line":37,"column":30}},"2":{"start":{"line":39,"column":4},"end":{"line":44,"column":5}},"3":{"start":{"line":41,"column":8},"end":{"line":41,"column":15}},"4":{"start":{"line":43,"column":8},"end":{"line":43,"column":36}}},"fnMap":{"0":{"name":"(anonymous_0)","decl":{"start":{"line":8,"column":2},"end":{"line":8,"column":3}},"loc":{"start":{"line":11,"column":4},"end":{"line":11,"column":6}},"line":11},"1":{"name":"(anonymous_1)","decl":{"start":{"line":13,"column":2},"end":{"line":13,"column":3}},"loc":{"start":{"line":21,"column":85},"end":{"line":45,"column":3}},"line":21}},"branchMap":{"0":{"loc":{"start":{"line":30,"column":32},"end":{"line":30,"column":60}},"type":"binary-expr","locations":[{"start":{"line":30,"column":32},"end":{"line":30,"column":47}},{"start":{"line":30,"column":51},"end":{"line":30,"column":60}}],"line":30},"1":{"loc":{"start":{"line":31,"column":31},"end":{"line":31,"column":78}},"type":"binary-expr","locations":[{"start":{"line":31,"column":31},"end":{"line":31,"column":65}},{"start":{"line":31,"column":69},"end":{"line":31,"column":78}}],"line":31},"2":{"loc":{"start":{"line":33,"column":25},"end":{"line":33,"column":46}},"type":"binary-expr","locations":[{"start":{"line":33,"column":25},"end":{"line":33,"column":38}},{"start":{"line":33,"column":42},"end":{"line":33,"column":46}}],"line":33},"3":{"loc":{"start":{"line":39,"column":4},"end":{"line":44,"column":5}},"type":"switch","locations":[{"start":{"line":40,"column":6},"end":{"line":41,"column":15}},{"start":{"line":42,"column":6},"end":{"line":43,"column":36}}],"line":39}},"s":{"0":0,"1":0,"2":0,"3":0,"4":0},"f":{"0":0,"1":0},"b":{"0":[0,0],"1":[0,0],"2":[0,0],"3":[0,0]}}
,"/Users/JoaoGabriel/Documents/Projects/Personal/karsten-konecta/src/data/usecases/attendance/remote-retrieve-attendance.ts": {"path":"/Users/JoaoGabriel/Documents/Projects/Personal/karsten-konecta/src/data/usecases/attendance/remote-retrieve-attendance.ts","statementMap":{"0":{"start":{"line":16,"column":25},"end":{"line":24,"column":6}},"1":{"start":{"line":26,"column":4},"end":{"line":33,"column":5}},"2":{"start":{"line":28,"column":8},"end":{"line":30,"column":10}},"3":{"start":{"line":32,"column":8},"end":{"line":32,"column":36}}},"fnMap":{"0":{"name":"(anonymous_0)","decl":{"start":{"line":6,"column":2},"end":{"line":6,"column":3}},"loc":{"start":{"line":9,"column":4},"end":{"line":9,"column":6}},"line":9},"1":{"name":"(anonymous_1)","decl":{"start":{"line":11,"column":2},"end":{"line":11,"column":3}},"loc":{"start":{"line":15,"column":67},"end":{"line":34,"column":3}},"line":15}},"branchMap":{"0":{"loc":{"start":{"line":26,"column":4},"end":{"line":33,"column":5}},"type":"switch","locations":[{"start":{"line":27,"column":6},"end":{"line":30,"column":10}},{"start":{"line":31,"column":6},"end":{"line":32,"column":36}}],"line":26}},"s":{"0":0,"1":0,"2":0,"3":0},"f":{"0":0,"1":0},"b":{"0":[0,0]}}
,"/Users/JoaoGabriel/Documents/Projects/Personal/karsten-konecta/src/data/usecases/attendance/remote-update-attendance-delivery-address.ts": {"path":"/Users/JoaoGabriel/Documents/Projects/Personal/karsten-konecta/src/data/usecases/attendance/remote-update-attendance-delivery-address.ts","statementMap":{"0":{"start":{"line":20,"column":25},"end":{"line":29,"column":6}},"1":{"start":{"line":31,"column":4},"end":{"line":36,"column":5}},"2":{"start":{"line":33,"column":8},"end":{"line":33,"column":15}},"3":{"start":{"line":35,"column":8},"end":{"line":35,"column":36}}},"fnMap":{"0":{"name":"(anonymous_0)","decl":{"start":{"line":9,"column":2},"end":{"line":9,"column":3}},"loc":{"start":{"line":12,"column":4},"end":{"line":12,"column":6}},"line":12},"1":{"name":"(anonymous_1)","decl":{"start":{"line":14,"column":2},"end":{"line":14,"column":3}},"loc":{"start":{"line":19,"column":60},"end":{"line":37,"column":3}},"line":19}},"branchMap":{"0":{"loc":{"start":{"line":31,"column":4},"end":{"line":36,"column":5}},"type":"switch","locations":[{"start":{"line":32,"column":6},"end":{"line":33,"column":15}},{"start":{"line":34,"column":6},"end":{"line":35,"column":36}}],"line":31}},"s":{"0":0,"1":0,"2":0,"3":0},"f":{"0":0,"1":0},"b":{"0":[0,0]}}
,"/Users/JoaoGabriel/Documents/Projects/Personal/karsten-konecta/src/data/usecases/attendance/remote-update-attendance-pickup-address.ts": {"path":"/Users/JoaoGabriel/Documents/Projects/Personal/karsten-konecta/src/data/usecases/attendance/remote-update-attendance-pickup-address.ts","statementMap":{"0":{"start":{"line":19,"column":25},"end":{"line":28,"column":6}},"1":{"start":{"line":30,"column":4},"end":{"line":35,"column":5}},"2":{"start":{"line":32,"column":8},"end":{"line":32,"column":15}},"3":{"start":{"line":34,"column":8},"end":{"line":34,"column":36}}},"fnMap":{"0":{"name":"(anonymous_0)","decl":{"start":{"line":8,"column":2},"end":{"line":8,"column":3}},"loc":{"start":{"line":11,"column":4},"end":{"line":11,"column":6}},"line":11},"1":{"name":"(anonymous_1)","decl":{"start":{"line":13,"column":2},"end":{"line":13,"column":3}},"loc":{"start":{"line":18,"column":89},"end":{"line":36,"column":3}},"line":18}},"branchMap":{"0":{"loc":{"start":{"line":30,"column":4},"end":{"line":35,"column":5}},"type":"switch","locations":[{"start":{"line":31,"column":6},"end":{"line":32,"column":15}},{"start":{"line":33,"column":6},"end":{"line":34,"column":36}}],"line":30}},"s":{"0":0,"1":0,"2":0,"3":0},"f":{"0":0,"1":0},"b":{"0":[0,0]}}
,"/Users/JoaoGabriel/Documents/Projects/Personal/karsten-konecta/src/data/usecases/attendance/remote-update-product-amount.ts": {"path":"/Users/JoaoGabriel/Documents/Projects/Personal/karsten-konecta/src/data/usecases/attendance/remote-update-product-amount.ts","statementMap":{"0":{"start":{"line":16,"column":25},"end":{"line":24,"column":6}},"1":{"start":{"line":26,"column":4},"end":{"line":35,"column":5}},"2":{"start":{"line":28,"column":23},"end":{"line":28,"column":47}},"3":{"start":{"line":29,"column":8},"end":{"line":32,"column":10}},"4":{"start":{"line":34,"column":8},"end":{"line":34,"column":36}}},"fnMap":{"0":{"name":"(anonymous_0)","decl":{"start":{"line":6,"column":2},"end":{"line":6,"column":3}},"loc":{"start":{"line":9,"column":4},"end":{"line":9,"column":6}},"line":9},"1":{"name":"(anonymous_1)","decl":{"start":{"line":11,"column":2},"end":{"line":11,"column":3}},"loc":{"start":{"line":15,"column":69},"end":{"line":36,"column":3}},"line":15}},"branchMap":{"0":{"loc":{"start":{"line":26,"column":4},"end":{"line":35,"column":5}},"type":"switch","locations":[{"start":{"line":27,"column":6},"end":{"line":32,"column":10}},{"start":{"line":33,"column":6},"end":{"line":34,"column":36}}],"line":26}},"s":{"0":0,"1":0,"2":0,"3":0,"4":0},"f":{"0":0,"1":0},"b":{"0":[0,0]}}
,"/Users/JoaoGabriel/Documents/Projects/Personal/karsten-konecta/src/data/usecases/attendance/remote-verify-attendance-products.ts": {"path":"/Users/JoaoGabriel/Documents/Projects/Personal/karsten-konecta/src/data/usecases/attendance/remote-verify-attendance-products.ts","statementMap":{"0":{"start":{"line":21,"column":25},"end":{"line":30,"column":6}},"1":{"start":{"line":32,"column":4},"end":{"line":57,"column":5}},"2":{"start":{"line":34,"column":23},"end":{"line":34,"column":47}},"3":{"start":{"line":36,"column":8},"end":{"line":51,"column":10}},"4":{"start":{"line":37,"column":67},"end":{"line":43,"column":11}},"5":{"start":{"line":44,"column":64},"end":{"line":50,"column":11}},"6":{"start":{"line":54,"column":8},"end":{"line":54,"column":56}},"7":{"start":{"line":56,"column":8},"end":{"line":56,"column":36}}},"fnMap":{"0":{"name":"(anonymous_0)","decl":{"start":{"line":10,"column":2},"end":{"line":10,"column":3}},"loc":{"start":{"line":13,"column":4},"end":{"line":13,"column":6}},"line":13},"1":{"name":"(anonymous_1)","decl":{"start":{"line":15,"column":2},"end":{"line":15,"column":3}},"loc":{"start":{"line":20,"column":79},"end":{"line":58,"column":3}},"line":20},"2":{"name":"(anonymous_2)","decl":{"start":{"line":37,"column":56},"end":{"line":37,"column":57}},"loc":{"start":{"line":37,"column":67},"end":{"line":43,"column":11}},"line":37},"3":{"name":"(anonymous_3)","decl":{"start":{"line":44,"column":53},"end":{"line":44,"column":54}},"loc":{"start":{"line":44,"column":64},"end":{"line":50,"column":11}},"line":44}},"branchMap":{"0":{"loc":{"start":{"line":17,"column":4},"end":{"line":17,"column":46}},"type":"default-arg","locations":[{"start":{"line":17,"column":19},"end":{"line":17,"column":46}}],"line":17},"1":{"loc":{"start":{"line":19,"column":4},"end":{"line":19,"column":22}},"type":"default-arg","locations":[{"start":{"line":19,"column":17},"end":{"line":19,"column":22}}],"line":19},"2":{"loc":{"start":{"line":32,"column":4},"end":{"line":57,"column":5}},"type":"switch","locations":[{"start":{"line":33,"column":6},"end":{"line":51,"column":10}},{"start":{"line":53,"column":6},"end":{"line":54,"column":56}},{"start":{"line":55,"column":6},"end":{"line":56,"column":36}}],"line":32}},"s":{"0":0,"1":0,"2":0,"3":0,"4":0,"5":0,"6":0,"7":0},"f":{"0":0,"1":0,"2":0,"3":0},"b":{"0":[0],"1":[0],"2":[0,0,0]}}
,"/Users/JoaoGabriel/Documents/Projects/Personal/karsten-konecta/src/data/usecases/authentication/remote-authentication.ts": {"path":"/Users/JoaoGabriel/Documents/Projects/Personal/karsten-konecta/src/data/usecases/authentication/remote-authentication.ts","statementMap":{"0":{"start":{"line":15,"column":25},"end":{"line":19,"column":6}},"1":{"start":{"line":21,"column":19},"end":{"line":21,"column":60}},"2":{"start":{"line":23,"column":4},"end":{"line":32,"column":5}},"3":{"start":{"line":25,"column":8},"end":{"line":27,"column":10}},"4":{"start":{"line":29,"column":8},"end":{"line":29,"column":44}},"5":{"start":{"line":31,"column":8},"end":{"line":31,"column":36}}},"fnMap":{"0":{"name":"(anonymous_0)","decl":{"start":{"line":9,"column":2},"end":{"line":9,"column":3}},"loc":{"start":{"line":12,"column":4},"end":{"line":12,"column":6}},"line":12},"1":{"name":"(anonymous_1)","decl":{"start":{"line":14,"column":2},"end":{"line":14,"column":3}},"loc":{"start":{"line":14,"column":75},"end":{"line":33,"column":3}},"line":14}},"branchMap":{"0":{"loc":{"start":{"line":21,"column":19},"end":{"line":21,"column":60}},"type":"binary-expr","locations":[{"start":{"line":21,"column":19},"end":{"line":21,"column":52}},{"start":{"line":21,"column":56},"end":{"line":21,"column":60}}],"line":21},"1":{"loc":{"start":{"line":23,"column":4},"end":{"line":32,"column":5}},"type":"switch","locations":[{"start":{"line":24,"column":6},"end":{"line":27,"column":10}},{"start":{"line":28,"column":6},"end":{"line":29,"column":44}},{"start":{"line":30,"column":6},"end":{"line":31,"column":36}}],"line":23}},"s":{"0":0,"1":0,"2":0,"3":0,"4":0,"5":0},"f":{"0":0,"1":0},"b":{"0":[0,0],"1":[0,0,0]}}
,"/Users/JoaoGabriel/Documents/Projects/Personal/karsten-konecta/src/data/usecases/authentication/remote-get-authentication-token.ts": {"path":"/Users/JoaoGabriel/Documents/Projects/Personal/karsten-konecta/src/data/usecases/authentication/remote-get-authentication-token.ts","statementMap":{"0":{"start":{"line":16,"column":25},"end":{"line":24,"column":6}},"1":{"start":{"line":26,"column":4},"end":{"line":35,"column":5}},"2":{"start":{"line":28,"column":23},"end":{"line":28,"column":47}},"3":{"start":{"line":29,"column":8},"end":{"line":32,"column":10}},"4":{"start":{"line":34,"column":8},"end":{"line":34,"column":36}}},"fnMap":{"0":{"name":"(anonymous_0)","decl":{"start":{"line":10,"column":2},"end":{"line":10,"column":3}},"loc":{"start":{"line":13,"column":4},"end":{"line":13,"column":6}},"line":13},"1":{"name":"(anonymous_1)","decl":{"start":{"line":15,"column":2},"end":{"line":15,"column":3}},"loc":{"start":{"line":15,"column":53},"end":{"line":36,"column":3}},"line":15}},"branchMap":{"0":{"loc":{"start":{"line":26,"column":4},"end":{"line":35,"column":5}},"type":"switch","locations":[{"start":{"line":27,"column":6},"end":{"line":32,"column":10}},{"start":{"line":33,"column":6},"end":{"line":34,"column":36}}],"line":26}},"s":{"0":0,"1":0,"2":0,"3":0,"4":0},"f":{"0":0,"1":0},"b":{"0":[0,0]}}
,"/Users/JoaoGabriel/Documents/Projects/Personal/karsten-konecta/src/data/usecases/cep/remote-get-address-by-cep.ts": {"path":"/Users/JoaoGabriel/Documents/Projects/Personal/karsten-konecta/src/data/usecases/cep/remote-get-address-by-cep.ts","statementMap":{"0":{"start":{"line":14,"column":25},"end":{"line":20,"column":6}},"1":{"start":{"line":22,"column":4},"end":{"line":37,"column":5}},"2":{"start":{"line":24,"column":23},"end":{"line":24,"column":47}},"3":{"start":{"line":26,"column":8},"end":{"line":34,"column":10}},"4":{"start":{"line":36,"column":8},"end":{"line":36,"column":36}}},"fnMap":{"0":{"name":"(anonymous_0)","decl":{"start":{"line":6,"column":2},"end":{"line":6,"column":3}},"loc":{"start":{"line":9,"column":4},"end":{"line":9,"column":6}},"line":9},"1":{"name":"(anonymous_1)","decl":{"start":{"line":11,"column":2},"end":{"line":11,"column":3}},"loc":{"start":{"line":13,"column":61},"end":{"line":38,"column":3}},"line":13}},"branchMap":{"0":{"loc":{"start":{"line":22,"column":4},"end":{"line":37,"column":5}},"type":"switch","locations":[{"start":{"line":23,"column":6},"end":{"line":34,"column":10}},{"start":{"line":35,"column":6},"end":{"line":36,"column":36}}],"line":22}},"s":{"0":0,"1":0,"2":0,"3":0,"4":0},"f":{"0":0,"1":0},"b":{"0":[0,0]}}
,"/Users/JoaoGabriel/Documents/Projects/Personal/karsten-konecta/src/data/usecases/customer/remote-create-customer-address.ts": {"path":"/Users/JoaoGabriel/Documents/Projects/Personal/karsten-konecta/src/data/usecases/customer/remote-create-customer-address.ts","statementMap":{"0":{"start":{"line":15,"column":25},"end":{"line":31,"column":6}},"1":{"start":{"line":33,"column":4},"end":{"line":38,"column":5}},"2":{"start":{"line":35,"column":8},"end":{"line":35,"column":15}},"3":{"start":{"line":37,"column":8},"end":{"line":37,"column":36}}},"fnMap":{"0":{"name":"(anonymous_0)","decl":{"start":{"line":6,"column":2},"end":{"line":6,"column":3}},"loc":{"start":{"line":9,"column":4},"end":{"line":9,"column":6}},"line":9},"1":{"name":"(anonymous_1)","decl":{"start":{"line":11,"column":2},"end":{"line":11,"column":3}},"loc":{"start":{"line":14,"column":73},"end":{"line":39,"column":3}},"line":14}},"branchMap":{"0":{"loc":{"start":{"line":33,"column":4},"end":{"line":38,"column":5}},"type":"switch","locations":[{"start":{"line":34,"column":6},"end":{"line":35,"column":15}},{"start":{"line":36,"column":6},"end":{"line":37,"column":36}}],"line":33}},"s":{"0":0,"1":0,"2":0,"3":0},"f":{"0":0,"1":0},"b":{"0":[0,0]}}
,"/Users/JoaoGabriel/Documents/Projects/Personal/karsten-konecta/src/data/usecases/customer/remote-create-customer.ts": {"path":"/Users/JoaoGabriel/Documents/Projects/Personal/karsten-konecta/src/data/usecases/customer/remote-create-customer.ts","statementMap":{"0":{"start":{"line":17,"column":25},"end":{"line":44,"column":6}},"1":{"start":{"line":46,"column":4},"end":{"line":51,"column":5}},"2":{"start":{"line":48,"column":8},"end":{"line":48,"column":15}},"3":{"start":{"line":50,"column":8},"end":{"line":50,"column":36}}},"fnMap":{"0":{"name":"(anonymous_0)","decl":{"start":{"line":7,"column":2},"end":{"line":7,"column":3}},"loc":{"start":{"line":10,"column":4},"end":{"line":10,"column":6}},"line":10},"1":{"name":"(anonymous_1)","decl":{"start":{"line":12,"column":2},"end":{"line":12,"column":3}},"loc":{"start":{"line":16,"column":59},"end":{"line":52,"column":3}},"line":16}},"branchMap":{"0":{"loc":{"start":{"line":31,"column":12},"end":{"line":42,"column":13}},"type":"cond-expr","locations":[{"start":{"line":32,"column":12},"end":{"line":35,"column":13}},{"start":{"line":36,"column":12},"end":{"line":42,"column":13}}],"line":31},"1":{"loc":{"start":{"line":33,"column":31},"end":{"line":33,"column":76}},"type":"binary-expr","locations":[{"start":{"line":33,"column":31},"end":{"line":33,"column":54}},{"start":{"line":33,"column":58},"end":{"line":33,"column":76}}],"line":33},"2":{"loc":{"start":{"line":34,"column":22},"end":{"line":34,"column":61}},"type":"binary-expr","locations":[{"start":{"line":34,"column":22},"end":{"line":34,"column":42}},{"start":{"line":34,"column":46},"end":{"line":34,"column":61}}],"line":34},"3":{"loc":{"start":{"line":37,"column":28},"end":{"line":37,"column":77}},"type":"binary-expr","locations":[{"start":{"line":37,"column":28},"end":{"line":37,"column":53}},{"start":{"line":37,"column":57},"end":{"line":37,"column":77}}],"line":37},"4":{"loc":{"start":{"line":39,"column":16},"end":{"line":39,"column":77}},"type":"binary-expr","locations":[{"start":{"line":39,"column":16},"end":{"line":39,"column":47}},{"start":{"line":39,"column":51},"end":{"line":39,"column":77}}],"line":39},"5":{"loc":{"start":{"line":41,"column":16},"end":{"line":41,"column":73}},"type":"binary-expr","locations":[{"start":{"line":41,"column":16},"end":{"line":41,"column":45}},{"start":{"line":41,"column":49},"end":{"line":41,"column":73}}],"line":41},"6":{"loc":{"start":{"line":46,"column":4},"end":{"line":51,"column":5}},"type":"switch","locations":[{"start":{"line":47,"column":6},"end":{"line":48,"column":15}},{"start":{"line":49,"column":6},"end":{"line":50,"column":36}}],"line":46}},"s":{"0":0,"1":0,"2":0,"3":0},"f":{"0":0,"1":0},"b":{"0":[0,0],"1":[0,0],"2":[0,0],"3":[0,0],"4":[0,0],"5":[0,0],"6":[0,0]}}
,"/Users/JoaoGabriel/Documents/Projects/Personal/karsten-konecta/src/data/usecases/customer/remote-edit-customer-address.ts": {"path":"/Users/JoaoGabriel/Documents/Projects/Personal/karsten-konecta/src/data/usecases/customer/remote-edit-customer-address.ts","statementMap":{"0":{"start":{"line":15,"column":25},"end":{"line":32,"column":6}},"1":{"start":{"line":34,"column":4},"end":{"line":39,"column":5}},"2":{"start":{"line":36,"column":8},"end":{"line":36,"column":15}},"3":{"start":{"line":38,"column":8},"end":{"line":38,"column":36}}},"fnMap":{"0":{"name":"(anonymous_0)","decl":{"start":{"line":6,"column":2},"end":{"line":6,"column":3}},"loc":{"start":{"line":9,"column":4},"end":{"line":9,"column":6}},"line":9},"1":{"name":"(anonymous_1)","decl":{"start":{"line":11,"column":2},"end":{"line":11,"column":3}},"loc":{"start":{"line":14,"column":69},"end":{"line":40,"column":3}},"line":14}},"branchMap":{"0":{"loc":{"start":{"line":34,"column":4},"end":{"line":39,"column":5}},"type":"switch","locations":[{"start":{"line":35,"column":6},"end":{"line":36,"column":15}},{"start":{"line":37,"column":6},"end":{"line":38,"column":36}}],"line":34}},"s":{"0":0,"1":0,"2":0,"3":0},"f":{"0":0,"1":0},"b":{"0":[0,0]}}
,"/Users/JoaoGabriel/Documents/Projects/Personal/karsten-konecta/src/data/usecases/customer/remote-edit-customer.ts": {"path":"/Users/JoaoGabriel/Documents/Projects/Personal/karsten-konecta/src/data/usecases/customer/remote-edit-customer.ts","statementMap":{"0":{"start":{"line":17,"column":25},"end":{"line":44,"column":6}},"1":{"start":{"line":46,"column":4},"end":{"line":51,"column":5}},"2":{"start":{"line":48,"column":8},"end":{"line":48,"column":15}},"3":{"start":{"line":50,"column":8},"end":{"line":50,"column":36}}},"fnMap":{"0":{"name":"(anonymous_0)","decl":{"start":{"line":7,"column":2},"end":{"line":7,"column":3}},"loc":{"start":{"line":10,"column":4},"end":{"line":10,"column":6}},"line":10},"1":{"name":"(anonymous_1)","decl":{"start":{"line":12,"column":2},"end":{"line":12,"column":3}},"loc":{"start":{"line":16,"column":55},"end":{"line":52,"column":3}},"line":16}},"branchMap":{"0":{"loc":{"start":{"line":31,"column":12},"end":{"line":42,"column":13}},"type":"cond-expr","locations":[{"start":{"line":32,"column":12},"end":{"line":35,"column":13}},{"start":{"line":36,"column":12},"end":{"line":42,"column":13}}],"line":31},"1":{"loc":{"start":{"line":33,"column":31},"end":{"line":33,"column":76}},"type":"binary-expr","locations":[{"start":{"line":33,"column":31},"end":{"line":33,"column":54}},{"start":{"line":33,"column":58},"end":{"line":33,"column":76}}],"line":33},"2":{"loc":{"start":{"line":34,"column":22},"end":{"line":34,"column":61}},"type":"binary-expr","locations":[{"start":{"line":34,"column":22},"end":{"line":34,"column":42}},{"start":{"line":34,"column":46},"end":{"line":34,"column":61}}],"line":34},"3":{"loc":{"start":{"line":37,"column":28},"end":{"line":37,"column":77}},"type":"binary-expr","locations":[{"start":{"line":37,"column":28},"end":{"line":37,"column":53}},{"start":{"line":37,"column":57},"end":{"line":37,"column":77}}],"line":37},"4":{"loc":{"start":{"line":39,"column":16},"end":{"line":39,"column":77}},"type":"binary-expr","locations":[{"start":{"line":39,"column":16},"end":{"line":39,"column":47}},{"start":{"line":39,"column":51},"end":{"line":39,"column":77}}],"line":39},"5":{"loc":{"start":{"line":41,"column":16},"end":{"line":41,"column":73}},"type":"binary-expr","locations":[{"start":{"line":41,"column":16},"end":{"line":41,"column":45}},{"start":{"line":41,"column":49},"end":{"line":41,"column":73}}],"line":41},"6":{"loc":{"start":{"line":46,"column":4},"end":{"line":51,"column":5}},"type":"switch","locations":[{"start":{"line":47,"column":6},"end":{"line":48,"column":15}},{"start":{"line":49,"column":6},"end":{"line":50,"column":36}}],"line":46}},"s":{"0":0,"1":0,"2":0,"3":0},"f":{"0":0,"1":0},"b":{"0":[0,0],"1":[0,0],"2":[0,0],"3":[0,0],"4":[0,0],"5":[0,0],"6":[0,0]}}
,"/Users/JoaoGabriel/Documents/Projects/Personal/karsten-konecta/src/data/usecases/customer/remote-get-customer-address-list.ts": {"path":"/Users/JoaoGabriel/Documents/Projects/Personal/karsten-konecta/src/data/usecases/customer/remote-get-customer-address-list.ts","statementMap":{"0":{"start":{"line":15,"column":25},"end":{"line":21,"column":6}},"1":{"start":{"line":23,"column":4},"end":{"line":44,"column":5}},"2":{"start":{"line":25,"column":23},"end":{"line":25,"column":48}},"3":{"start":{"line":27,"column":8},"end":{"line":41,"column":10}},"4":{"start":{"line":28,"column":45},"end":{"line":40,"column":11}},"5":{"start":{"line":43,"column":8},"end":{"line":43,"column":36}}},"fnMap":{"0":{"name":"(anonymous_0)","decl":{"start":{"line":7,"column":2},"end":{"line":7,"column":3}},"loc":{"start":{"line":10,"column":4},"end":{"line":10,"column":6}},"line":10},"1":{"name":"(anonymous_1)","decl":{"start":{"line":12,"column":2},"end":{"line":12,"column":3}},"loc":{"start":{"line":14,"column":75},"end":{"line":45,"column":3}},"line":14},"2":{"name":"(anonymous_2)","decl":{"start":{"line":28,"column":34},"end":{"line":28,"column":35}},"loc":{"start":{"line":28,"column":45},"end":{"line":40,"column":11}},"line":28}},"branchMap":{"0":{"loc":{"start":{"line":23,"column":4},"end":{"line":44,"column":5}},"type":"switch","locations":[{"start":{"line":24,"column":6},"end":{"line":41,"column":10}},{"start":{"line":42,"column":6},"end":{"line":43,"column":36}}],"line":23}},"s":{"0":0,"1":0,"2":0,"3":0,"4":0,"5":0},"f":{"0":0,"1":0,"2":0},"b":{"0":[0,0]}}
,"/Users/JoaoGabriel/Documents/Projects/Personal/karsten-konecta/src/data/usecases/customer/remote-get-customer.ts": {"path":"/Users/JoaoGabriel/Documents/Projects/Personal/karsten-konecta/src/data/usecases/customer/remote-get-customer.ts","statementMap":{"0":{"start":{"line":17,"column":25},"end":{"line":24,"column":6}},"1":{"start":{"line":26,"column":19},"end":{"line":26,"column":44}},"2":{"start":{"line":28,"column":23},"end":{"line":30,"column":26}},"3":{"start":{"line":32,"column":4},"end":{"line":73,"column":5}},"4":{"start":{"line":34,"column":8},"end":{"line":70,"column":10}},"5":{"start":{"line":56,"column":46},"end":{"line":68,"column":15}},"6":{"start":{"line":72,"column":8},"end":{"line":72,"column":36}}},"fnMap":{"0":{"name":"(anonymous_0)","decl":{"start":{"line":11,"column":2},"end":{"line":11,"column":3}},"loc":{"start":{"line":14,"column":4},"end":{"line":14,"column":6}},"line":14},"1":{"name":"(anonymous_1)","decl":{"start":{"line":16,"column":2},"end":{"line":16,"column":3}},"loc":{"start":{"line":16,"column":64},"end":{"line":74,"column":3}},"line":16},"2":{"name":"(anonymous_2)","decl":{"start":{"line":56,"column":35},"end":{"line":56,"column":36}},"loc":{"start":{"line":56,"column":46},"end":{"line":68,"column":15}},"line":56}},"branchMap":{"0":{"loc":{"start":{"line":28,"column":23},"end":{"line":30,"column":26}},"type":"cond-expr","locations":[{"start":{"line":29,"column":8},"end":{"line":29,"column":24}},{"start":{"line":30,"column":8},"end":{"line":30,"column":26}}],"line":28},"1":{"loc":{"start":{"line":32,"column":4},"end":{"line":73,"column":5}},"type":"switch","locations":[{"start":{"line":33,"column":6},"end":{"line":70,"column":10}},{"start":{"line":71,"column":6},"end":{"line":72,"column":36}}],"line":32},"2":{"loc":{"start":{"line":41,"column":14},"end":{"line":50,"column":15}},"type":"cond-expr","locations":[{"start":{"line":42,"column":14},"end":{"line":45,"column":15}},{"start":{"line":46,"column":14},"end":{"line":50,"column":15}}],"line":41},"3":{"loc":{"start":{"line":55,"column":23},"end":{"line":69,"column":16}},"type":"cond-expr","locations":[{"start":{"line":56,"column":14},"end":{"line":68,"column":17}},{"start":{"line":69,"column":14},"end":{"line":69,"column":16}}],"line":55}},"s":{"0":0,"1":0,"2":0,"3":0,"4":0,"5":0,"6":0},"f":{"0":0,"1":0,"2":0},"b":{"0":[0,0],"1":[0,0],"2":[0,0],"3":[0,0]}}
,"/Users/JoaoGabriel/Documents/Projects/Personal/karsten-konecta/src/data/usecases/order/remote-get-order-details.ts": {"path":"/Users/JoaoGabriel/Documents/Projects/Personal/karsten-konecta/src/data/usecases/order/remote-get-order-details.ts","statementMap":{"0":{"start":{"line":16,"column":25},"end":{"line":23,"column":6}},"1":{"start":{"line":25,"column":4},"end":{"line":81,"column":5}},"2":{"start":{"line":27,"column":23},"end":{"line":27,"column":47}},"3":{"start":{"line":28,"column":8},"end":{"line":28,"column":28}},"4":{"start":{"line":30,"column":8},"end":{"line":77,"column":10}},"5":{"start":{"line":70,"column":62},"end":{"line":76,"column":11}},"6":{"start":{"line":80,"column":8},"end":{"line":80,"column":36}}},"fnMap":{"0":{"name":"(anonymous_0)","decl":{"start":{"line":7,"column":2},"end":{"line":7,"column":3}},"loc":{"start":{"line":10,"column":4},"end":{"line":10,"column":6}},"line":10},"1":{"name":"(anonymous_1)","decl":{"start":{"line":12,"column":2},"end":{"line":12,"column":3}},"loc":{"start":{"line":15,"column":61},"end":{"line":82,"column":3}},"line":15},"2":{"name":"(anonymous_2)","decl":{"start":{"line":70,"column":51},"end":{"line":70,"column":52}},"loc":{"start":{"line":70,"column":62},"end":{"line":76,"column":11}},"line":70}},"branchMap":{"0":{"loc":{"start":{"line":25,"column":4},"end":{"line":81,"column":5}},"type":"switch","locations":[{"start":{"line":26,"column":6},"end":{"line":77,"column":10}},{"start":{"line":79,"column":6},"end":{"line":80,"column":36}}],"line":25},"1":{"loc":{"start":{"line":41,"column":19},"end":{"line":65,"column":15}},"type":"cond-expr","locations":[{"start":{"line":42,"column":14},"end":{"line":54,"column":15}},{"start":{"line":55,"column":14},"end":{"line":65,"column":15}}],"line":41}},"s":{"0":0,"1":0,"2":0,"3":0,"4":0,"5":0,"6":0},"f":{"0":0,"1":0,"2":0},"b":{"0":[0,0],"1":[0,0]}}
,"/Users/JoaoGabriel/Documents/Projects/Personal/karsten-konecta/src/data/usecases/product/remote-get-product-categories.ts": {"path":"/Users/JoaoGabriel/Documents/Projects/Personal/karsten-konecta/src/data/usecases/product/remote-get-product-categories.ts","statementMap":{"0":{"start":{"line":12,"column":25},"end":{"line":15,"column":6}},"1":{"start":{"line":17,"column":4},"end":{"line":30,"column":5}},"2":{"start":{"line":19,"column":23},"end":{"line":19,"column":47}},"3":{"start":{"line":21,"column":8},"end":{"line":26,"column":10}},"4":{"start":{"line":22,"column":59},"end":{"line":25,"column":11}},"5":{"start":{"line":29,"column":8},"end":{"line":29,"column":36}}},"fnMap":{"0":{"name":"(anonymous_0)","decl":{"start":{"line":6,"column":2},"end":{"line":6,"column":3}},"loc":{"start":{"line":9,"column":4},"end":{"line":9,"column":6}},"line":9},"1":{"name":"(anonymous_1)","decl":{"start":{"line":11,"column":2},"end":{"line":11,"column":3}},"loc":{"start":{"line":11,"column":55},"end":{"line":31,"column":3}},"line":11},"2":{"name":"(anonymous_2)","decl":{"start":{"line":22,"column":48},"end":{"line":22,"column":49}},"loc":{"start":{"line":22,"column":59},"end":{"line":25,"column":11}},"line":22}},"branchMap":{"0":{"loc":{"start":{"line":17,"column":4},"end":{"line":30,"column":5}},"type":"switch","locations":[{"start":{"line":18,"column":6},"end":{"line":26,"column":10}},{"start":{"line":28,"column":6},"end":{"line":29,"column":36}}],"line":17}},"s":{"0":0,"1":0,"2":0,"3":0,"4":0,"5":0},"f":{"0":0,"1":0,"2":0},"b":{"0":[0,0]}}
,"/Users/JoaoGabriel/Documents/Projects/Personal/karsten-konecta/src/data/usecases/product/remote-get-product-details.ts": {"path":"/Users/JoaoGabriel/Documents/Projects/Personal/karsten-konecta/src/data/usecases/product/remote-get-product-details.ts","statementMap":{"0":{"start":{"line":16,"column":25},"end":{"line":23,"column":6}},"1":{"start":{"line":25,"column":4},"end":{"line":92,"column":5}},"2":{"start":{"line":27,"column":23},"end":{"line":27,"column":47}},"3":{"start":{"line":29,"column":8},"end":{"line":88,"column":10}},"4":{"start":{"line":30,"column":54},"end":{"line":30,"column":62}},"5":{"start":{"line":32,"column":58},"end":{"line":37,"column":11}},"6":{"start":{"line":43,"column":52},"end":{"line":46,"column":13}},"7":{"start":{"line":83,"column":22},"end":{"line":83,"column":46}},"8":{"start":{"line":91,"column":8},"end":{"line":91,"column":36}}},"fnMap":{"0":{"name":"(anonymous_0)","decl":{"start":{"line":7,"column":2},"end":{"line":7,"column":3}},"loc":{"start":{"line":10,"column":4},"end":{"line":10,"column":6}},"line":10},"1":{"name":"(anonymous_1)","decl":{"start":{"line":12,"column":2},"end":{"line":12,"column":3}},"loc":{"start":{"line":15,"column":65},"end":{"line":93,"column":3}},"line":15},"2":{"name":"(anonymous_2)","decl":{"start":{"line":30,"column":44},"end":{"line":30,"column":45}},"loc":{"start":{"line":30,"column":54},"end":{"line":30,"column":62}},"line":30},"3":{"name":"(anonymous_3)","decl":{"start":{"line":32,"column":44},"end":{"line":32,"column":45}},"loc":{"start":{"line":32,"column":58},"end":{"line":37,"column":11}},"line":32},"4":{"name":"(anonymous_4)","decl":{"start":{"line":43,"column":41},"end":{"line":43,"column":42}},"loc":{"start":{"line":43,"column":52},"end":{"line":46,"column":13}},"line":43},"5":{"name":"(anonymous_5)","decl":{"start":{"line":83,"column":12},"end":{"line":83,"column":13}},"loc":{"start":{"line":83,"column":22},"end":{"line":83,"column":46}},"line":83}},"branchMap":{"0":{"loc":{"start":{"line":25,"column":4},"end":{"line":92,"column":5}},"type":"switch","locations":[{"start":{"line":26,"column":6},"end":{"line":88,"column":10}},{"start":{"line":90,"column":6},"end":{"line":91,"column":36}}],"line":25}},"s":{"0":0,"1":0,"2":0,"3":0,"4":0,"5":0,"6":0,"7":0,"8":0},"f":{"0":0,"1":0,"2":0,"3":0,"4":0,"5":0},"b":{"0":[0,0]}}
,"/Users/JoaoGabriel/Documents/Projects/Personal/karsten-konecta/src/data/usecases/product/remote-get-product-grid.ts": {"path":"/Users/JoaoGabriel/Documents/Projects/Personal/karsten-konecta/src/data/usecases/product/remote-get-product-grid.ts","statementMap":{"0":{"start":{"line":16,"column":25},"end":{"line":22,"column":6}},"1":{"start":{"line":24,"column":4},"end":{"line":42,"column":5}},"2":{"start":{"line":26,"column":23},"end":{"line":26,"column":47}},"3":{"start":{"line":28,"column":8},"end":{"line":38,"column":10}},"4":{"start":{"line":29,"column":57},"end":{"line":37,"column":11}},"5":{"start":{"line":33,"column":59},"end":{"line":36,"column":13}},"6":{"start":{"line":41,"column":8},"end":{"line":41,"column":36}}},"fnMap":{"0":{"name":"(anonymous_0)","decl":{"start":{"line":7,"column":2},"end":{"line":7,"column":3}},"loc":{"start":{"line":10,"column":4},"end":{"line":10,"column":6}},"line":10},"1":{"name":"(anonymous_1)","decl":{"start":{"line":12,"column":2},"end":{"line":12,"column":3}},"loc":{"start":{"line":15,"column":59},"end":{"line":43,"column":3}},"line":15},"2":{"name":"(anonymous_2)","decl":{"start":{"line":29,"column":43},"end":{"line":29,"column":44}},"loc":{"start":{"line":29,"column":57},"end":{"line":37,"column":11}},"line":29},"3":{"name":"(anonymous_3)","decl":{"start":{"line":33,"column":48},"end":{"line":33,"column":49}},"loc":{"start":{"line":33,"column":59},"end":{"line":36,"column":13}},"line":33}},"branchMap":{"0":{"loc":{"start":{"line":24,"column":4},"end":{"line":42,"column":5}},"type":"switch","locations":[{"start":{"line":25,"column":6},"end":{"line":38,"column":10}},{"start":{"line":40,"column":6},"end":{"line":41,"column":36}}],"line":24}},"s":{"0":0,"1":0,"2":0,"3":0,"4":0,"5":0,"6":0},"f":{"0":0,"1":0,"2":0,"3":0},"b":{"0":[0,0]}}
,"/Users/JoaoGabriel/Documents/Projects/Personal/karsten-konecta/src/data/usecases/product/remote-get-product-list.ts": {"path":"/Users/JoaoGabriel/Documents/Projects/Personal/karsten-konecta/src/data/usecases/product/remote-get-product-list.ts","statementMap":{"0":{"start":{"line":21,"column":25},"end":{"line":32,"column":6}},"1":{"start":{"line":34,"column":4},"end":{"line":51,"column":5}},"2":{"start":{"line":36,"column":8},"end":{"line":47,"column":10}},"3":{"start":{"line":38,"column":26},"end":{"line":44,"column":13}},"4":{"start":{"line":50,"column":8},"end":{"line":50,"column":36}}},"fnMap":{"0":{"name":"(anonymous_0)","decl":{"start":{"line":8,"column":2},"end":{"line":8,"column":3}},"loc":{"start":{"line":11,"column":4},"end":{"line":11,"column":6}},"line":11},"1":{"name":"(anonymous_1)","decl":{"start":{"line":13,"column":2},"end":{"line":13,"column":3}},"loc":{"start":{"line":20,"column":59},"end":{"line":52,"column":3}},"line":20},"2":{"name":"(anonymous_2)","decl":{"start":{"line":38,"column":12},"end":{"line":38,"column":13}},"loc":{"start":{"line":38,"column":26},"end":{"line":44,"column":13}},"line":38}},"branchMap":{"0":{"loc":{"start":{"line":34,"column":4},"end":{"line":51,"column":5}},"type":"switch","locations":[{"start":{"line":35,"column":6},"end":{"line":47,"column":10}},{"start":{"line":49,"column":6},"end":{"line":50,"column":36}}],"line":34}},"s":{"0":0,"1":0,"2":0,"3":0,"4":0},"f":{"0":0,"1":0,"2":0},"b":{"0":[0,0]}}
,"/Users/JoaoGabriel/Documents/Projects/Personal/karsten-konecta/src/data/usecases/product/remote-get-search-history.ts": {"path":"/Users/JoaoGabriel/Documents/Projects/Personal/karsten-konecta/src/data/usecases/product/remote-get-search-history.ts","statementMap":{"0":{"start":{"line":15,"column":25},"end":{"line":22,"column":6}},"1":{"start":{"line":24,"column":4},"end":{"line":34,"column":5}},"2":{"start":{"line":26,"column":8},"end":{"line":30,"column":10}},"3":{"start":{"line":28,"column":23},"end":{"line":28,"column":44}},"4":{"start":{"line":33,"column":8},"end":{"line":33,"column":36}}},"fnMap":{"0":{"name":"(anonymous_0)","decl":{"start":{"line":6,"column":2},"end":{"line":6,"column":3}},"loc":{"start":{"line":9,"column":4},"end":{"line":9,"column":6}},"line":9},"1":{"name":"(anonymous_1)","decl":{"start":{"line":11,"column":2},"end":{"line":11,"column":3}},"loc":{"start":{"line":14,"column":63},"end":{"line":35,"column":3}},"line":14},"2":{"name":"(anonymous_2)","decl":{"start":{"line":28,"column":12},"end":{"line":28,"column":13}},"loc":{"start":{"line":28,"column":23},"end":{"line":28,"column":44}},"line":28}},"branchMap":{"0":{"loc":{"start":{"line":24,"column":4},"end":{"line":34,"column":5}},"type":"switch","locations":[{"start":{"line":25,"column":6},"end":{"line":30,"column":10}},{"start":{"line":32,"column":6},"end":{"line":33,"column":36}}],"line":24}},"s":{"0":0,"1":0,"2":0,"3":0,"4":0},"f":{"0":0,"1":0,"2":0},"b":{"0":[0,0]}}
,"/Users/JoaoGabriel/Documents/Projects/Personal/karsten-konecta/src/data/usecases/report/remote-get-best-sellers-products.ts": {"path":"/Users/JoaoGabriel/Documents/Projects/Personal/karsten-konecta/src/data/usecases/report/remote-get-best-sellers-products.ts","statementMap":{"0":{"start":{"line":17,"column":25},"end":{"line":25,"column":6}},"1":{"start":{"line":27,"column":4},"end":{"line":41,"column":5}},"2":{"start":{"line":29,"column":23},"end":{"line":29,"column":48}},"3":{"start":{"line":31,"column":8},"end":{"line":38,"column":10}},"4":{"start":{"line":32,"column":66},"end":{"line":37,"column":11}},"5":{"start":{"line":40,"column":8},"end":{"line":40,"column":36}}},"fnMap":{"0":{"name":"(anonymous_0)","decl":{"start":{"line":7,"column":2},"end":{"line":7,"column":3}},"loc":{"start":{"line":10,"column":4},"end":{"line":10,"column":6}},"line":10},"1":{"name":"(anonymous_1)","decl":{"start":{"line":12,"column":2},"end":{"line":12,"column":3}},"loc":{"start":{"line":16,"column":75},"end":{"line":42,"column":3}},"line":16},"2":{"name":"(anonymous_2)","decl":{"start":{"line":32,"column":52},"end":{"line":32,"column":53}},"loc":{"start":{"line":32,"column":66},"end":{"line":37,"column":11}},"line":32}},"branchMap":{"0":{"loc":{"start":{"line":27,"column":4},"end":{"line":41,"column":5}},"type":"switch","locations":[{"start":{"line":28,"column":6},"end":{"line":38,"column":10}},{"start":{"line":39,"column":6},"end":{"line":40,"column":36}}],"line":27}},"s":{"0":0,"1":0,"2":0,"3":0,"4":0,"5":0},"f":{"0":0,"1":0,"2":0},"b":{"0":[0,0]}}
,"/Users/JoaoGabriel/Documents/Projects/Personal/karsten-konecta/src/data/usecases/report/remote-get-recent-products.ts": {"path":"/Users/JoaoGabriel/Documents/Projects/Personal/karsten-konecta/src/data/usecases/report/remote-get-recent-products.ts","statementMap":{"0":{"start":{"line":16,"column":25},"end":{"line":24,"column":6}},"1":{"start":{"line":26,"column":4},"end":{"line":40,"column":5}},"2":{"start":{"line":28,"column":23},"end":{"line":28,"column":48}},"3":{"start":{"line":30,"column":8},"end":{"line":37,"column":10}},"4":{"start":{"line":31,"column":67},"end":{"line":36,"column":11}},"5":{"start":{"line":39,"column":8},"end":{"line":39,"column":36}}},"fnMap":{"0":{"name":"(anonymous_0)","decl":{"start":{"line":6,"column":2},"end":{"line":6,"column":3}},"loc":{"start":{"line":9,"column":4},"end":{"line":9,"column":6}},"line":9},"1":{"name":"(anonymous_1)","decl":{"start":{"line":11,"column":2},"end":{"line":11,"column":3}},"loc":{"start":{"line":15,"column":65},"end":{"line":41,"column":3}},"line":15},"2":{"name":"(anonymous_2)","decl":{"start":{"line":31,"column":53},"end":{"line":31,"column":54}},"loc":{"start":{"line":31,"column":67},"end":{"line":36,"column":11}},"line":31}},"branchMap":{"0":{"loc":{"start":{"line":26,"column":4},"end":{"line":40,"column":5}},"type":"switch","locations":[{"start":{"line":27,"column":6},"end":{"line":37,"column":10}},{"start":{"line":38,"column":6},"end":{"line":39,"column":36}}],"line":26}},"s":{"0":0,"1":0,"2":0,"3":0,"4":0,"5":0},"f":{"0":0,"1":0,"2":0},"b":{"0":[0,0]}}
,"/Users/JoaoGabriel/Documents/Projects/Personal/karsten-konecta/src/data/usecases/sale-link/remote-create-sale-link.ts": {"path":"/Users/JoaoGabriel/Documents/Projects/Personal/karsten-konecta/src/data/usecases/sale-link/remote-create-sale-link.ts","statementMap":{"0":{"start":{"line":20,"column":25},"end":{"line":35,"column":6}},"1":{"start":{"line":28,"column":48},"end":{"line":31,"column":9}},"2":{"start":{"line":37,"column":4},"end":{"line":37,"column":45}},"3":{"start":{"line":39,"column":4},"end":{"line":48,"column":5}},"4":{"start":{"line":41,"column":23},"end":{"line":41,"column":48}},"5":{"start":{"line":43,"column":8},"end":{"line":45,"column":10}},"6":{"start":{"line":47,"column":8},"end":{"line":47,"column":36}}},"fnMap":{"0":{"name":"(anonymous_0)","decl":{"start":{"line":6,"column":2},"end":{"line":6,"column":3}},"loc":{"start":{"line":9,"column":4},"end":{"line":9,"column":6}},"line":9},"1":{"name":"(anonymous_1)","decl":{"start":{"line":11,"column":2},"end":{"line":11,"column":3}},"loc":{"start":{"line":19,"column":59},"end":{"line":49,"column":3}},"line":19},"2":{"name":"(anonymous_2)","decl":{"start":{"line":28,"column":37},"end":{"line":28,"column":38}},"loc":{"start":{"line":28,"column":48},"end":{"line":31,"column":9}},"line":28}},"branchMap":{"0":{"loc":{"start":{"line":39,"column":4},"end":{"line":48,"column":5}},"type":"switch","locations":[{"start":{"line":40,"column":6},"end":{"line":45,"column":10}},{"start":{"line":46,"column":6},"end":{"line":47,"column":36}}],"line":39}},"s":{"0":0,"1":0,"2":0,"3":0,"4":0,"5":0,"6":0},"f":{"0":0,"1":0,"2":0},"b":{"0":[0,0]}}
,"/Users/JoaoGabriel/Documents/Projects/Personal/karsten-konecta/src/data/usecases/sale-link/remote-get-sale-link-configuration.ts": {"path":"/Users/JoaoGabriel/Documents/Projects/Personal/karsten-konecta/src/data/usecases/sale-link/remote-get-sale-link-configuration.ts","statementMap":{"0":{"start":{"line":16,"column":25},"end":{"line":22,"column":6}},"1":{"start":{"line":24,"column":4},"end":{"line":36,"column":5}},"2":{"start":{"line":26,"column":23},"end":{"line":26,"column":48}},"3":{"start":{"line":28,"column":8},"end":{"line":33,"column":10}},"4":{"start":{"line":29,"column":56},"end":{"line":32,"column":11}},"5":{"start":{"line":35,"column":8},"end":{"line":35,"column":36}}},"fnMap":{"0":{"name":"(anonymous_0)","decl":{"start":{"line":8,"column":2},"end":{"line":8,"column":3}},"loc":{"start":{"line":11,"column":4},"end":{"line":11,"column":6}},"line":11},"1":{"name":"(anonymous_1)","decl":{"start":{"line":13,"column":2},"end":{"line":13,"column":3}},"loc":{"start":{"line":15,"column":79},"end":{"line":37,"column":3}},"line":15},"2":{"name":"(anonymous_2)","decl":{"start":{"line":29,"column":45},"end":{"line":29,"column":46}},"loc":{"start":{"line":29,"column":56},"end":{"line":32,"column":11}},"line":29}},"branchMap":{"0":{"loc":{"start":{"line":24,"column":4},"end":{"line":36,"column":5}},"type":"switch","locations":[{"start":{"line":25,"column":6},"end":{"line":33,"column":10}},{"start":{"line":34,"column":6},"end":{"line":35,"column":36}}],"line":24}},"s":{"0":0,"1":0,"2":0,"3":0,"4":0,"5":0},"f":{"0":0,"1":0,"2":0},"b":{"0":[0,0]}}
,"/Users/JoaoGabriel/Documents/Projects/Personal/karsten-konecta/src/data/usecases/shipping/remote-get-shipping-info.ts": {"path":"/Users/JoaoGabriel/Documents/Projects/Personal/karsten-konecta/src/data/usecases/shipping/remote-get-shipping-info.ts","statementMap":{"0":{"start":{"line":17,"column":25},"end":{"line":25,"column":6}},"1":{"start":{"line":27,"column":4},"end":{"line":60,"column":5}},"2":{"start":{"line":29,"column":23},"end":{"line":29,"column":47}},"3":{"start":{"line":31,"column":8},"end":{"line":31,"column":28}},"4":{"start":{"line":33,"column":33},"end":{"line":40,"column":11}},"5":{"start":{"line":33,"column":57},"end":{"line":40,"column":9}},"6":{"start":{"line":42,"column":25},"end":{"line":51,"column":17}},"7":{"start":{"line":44,"column":14},"end":{"line":44,"column":58}},"8":{"start":{"line":47,"column":14},"end":{"line":47,"column":49}},"9":{"start":{"line":50,"column":14},"end":{"line":50,"column":58}},"10":{"start":{"line":53,"column":8},"end":{"line":56,"column":10}},"11":{"start":{"line":59,"column":8},"end":{"line":59,"column":36}}},"fnMap":{"0":{"name":"(anonymous_0)","decl":{"start":{"line":6,"column":2},"end":{"line":6,"column":3}},"loc":{"start":{"line":9,"column":4},"end":{"line":9,"column":6}},"line":9},"1":{"name":"(anonymous_1)","decl":{"start":{"line":11,"column":2},"end":{"line":11,"column":3}},"loc":{"start":{"line":16,"column":61},"end":{"line":61,"column":3}},"line":16},"2":{"name":"(anonymous_2)","decl":{"start":{"line":33,"column":44},"end":{"line":33,"column":45}},"loc":{"start":{"line":33,"column":57},"end":{"line":40,"column":9}},"line":33},"3":{"name":"(anonymous_3)","decl":{"start":{"line":43,"column":34},"end":{"line":43,"column":35}},"loc":{"start":{"line":43,"column":44},"end":{"line":45,"column":13}},"line":43},"4":{"name":"(anonymous_4)","decl":{"start":{"line":46,"column":34},"end":{"line":46,"column":35}},"loc":{"start":{"line":47,"column":14},"end":{"line":47,"column":49}},"line":47},"5":{"name":"(anonymous_5)","decl":{"start":{"line":49,"column":34},"end":{"line":49,"column":35}},"loc":{"start":{"line":49,"column":44},"end":{"line":51,"column":13}},"line":49}},"branchMap":{"0":{"loc":{"start":{"line":15,"column":4},"end":{"line":15,"column":23}},"type":"default-arg","locations":[{"start":{"line":15,"column":18},"end":{"line":15,"column":23}}],"line":15},"1":{"loc":{"start":{"line":27,"column":4},"end":{"line":60,"column":5}},"type":"switch","locations":[{"start":{"line":28,"column":6},"end":{"line":56,"column":10}},{"start":{"line":58,"column":6},"end":{"line":59,"column":36}}],"line":27},"2":{"loc":{"start":{"line":42,"column":25},"end":{"line":51,"column":17}},"type":"cond-expr","locations":[{"start":{"line":43,"column":12},"end":{"line":45,"column":17}},{"start":{"line":46,"column":12},"end":{"line":51,"column":17}}],"line":42},"3":{"loc":{"start":{"line":44,"column":21},"end":{"line":44,"column":57}},"type":"binary-expr","locations":[{"start":{"line":44,"column":21},"end":{"line":44,"column":38}},{"start":{"line":44,"column":42},"end":{"line":44,"column":57}}],"line":44},"4":{"loc":{"start":{"line":46,"column":12},"end":{"line":51,"column":17}},"type":"binary-expr","locations":[{"start":{"line":46,"column":12},"end":{"line":48,"column":13}},{"start":{"line":49,"column":12},"end":{"line":51,"column":17}}],"line":46},"5":{"loc":{"start":{"line":50,"column":21},"end":{"line":50,"column":57}},"type":"binary-expr","locations":[{"start":{"line":50,"column":21},"end":{"line":50,"column":38}},{"start":{"line":50,"column":42},"end":{"line":50,"column":57}}],"line":50}},"s":{"0":0,"1":0,"2":0,"3":0,"4":0,"5":0,"6":0,"7":0,"8":0,"9":0,"10":0,"11":0},"f":{"0":0,"1":0,"2":0,"3":0,"4":0,"5":0},"b":{"0":[0],"1":[0,0],"2":[0,0],"3":[0,0],"4":[0,0],"5":[0,0]}}
,"/Users/JoaoGabriel/Documents/Projects/Personal/karsten-konecta/src/data/usecases/stock/remote-get-product-stock.ts": {"path":"/Users/JoaoGabriel/Documents/Projects/Personal/karsten-konecta/src/data/usecases/stock/remote-get-product-stock.ts","statementMap":{"0":{"start":{"line":14,"column":25},"end":{"line":20,"column":6}},"1":{"start":{"line":22,"column":4},"end":{"line":34,"column":5}},"2":{"start":{"line":24,"column":23},"end":{"line":24,"column":48}},"3":{"start":{"line":26,"column":8},"end":{"line":31,"column":10}},"4":{"start":{"line":27,"column":43},"end":{"line":30,"column":11}},"5":{"start":{"line":33,"column":8},"end":{"line":33,"column":36}}},"fnMap":{"0":{"name":"(anonymous_0)","decl":{"start":{"line":6,"column":2},"end":{"line":6,"column":3}},"loc":{"start":{"line":9,"column":4},"end":{"line":9,"column":6}},"line":9},"1":{"name":"(anonymous_1)","decl":{"start":{"line":11,"column":2},"end":{"line":11,"column":3}},"loc":{"start":{"line":13,"column":61},"end":{"line":35,"column":3}},"line":13},"2":{"name":"(anonymous_2)","decl":{"start":{"line":27,"column":32},"end":{"line":27,"column":33}},"loc":{"start":{"line":27,"column":43},"end":{"line":30,"column":11}},"line":27}},"branchMap":{"0":{"loc":{"start":{"line":22,"column":4},"end":{"line":34,"column":5}},"type":"switch","locations":[{"start":{"line":23,"column":6},"end":{"line":31,"column":10}},{"start":{"line":32,"column":6},"end":{"line":33,"column":36}}],"line":22}},"s":{"0":0,"1":0,"2":0,"3":0,"4":0,"5":0},"f":{"0":0,"1":0,"2":0},"b":{"0":[0,0]}}
,"/Users/JoaoGabriel/Documents/Projects/Personal/karsten-konecta/src/data/usecases/store/remote-get-store-address-list.ts": {"path":"/Users/JoaoGabriel/Documents/Projects/Personal/karsten-konecta/src/data/usecases/store/remote-get-store-address-list.ts","statementMap":{"0":{"start":{"line":12,"column":25},"end":{"line":15,"column":6}},"1":{"start":{"line":17,"column":4},"end":{"line":38,"column":5}},"2":{"start":{"line":19,"column":23},"end":{"line":19,"column":47}},"3":{"start":{"line":21,"column":8},"end":{"line":35,"column":10}},"4":{"start":{"line":23,"column":33},"end":{"line":23,"column":66}},"5":{"start":{"line":24,"column":31},"end":{"line":34,"column":13}},"6":{"start":{"line":37,"column":8},"end":{"line":37,"column":36}}},"fnMap":{"0":{"name":"(anonymous_0)","decl":{"start":{"line":6,"column":2},"end":{"line":6,"column":3}},"loc":{"start":{"line":9,"column":4},"end":{"line":9,"column":6}},"line":9},"1":{"name":"(anonymous_1)","decl":{"start":{"line":11,"column":2},"end":{"line":11,"column":3}},"loc":{"start":{"line":11,"column":54},"end":{"line":39,"column":3}},"line":11},"2":{"name":"(anonymous_2)","decl":{"start":{"line":23,"column":20},"end":{"line":23,"column":21}},"loc":{"start":{"line":23,"column":33},"end":{"line":23,"column":66}},"line":23},"3":{"name":"(anonymous_3)","decl":{"start":{"line":24,"column":17},"end":{"line":24,"column":18}},"loc":{"start":{"line":24,"column":31},"end":{"line":34,"column":13}},"line":24}},"branchMap":{"0":{"loc":{"start":{"line":17,"column":4},"end":{"line":38,"column":5}},"type":"switch","locations":[{"start":{"line":18,"column":6},"end":{"line":35,"column":10}},{"start":{"line":36,"column":6},"end":{"line":37,"column":36}}],"line":17},"1":{"loc":{"start":{"line":23,"column":33},"end":{"line":23,"column":66}},"type":"binary-expr","locations":[{"start":{"line":23,"column":33},"end":{"line":23,"column":49}},{"start":{"line":23,"column":53},"end":{"line":23,"column":66}}],"line":23}},"s":{"0":0,"1":0,"2":0,"3":0,"4":0,"5":0,"6":0},"f":{"0":0,"1":0,"2":0,"3":0},"b":{"0":[0,0],"1":[0,0]}}
,"/Users/JoaoGabriel/Documents/Projects/Personal/karsten-konecta/src/data/usecases/store/remote-get-store-list.ts": {"path":"/Users/JoaoGabriel/Documents/Projects/Personal/karsten-konecta/src/data/usecases/store/remote-get-store-list.ts","statementMap":{"0":{"start":{"line":17,"column":25},"end":{"line":25,"column":6}},"1":{"start":{"line":27,"column":4},"end":{"line":49,"column":5}},"2":{"start":{"line":29,"column":23},"end":{"line":29,"column":48}},"3":{"start":{"line":31,"column":8},"end":{"line":46,"column":10}},"4":{"start":{"line":34,"column":15},"end":{"line":43,"column":29}},"5":{"start":{"line":48,"column":8},"end":{"line":48,"column":36}}},"fnMap":{"0":{"name":"(anonymous_0)","decl":{"start":{"line":7,"column":2},"end":{"line":7,"column":3}},"loc":{"start":{"line":10,"column":4},"end":{"line":10,"column":6}},"line":10},"1":{"name":"(anonymous_1)","decl":{"start":{"line":12,"column":2},"end":{"line":12,"column":3}},"loc":{"start":{"line":16,"column":55},"end":{"line":50,"column":3}},"line":16},"2":{"name":"(anonymous_2)","decl":{"start":{"line":33,"column":12},"end":{"line":33,"column":13}},"loc":{"start":{"line":34,"column":15},"end":{"line":43,"column":29}},"line":34}},"branchMap":{"0":{"loc":{"start":{"line":27,"column":4},"end":{"line":49,"column":5}},"type":"switch","locations":[{"start":{"line":28,"column":6},"end":{"line":46,"column":10}},{"start":{"line":47,"column":6},"end":{"line":48,"column":36}}],"line":27}},"s":{"0":0,"1":0,"2":0,"3":0,"4":0,"5":0},"f":{"0":0,"1":0,"2":0},"b":{"0":[0,0]}}
,"/Users/JoaoGabriel/Documents/Projects/Personal/karsten-konecta/src/data/usecases/user/remote-get-user-data.ts": {"path":"/Users/JoaoGabriel/Documents/Projects/Personal/karsten-konecta/src/data/usecases/user/remote-get-user-data.ts","statementMap":{"0":{"start":{"line":15,"column":25},"end":{"line":18,"column":6}},"1":{"start":{"line":20,"column":4},"end":{"line":102,"column":5}},"2":{"start":{"line":22,"column":23},"end":{"line":22,"column":47}},"3":{"start":{"line":24,"column":35},"end":{"line":29,"column":9}},"4":{"start":{"line":31,"column":26},"end":{"line":39,"column":9}},"5":{"start":{"line":41,"column":27},"end":{"line":41,"column":29}},"6":{"start":{"line":42,"column":22},"end":{"line":42,"column":24}},"7":{"start":{"line":44,"column":32},"end":{"line":77,"column":9}},"8":{"start":{"line":46,"column":12},"end":{"line":67,"column":19}},"9":{"start":{"line":47,"column":14},"end":{"line":51,"column":23}},"10":{"start":{"line":51,"column":16},"end":{"line":51,"column":23}},"11":{"start":{"line":53,"column":14},"end":{"line":54,"column":62}},"12":{"start":{"line":54,"column":16},"end":{"line":54,"column":62}},"13":{"start":{"line":56,"column":14},"end":{"line":66,"column":15}},"14":{"start":{"line":58,"column":31},"end":{"line":58,"column":72}},"15":{"start":{"line":61,"column":16},"end":{"line":65,"column":19}},"16":{"start":{"line":69,"column":12},"end":{"line":72,"column":14}},"17":{"start":{"line":79,"column":25},"end":{"line":91,"column":11}},"18":{"start":{"line":81,"column":12},"end":{"line":87,"column":14}},"19":{"start":{"line":85,"column":45},"end":{"line":85,"column":69}},"20":{"start":{"line":90,"column":22},"end":{"line":90,"column":77}},"21":{"start":{"line":93,"column":8},"end":{"line":98,"column":10}},"22":{"start":{"line":101,"column":8},"end":{"line":101,"column":36}}},"fnMap":{"0":{"name":"(anonymous_0)","decl":{"start":{"line":9,"column":2},"end":{"line":9,"column":3}},"loc":{"start":{"line":12,"column":4},"end":{"line":12,"column":6}},"line":12},"1":{"name":"(anonymous_1)","decl":{"start":{"line":14,"column":2},"end":{"line":14,"column":3}},"loc":{"start":{"line":14,"column":46},"end":{"line":103,"column":3}},"line":14},"2":{"name":"(anonymous_2)","decl":{"start":{"line":45,"column":10},"end":{"line":45,"column":11}},"loc":{"start":{"line":45,"column":28},"end":{"line":73,"column":11}},"line":45},"3":{"name":"(anonymous_3)","decl":{"start":{"line":46,"column":39},"end":{"line":46,"column":40}},"loc":{"start":{"line":46,"column":49},"end":{"line":67,"column":13}},"line":46},"4":{"name":"(anonymous_4)","decl":{"start":{"line":58,"column":18},"end":{"line":58,"column":19}},"loc":{"start":{"line":58,"column":31},"end":{"line":58,"column":72}},"line":58},"5":{"name":"(anonymous_5)","decl":{"start":{"line":80,"column":18},"end":{"line":80,"column":19}},"loc":{"start":{"line":80,"column":33},"end":{"line":88,"column":11}},"line":80},"6":{"name":"(anonymous_6)","decl":{"start":{"line":85,"column":35},"end":{"line":85,"column":36}},"loc":{"start":{"line":85,"column":45},"end":{"line":85,"column":69}},"line":85},"7":{"name":"(anonymous_7)","decl":{"start":{"line":90,"column":12},"end":{"line":90,"column":13}},"loc":{"start":{"line":90,"column":22},"end":{"line":90,"column":77}},"line":90}},"branchMap":{"0":{"loc":{"start":{"line":20,"column":4},"end":{"line":102,"column":5}},"type":"switch","locations":[{"start":{"line":21,"column":6},"end":{"line":98,"column":10}},{"start":{"line":100,"column":6},"end":{"line":101,"column":36}}],"line":20},"1":{"loc":{"start":{"line":47,"column":14},"end":{"line":51,"column":23}},"type":"if","locations":[{"start":{"line":47,"column":14},"end":{"line":51,"column":23}},{"start":{},"end":{}}],"line":47},"2":{"loc":{"start":{"line":48,"column":16},"end":{"line":49,"column":66}},"type":"binary-expr","locations":[{"start":{"line":48,"column":16},"end":{"line":48,"column":38}},{"start":{"line":49,"column":16},"end":{"line":49,"column":66}}],"line":48},"3":{"loc":{"start":{"line":53,"column":14},"end":{"line":54,"column":62}},"type":"if","locations":[{"start":{"line":53,"column":14},"end":{"line":54,"column":62}},{"start":{},"end":{}}],"line":53},"4":{"loc":{"start":{"line":56,"column":14},"end":{"line":66,"column":15}},"type":"if","locations":[{"start":{"line":56,"column":14},"end":{"line":66,"column":15}},{"start":{},"end":{}}],"line":56}},"s":{"0":0,"1":0,"2":0,"3":0,"4":0,"5":0,"6":0,"7":0,"8":0,"9":0,"10":0,"11":0,"12":0,"13":0,"14":0,"15":0,"16":0,"17":0,"18":0,"19":0,"20":0,"21":0,"22":0},"f":{"0":0,"1":0,"2":0,"3":0,"4":0,"5":0,"6":0,"7":0},"b":{"0":[0,0],"1":[0,0],"2":[0,0],"3":[0,0],"4":[0,0]}}
,"/Users/JoaoGabriel/Documents/Projects/Personal/karsten-konecta/src/domain/errors/invalid-credentials-error.ts": {"path":"/Users/JoaoGabriel/Documents/Projects/Personal/karsten-konecta/src/domain/errors/invalid-credentials-error.ts","statementMap":{"0":{"start":{"line":3,"column":4},"end":{"line":3,"column":35}},"1":{"start":{"line":4,"column":4},"end":{"line":4,"column":42}}},"fnMap":{"0":{"name":"(anonymous_0)","decl":{"start":{"line":2,"column":2},"end":{"line":2,"column":3}},"loc":{"start":{"line":2,"column":16},"end":{"line":5,"column":3}},"line":2}},"branchMap":{},"s":{"0":0,"1":0},"f":{"0":0},"b":{}}
,"/Users/JoaoGabriel/Documents/Projects/Personal/karsten-konecta/src/domain/errors/unexpected-error.ts": {"path":"/Users/JoaoGabriel/Documents/Projects/Personal/karsten-konecta/src/domain/errors/unexpected-error.ts","statementMap":{"0":{"start":{"line":3,"column":4},"end":{"line":3,"column":65}},"1":{"start":{"line":4,"column":4},"end":{"line":4,"column":34}}},"fnMap":{"0":{"name":"(anonymous_0)","decl":{"start":{"line":2,"column":2},"end":{"line":2,"column":3}},"loc":{"start":{"line":2,"column":16},"end":{"line":5,"column":3}},"line":2}},"branchMap":{},"s":{"0":0,"1":0},"f":{"0":0},"b":{}}
,"/Users/JoaoGabriel/Documents/Projects/Personal/karsten-konecta/src/domain/models/account-model.ts": {"path":"/Users/JoaoGabriel/Documents/Projects/Personal/karsten-konecta/src/domain/models/account-model.ts","statementMap":{},"fnMap":{},"branchMap":{},"s":{},"f":{},"b":{}}
,"/Users/JoaoGabriel/Documents/Projects/Personal/karsten-konecta/src/domain/models/address.ts": {"path":"/Users/JoaoGabriel/Documents/Projects/Personal/karsten-konecta/src/domain/models/address.ts","statementMap":{},"fnMap":{},"branchMap":{},"s":{},"f":{},"b":{}}
,"/Users/JoaoGabriel/Documents/Projects/Personal/karsten-konecta/src/domain/models/attendance.ts": {"path":"/Users/JoaoGabriel/Documents/Projects/Personal/karsten-konecta/src/domain/models/attendance.ts","statementMap":{},"fnMap":{},"branchMap":{},"s":{},"f":{},"b":{}}
,"/Users/JoaoGabriel/Documents/Projects/Personal/karsten-konecta/src/domain/models/auth-model.ts": {"path":"/Users/JoaoGabriel/Documents/Projects/Personal/karsten-konecta/src/domain/models/auth-model.ts","statementMap":{},"fnMap":{},"branchMap":{},"s":{},"f":{},"b":{}}
,"/Users/JoaoGabriel/Documents/Projects/Personal/karsten-konecta/src/domain/models/customer-360-model.ts": {"path":"/Users/JoaoGabriel/Documents/Projects/Personal/karsten-konecta/src/domain/models/customer-360-model.ts","statementMap":{},"fnMap":{},"branchMap":{},"s":{},"f":{},"b":{}}
,"/Users/JoaoGabriel/Documents/Projects/Personal/karsten-konecta/src/domain/models/customer.ts": {"path":"/Users/JoaoGabriel/Documents/Projects/Personal/karsten-konecta/src/domain/models/customer.ts","statementMap":{},"fnMap":{},"branchMap":{},"s":{},"f":{},"b":{}}
,"/Users/JoaoGabriel/Documents/Projects/Personal/karsten-konecta/src/domain/models/menu-model.ts": {"path":"/Users/JoaoGabriel/Documents/Projects/Personal/karsten-konecta/src/domain/models/menu-model.ts","statementMap":{},"fnMap":{},"branchMap":{},"s":{},"f":{},"b":{}}
,"/Users/JoaoGabriel/Documents/Projects/Personal/karsten-konecta/src/domain/models/product.ts": {"path":"/Users/JoaoGabriel/Documents/Projects/Personal/karsten-konecta/src/domain/models/product.ts","statementMap":{},"fnMap":{},"branchMap":{},"s":{},"f":{},"b":{}}
[...]
,"/Users/JoaoGabriel/Documents/Projects/Personal/karsten-konecta/src/presentation/utils/mask/cnpj-mask.ts": {"path":"/Users/JoaoGabriel/Documents/Projects/Personal/karsten-konecta/src/presentation/utils/mask/cnpj-mask.ts","statementMap":{"0":{"start":{"line":2,"column":2},"end":{"line":8,"column":36}}},"fnMap":{"0":{"name":"cnpjMask","decl":{"start":{"line":1,"column":16},"end":{"line":1,"column":24}},"loc":{"start":{"line":1,"column":39},"end":{"line":9,"column":1}},"line":1}},"branchMap":{},"s":{"0":8},"f":{"0":8},"b":{},"_coverageSchema":"1a1c01bbd47fc00a2c39e90264f33305004495a9","hash":"9e6b2f2976e0b92d9a7bcafa870c1b7b6c77747a"}
,"/Users/JoaoGabriel/Documents/Projects/Personal/karsten-konecta/src/presentation/utils/mask/cpf-mask.ts": {"path":"/Users/JoaoGabriel/Documents/Projects/Personal/karsten-konecta/src/presentation/utils/mask/cpf-mask.ts","statementMap":{"0":{"start":{"line":1,"column":23},"end":{"line":10,"column":1}},"1":{"start":{"line":2,"column":2},"end":{"line":2,"column":24}},"2":{"start":{"line":2,"column":14},"end":{"line":2,"column":24}},"3":{"start":{"line":4,"column":2},"end":{"line":9,"column":36}}},"fnMap":{"0":{"name":"(anonymous_0)","decl":{"start":{"line":1,"column":23},"end":{"line":1,"column":24}},"loc":{"start":{"line":1,"column":42},"end":{"line":10,"column":1}},"line":1}},"branchMap":{"0":{"loc":{"start":{"line":2,"column":2},"end":{"line":2,"column":24}},"type":"if","locations":[{"start":{"line":2,"column":2},"end":{"line":2,"column":24}},{"start":{},"end":{}}],"line":2}},"s":{"0":3,"1":17,"2":0,"3":17},"f":{"0":17},"b":{"0":[0,17]},"_coverageSchema":"1a1c01bbd47fc00a2c39e90264f33305004495a9","hash":"cba8b6aed05a039278154fe4fd34439b2e0e02a3"}
,"/Users/JoaoGabriel/Documents/Projects/Personal/karsten-konecta/src/presentation/utils/mask/cpf-or-cnpj-mask.ts": {"path":"/Users/JoaoGabriel/Documents/Projects/Personal/karsten-konecta/src/presentation/utils/mask/cpf-or-cnpj-mask.ts","statementMap":{"0":{"start":{"line":4,"column":29},"end":{"line":5,"column":55}},"1":{"start":{"line":5,"column":2},"end":{"line":5,"column":55}}},"fnMap":{"0":{"name":"(anonymous_0)","decl":{"start":{"line":4,"column":29},"end":{"line":4,"column":30}},"loc":{"start":{"line":5,"column":2},"end":{"line":5,"column":55}},"line":5}},"branchMap":{"0":{"loc":{"start":{"line":5,"column":2},"end":{"line":5,"column":55}},"type":"cond-expr","locations":[{"start":{"line":5,"column":23},"end":{"line":5,"column":38}},{"start":{"line":5,"column":41},"end":{"line":5,"column":55}}],"line":5}},"s":{"0":1,"1":6},"f":{"0":6},"b":{"0":[3,3]},"_coverageSchema":"1a1c01bbd47fc00a2c39e90264f33305004495a9","hash":"ca50650a49074f4060f7faf7a0d196cd8fc9ad3e"}
,"/Users/JoaoGabriel/Documents/Projects/Personal/karsten-konecta/src/presentation/utils/mask/phone-mask.ts": {"path":"/Users/JoaoGabriel/Documents/Projects/Personal/karsten-konecta/src/presentation/utils/mask/phone-mask.ts","statementMap":{"0":{"start":{"line":2,"column":2},"end":{"line":2,"column":24}},"1":{"start":{"line":2,"column":14},"end":{"line":2,"column":24}},"2":{"start":{"line":4,"column":2},"end":{"line":6,"column":3}},"3":{"start":{"line":5,"column":4},"end":{"line":5,"column":36}},"4":{"start":{"line":8,"column":2},"end":{"line":13,"column":36}}},"fnMap":{"0":{"name":"phoneMask","decl":{"start":{"line":1,"column":16},"end":{"line":1,"column":25}},"loc":{"start":{"line":1,"column":41},"end":{"line":14,"column":1}},"line":1}},"branchMap":{"0":{"loc":{"start":{"line":2,"column":2},"end":{"line":2,"column":24}},"type":"if","locations":[{"start":{"line":2,"column":2},"end":{"line":2,"column":24}},{"start":{},"end":{}}],"line":2},"1":{"loc":{"start":{"line":4,"column":2},"end":{"line":6,"column":3}},"type":"if","locations":[{"start":{"line":4,"column":2},"end":{"line":6,"column":3}},{"start":{},"end":{}}],"line":4}},"s":{"0":3,"1":0,"2":3,"3":0,"4":3},"f":{"0":3},"b":{"0":[0,3],"1":[0,3]},"_coverageSchema":"1a1c01bbd47fc00a2c39e90264f33305004495a9","hash":"68eceaa24277ab0da3d5add2469a1b170729c344"}
,"/Users/JoaoGabriel/Documents/Projects/Personal/karsten-konecta/src/presentation/utils/validation/validate-cep.ts": {"path":"/Users/JoaoGabriel/Documents/Projects/Personal/karsten-konecta/src/presentation/utils/validation/validate-cep.ts","statementMap":{"0":{"start":{"line":1,"column":27},"end":{"line":5,"column":1}},"1":{"start":{"line":2,"column":2},"end":{"line":2,"column":17}},"2":{"start":{"line":2,"column":14},"end":{"line":2,"column":17}},"3":{"start":{"line":4,"column":2},"end":{"line":4,"column":55}}},"fnMap":{"0":{"name":"(anonymous_0)","decl":{"start":{"line":1,"column":27},"end":{"line":1,"column":28}},"loc":{"start":{"line":1,"column":46},"end":{"line":5,"column":1}},"line":1}},"branchMap":{"0":{"loc":{"start":{"line":2,"column":2},"end":{"line":2,"column":17}},"type":"if","locations":[{"start":{"line":2,"column":2},"end":{"line":2,"column":17}},{"start":{},"end":{}}],"line":2}},"s":{"0":0,"1":0,"2":0,"3":0},"f":{"0":0},"b":{"0":[0,0]}}
,"/Users/JoaoGabriel/Documents/Projects/Personal/karsten-konecta/src/presentation/utils/validation/validate-cnpj.ts": {"path":"/Users/JoaoGabriel/Documents/Projects/Personal/karsten-konecta/src/presentation/utils/validation/validate-cnpj.ts","statementMap":{"0":{"start":{"line":2,"column":2},"end":{"line":2,"column":24}},"1":{"start":{"line":2,"column":17},"end":{"line":2,"column":24}},"2":{"start":{"line":3,"column":2},"end":{"line":3,"column":45}},"3":{"start":{"line":5,"column":2},"end":{"line":7,"column":3}},"4":{"start":{"line":6,"column":4},"end":{"line":6,"column":17}},"5":{"start":{"line":9,"column":2},"end":{"line":11,"column":3}},"6":{"start":{"line":10,"column":4},"end":{"line":10,"column":17}},"7":{"start":{"line":14,"column":2},"end":{"line":27,"column":3}},"8":{"start":{"line":26,"column":4},"end":{"line":26,"column":17}},"9":{"start":{"line":30,"column":16},"end":{"line":30,"column":35}},"10":{"start":{"line":31,"column":16},"end":{"line":31,"column":46}},"11":{"start":{"line":32,"column":18},"end":{"line":32,"column":45}},"12":{"start":{"line":33,"column":13},"end":{"line":33,"column":14}},"13":{"start":{"line":34,"column":12},"end":{"line":34,"column":23}},"14":{"start":{"line":35,"column":2},"end":{"line":40,"column":3}},"15":{"start":{"line":35,"column":15},"end":{"line":35,"column":22}},"16":{"start":{"line":36,"column":4},"end":{"line":36,"column":56}},"17":{"start":{"line":37,"column":4},"end":{"line":39,"column":5}},"18":{"start":{"line":38,"column":6},"end":{"line":38,"column":14}},"19":{"start":{"line":41,"column":18},"end":{"line":41,"column":54}},"20":{"start":{"line":42,"column":2},"end":{"line":44,"column":3}},"21":{"start":{"line":43,"column":4},"end":{"line":43,"column":17}},"22":{"start":{"line":46,"column":2},"end":{"line":46,"column":24}},"23":{"start":{"line":47,"column":2},"end":{"line":47,"column":43}},"24":{"start":{"line":48,"column":2},"end":{"line":48,"column":11}},"25":{"start":{"line":49,"column":2},"end":{"line":49,"column":20}},"26":{"start":{"line":50,"column":2},"end":{"line":55,"column":3}},"27":{"start":{"line":50,"column":15},"end":{"line":50,"column":22}},"28":{"start":{"line":51,"column":4},"end":{"line":51,"column":56}},"29":{"start":{"line":52,"column":4},"end":{"line":54,"column":5}},"30":{"start":{"line":53,"column":6},"end":{"line":53,"column":14}},"31":{"start":{"line":56,"column":2},"end":{"line":56,"column":51}},"32":{"start":{"line":57,"column":2},"end":{"line":59,"column":3}},"33":{"start":{"line":58,"column":4},"end":{"line":58,"column":17}},"34":{"start":{"line":61,"column":2},"end":{"line":61,"column":14}}},"fnMap":{"0":{"name":"validateCnpj","decl":{"start":{"line":1,"column":16},"end":{"line":1,"column":28}},"loc":{"start":{"line":1,"column":47},"end":{"line":62,"column":1}},"line":1}},"branchMap":{"0":{"loc":{"start":{"line":2,"column":2},"end":{"line":2,"column":24}},"type":"if","locations":[{"start":{"line":2,"column":2},"end":{"line":2,"column":24}},{"start":{},"end":{}}],"line":2},"1":{"loc":{"start":{"line":5,"column":2},"end":{"line":7,"column":3}},"type":"if","locations":[{"start":{"line":5,"column":2},"end":{"line":7,"column":3}},{"start":{},"end":{}}],"line":5},"2":{"loc":{"start":{"line":9,"column":2},"end":{"line":11,"column":3}},"type":"if","locations":[{"start":{"line":9,"column":2},"end":{"line":11,"column":3}},{"start":{},"end":{}}],"line":9},"3":{"loc":{"start":{"line":14,"column":2},"end":{"line":27,"column":3}},"type":"if","locations":[{"start":{"line":14,"column":2},"end":{"line":27,"column":3}},{"start":{},"end":{}}],"line":14},"4":{"loc":{"start":{"line":15,"column":4},"end":{"line":24,"column":33}},"type":"binary-expr","locations":[{"start":{"line":15,"column":4},"end":{"line":15,"column":33}},{"start":{"line":16,"column":4},"end":{"line":16,"column":33}},{"start":{"line":17,"column":4},"end":{"line":17,"column":33}},{"start":{"line":18,"column":4},"end":{"line":18,"column":33}},{"start":{"line":19,"column":4},"end":{"line":19,"column":33}},{"start":{"line":20,"column":4},"end":{"line":20,"column":33}},{"start":{"line":21,"column":4},"end":{"line":21,"column":33}},{"start":{"line":22,"column":4},"end":{"line":22,"column":33}},{"start":{"line":23,"column":4},"end":{"line":23,"column":33}},{"start":{"line":24,"column":4},"end":{"line":24,"column":33}}],"line":15},"5":{"loc":{"start":{"line":37,"column":4},"end":{"line":39,"column":5}},"type":"if","locations":[{"start":{"line":37,"column":4},"end":{"line":39,"column":5}},{"start":{},"end":{}}],"line":37},"6":{"loc":{"start":{"line":41,"column":18},"end":{"line":41,"column":54}},"type":"cond-expr","locations":[{"start":{"line":41,"column":34},"end":{"line":41,"column":35}},{"start":{"line":41,"column":38},"end":{"line":41,"column":54}}],"line":41},"7":{"loc":{"start":{"line":42,"column":2},"end":{"line":44,"column":3}},"type":"if","locations":[{"start":{"line":42,"column":2},"end":{"line":44,"column":3}},{"start":{},"end":{}}],"line":42},"8":{"loc":{"start":{"line":52,"column":4},"end":{"line":54,"column":5}},"type":"if","locations":[{"start":{"line":52,"column":4},"end":{"line":54,"column":5}},{"start":{},"end":{}}],"line":52},"9":{"loc":{"start":{"line":56,"column":14},"end":{"line":56,"column":50}},"type":"cond-expr","locations":[{"start":{"line":56,"column":30},"end":{"line":56,"column":31}},{"start":{"line":56,"column":34},"end":{"line":56,"column":50}}],"line":56},"10":{"loc":{"start":{"line":57,"column":2},"end":{"line":59,"column":3}},"type":"if","locations":[{"start":{"line":57,"column":2},"end":{"line":59,"column":3}},{"start":{},"end":{}}],"line":57}},"s":{"0":0,"1":0,"2":0,"3":0,"4":0,"5":0,"6":0,"7":0,"8":0,"9":0,"10":0,"11":0,"12":0,"13":0,"14":0,"15":0,"16":0,"17":0,"18":0,"19":0,"20":0,"21":0,"22":0,"23":0,"24":0,"25":0,"26":0,"27":0,"28":0,"29":0,"30":0,"31":0,"32":0,"33":0,"34":0},"f":{"0":0},"b":{"0":[0,0],"1":[0,0],"2":[0,0],"3":[0,0],"4":[0,0,0,0,0,0,0,0,0,0],"5":[0,0],"6":[0,0],"7":[0,0],"8":[0,0],"9":[0,0],"10":[0,0]}}
,"/Users/JoaoGabriel/Documents/Projects/Personal/karsten-konecta/src/presentation/utils/validation/validate-cpf.ts": {"path":"/Users/JoaoGabriel/Documents/Projects/Personal/karsten-konecta/src/presentation/utils/validation/validate-cpf.ts","statementMap":{"0":{"start":{"line":1,"column":27},"end":{"line":22,"column":1}},"1":{"start":{"line":2,"column":2},"end":{"line":2,"column":21}},"2":{"start":{"line":2,"column":14},"end":{"line":2,"column":21}},"3":{"start":{"line":3,"column":2},"end":{"line":3,"column":36}},"4":{"start":{"line":5,"column":2},"end":{"line":7,"column":3}},"5":{"start":{"line":6,"column":4},"end":{"line":6,"column":17}},"6":{"start":{"line":9,"column":12},"end":{"line":9,"column":13}},"7":{"start":{"line":10,"column":13},"end":{"line":10,"column":14}},"8":{"start":{"line":11,"column":2},"end":{"line":11,"column":74}},"9":{"start":{"line":11,"column":15},"end":{"line":11,"column":16}},"10":{"start":{"line":11,"column":30},"end":{"line":11,"column":74}},"11":{"start":{"line":12,"column":2},"end":{"line":12,"column":25}},"12":{"start":{"line":13,"column":2},"end":{"line":13,"column":41}},"13":{"start":{"line":13,"column":32},"end":{"line":13,"column":41}},"14":{"start":{"line":14,"column":2},"end":{"line":14,"column":54}},"15":{"start":{"line":14,"column":41},"end":{"line":14,"column":54}},"16":{"start":{"line":16,"column":2},"end":{"line":16,"column":10}},"17":{"start":{"line":17,"column":2},"end":{"line":17,"column":75}},"18":{"start":{"line":17,"column":15},"end":{"line":17,"column":16}},"19":{"start":{"line":17,"column":31},"end":{"line":17,"column":75}},"20":{"start":{"line":18,"column":2},"end":{"line":18,"column":25}},"21":{"start":{"line":19,"column":2},"end":{"line":19,"column":41}},"22":{"start":{"line":19,"column":32},"end":{"line":19,"column":41}},"23":{"start":{"line":20,"column":2},"end":{"line":20,"column":55}},"24":{"start":{"line":20,"column":42},"end":{"line":20,"column":55}},"25":{"start":{"line":21,"column":2},"end":{"line":21,"column":14}}},"fnMap":{"0":{"name":"(anonymous_0)","decl":{"start":{"line":1,"column":27},"end":{"line":1,"column":28}},"loc":{"start":{"line":1,"column":46},"end":{"line":22,"column":1}},"line":1}},"branchMap":{"0":{"loc":{"start":{"line":2,"column":2},"end":{"line":2,"column":21}},"type":"if","locations":[{"start":{"line":2,"column":2},"end":{"line":2,"column":21}},{"start":{},"end":{}}],"line":2},"1":{"loc":{"start":{"line":5,"column":2},"end":{"line":7,"column":3}},"type":"if","locations":[{"start":{"line":5,"column":2},"end":{"line":7,"column":3}},{"start":{},"end":{}}],"line":5},"2":{"loc":{"start":{"line":13,"column":2},"end":{"line":13,"column":41}},"type":"if","locations":[{"start":{"line":13,"column":2},"end":{"line":13,"column":41}},{"start":{},"end":{}}],"line":13},"3":{"loc":{"start":{"line":13,"column":6},"end":{"line":13,"column":30}},"type":"binary-expr","locations":[{"start":{"line":13,"column":6},"end":{"line":13,"column":16}},{"start":{"line":13,"column":20},"end":{"line":13,"column":30}}],"line":13},"4":{"loc":{"start":{"line":14,"column":2},"end":{"line":14,"column":54}},"type":"if","locations":[{"start":{"line":14,"column":2},"end":{"line":14,"column":54}},{"start":{},"end":{}}],"line":14},"5":{"loc":{"start":{"line":19,"column":2},"end":{"line":19,"column":41}},"type":"if","locations":[{"start":{"line":19,"column":2},"end":{"line":19,"column":41}},{"start":{},"end":{}}],"line":19},"6":{"loc":{"start":{"line":19,"column":6},"end":{"line":19,"column":30}},"type":"binary-expr","locations":[{"start":{"line":19,"column":6},"end":{"line":19,"column":16}},{"start":{"line":19,"column":20},"end":{"line":19,"column":30}}],"line":19},"7":{"loc":{"start":{"line":20,"column":2},"end":{"line":20,"column":55}},"type":"if","locations":[{"start":{"line":20,"column":2},"end":{"line":20,"column":55}},{"start":{},"end":{}}],"line":20}},"s":{"0":0,"1":0,"2":0,"3":0,"4":0,"5":0,"6":0,"7":0,"8":0,"9":0,"10":0,"11":0,"12":0,"13":0,"14":0,"15":0,"16":0,"17":0,"18":0,"19":0,"20":0,"21":0,"22":0,"23":0,"24":0,"25":0},"f":{"0":0},"b":{"0":[0,0],"1":[0,0],"2":[0,0],"3":[0,0],"4":[0,0],"5":[0,0],"6":[0,0],"7":[0,0]}}
,"/Users/JoaoGabriel/Documents/Projects/Personal/karsten-konecta/src/presentation/utils/yup-schemas/cep-rule.ts": {"path":"/Users/JoaoGabriel/Documents/Projects/Personal/karsten-konecta/src/presentation/utils/yup-schemas/cep-rule.ts","statementMap":{"0":{"start":{"line":4,"column":27},"end":{"line":8,"column":58}},"1":{"start":{"line":5,"column":2},"end":{"line":8,"column":58}}},"fnMap":{"0":{"name":"(anonymous_0)","decl":{"start":{"line":4,"column":27},"end":{"line":4,"column":28}},"loc":{"start":{"line":5,"column":2},"end":{"line":8,"column":58}},"line":5}},"branchMap":{},"s":{"0":0,"1":0},"f":{"0":0},"b":{}}
,"/Users/JoaoGabriel/Documents/Projects/Personal/karsten-konecta/src/presentation/utils/yup-schemas/cnpj-rule.ts": {"path":"/Users/JoaoGabriel/Documents/Projects/Personal/karsten-konecta/src/presentation/utils/yup-schemas/cnpj-rule.ts","statementMap":{"0":{"start":{"line":4,"column":28},"end":{"line":8,"column":60}},"1":{"start":{"line":5,"column":2},"end":{"line":8,"column":60}}},"fnMap":{"0":{"name":"(anonymous_0)","decl":{"start":{"line":4,"column":28},"end":{"line":4,"column":29}},"loc":{"start":{"line":5,"column":2},"end":{"line":8,"column":60}},"line":5}},"branchMap":{},"s":{"0":0,"1":0},"f":{"0":0},"b":{}}
,"/Users/JoaoGabriel/Documents/Projects/Personal/karsten-konecta/src/presentation/utils/yup-schemas/cpf-cnpj-rule.ts": {"path":"/Users/JoaoGabriel/Documents/Projects/Personal/karsten-konecta/src/presentation/utils/yup-schemas/cpf-cnpj-rule.ts","statementMap":{"0":{"start":{"line":5,"column":31},"end":{"line":14,"column":5}},"1":{"start":{"line":6,"column":2},"end":{"line":14,"column":5}},"2":{"start":{"line":10,"column":6},"end":{"line":10,"column":62}},"3":{"start":{"line":13,"column":6},"end":{"line":13,"column":61}}},"fnMap":{"0":{"name":"(anonymous_0)","decl":{"start":{"line":5,"column":31},"end":{"line":5,"column":32}},"loc":{"start":{"line":6,"column":2},"end":{"line":14,"column":5}},"line":6},"1":{"name":"(anonymous_1)","decl":{"start":{"line":9,"column":46},"end":{"line":9,"column":47}},"loc":{"start":{"line":10,"column":6},"end":{"line":10,"column":62}},"line":10},"2":{"name":"(anonymous_2)","decl":{"start":{"line":12,"column":48},"end":{"line":12,"column":49}},"loc":{"start":{"line":13,"column":6},"end":{"line":13,"column":61}},"line":13}},"branchMap":{"0":{"loc":{"start":{"line":10,"column":6},"end":{"line":10,"column":62}},"type":"cond-expr","locations":[{"start":{"line":10,"column":37},"end":{"line":10,"column":55}},{"start":{"line":10,"column":58},"end":{"line":10,"column":62}}],"line":10},"1":{"loc":{"start":{"line":10,"column":6},"end":{"line":10,"column":34}},"type":"binary-expr","locations":[{"start":{"line":10,"column":6},"end":{"line":10,"column":11}},{"start":{"line":10,"column":15},"end":{"line":10,"column":34}}],"line":10},"2":{"loc":{"start":{"line":13,"column":6},"end":{"line":13,"column":61}},"type":"cond-expr","locations":[{"start":{"line":13,"column":35},"end":{"line":13,"column":54}},{"start":{"line":13,"column":57},"end":{"line":13,"column":61}}],"line":13},"3":{"loc":{"start":{"line":13,"column":6},"end":{"line":13,"column":32}},"type":"binary-expr","locations":[{"start":{"line":13,"column":6},"end":{"line":13,"column":11}},{"start":{"line":13,"column":15},"end":{"line":13,"column":32}}],"line":13}},"s":{"0":0,"1":0,"2":0,"3":0},"f":{"0":0,"1":0,"2":0},"b":{"0":[0,0],"1":[0,0],"2":[0,0],"3":[0,0]}}
,"/Users/JoaoGabriel/Documents/Projects/Personal/karsten-konecta/src/presentation/utils/yup-schemas/cpf-rule.ts": {"path":"/Users/JoaoGabriel/Documents/Projects/Personal/karsten-konecta/src/presentation/utils/yup-schemas/cpf-rule.ts","statementMap":{"0":{"start":{"line":4,"column":27},"end":{"line":8,"column":58}},"1":{"start":{"line":5,"column":2},"end":{"line":8,"column":58}}},"fnMap":{"0":{"name":"(anonymous_0)","decl":{"start":{"line":4,"column":27},"end":{"line":4,"column":28}},"loc":{"start":{"line":5,"column":2},"end":{"line":8,"column":58}},"line":5}},"branchMap":{},"s":{"0":0,"1":0},"f":{"0":0},"b":{}}
}
