{"E:\\Projects\\Personal\\karsten-konecta\\src\\data\\protocols\\http\\http-client.ts": {"path":"E:\\Projects\\Personal\\karsten-konecta\\src\\data\\protocols\\http\\http-client.ts","statementMap":{},"fnMap":{},"branchMap":{},"s":{},"f":{},"b":{},"_coverageSchema":"1a1c01bbd47fc00a2c39e90264f33305004495a9","hash":"83de2f7bf8020b5a1ce1f90b943c4604e28d584c"}
,"E:\\Projects\\Personal\\karsten-konecta\\src\\data\\usecases\\attendance\\add-product.ts": {"path":"E:\\Projects\\Personal\\karsten-konecta\\src\\data\\usecases\\attendance\\add-product.ts","statementMap":{"0":{"start":{"line":12,"column":25},"end":{"line":16,"column":6}},"1":{"start":{"line":18,"column":4},"end":{"line":23,"column":5}},"2":{"start":{"line":20,"column":8},"end":{"line":20,"column":33}},"3":{"start":{"line":22,"column":8},"end":{"line":22,"column":36}}},"fnMap":{"0":{"name":"(anonymous_0)","decl":{"start":{"line":6,"column":2},"end":{"line":6,"column":3}},"loc":{"start":{"line":9,"column":4},"end":{"line":9,"column":6}},"line":9},"1":{"name":"(anonymous_1)","decl":{"start":{"line":11,"column":2},"end":{"line":11,"column":3}},"loc":{"start":{"line":11,"column":66},"end":{"line":24,"column":3}},"line":11}},"branchMap":{"0":{"loc":{"start":{"line":18,"column":4},"end":{"line":23,"column":5}},"type":"switch","locations":[{"start":{"line":19,"column":6},"end":{"line":20,"column":33}},{"start":{"line":21,"column":6},"end":{"line":22,"column":36}}],"line":18}},"s":{"0":3,"1":3,"2":2,"3":1},"f":{"0":3,"1":3},"b":{"0":[2,1]},"_coverageSchema":"1a1c01bbd47fc00a2c39e90264f33305004495a9","hash":"256f11a14cfdf115daccea0672cc16f969c55cd2"}
,"E:\\Projects\\Personal\\karsten-konecta\\src\\data\\usecases\\attendance\\change-product-amount.ts": {"path":"E:\\Projects\\Personal\\karsten-konecta\\src\\data\\usecases\\attendance\\change-product-amount.ts","statementMap":{"0":{"start":{"line":14,"column":25},"end":{"line":18,"column":6}},"1":{"start":{"line":20,"column":4},"end":{"line":25,"column":5}},"2":{"start":{"line":22,"column":8},"end":{"line":22,"column":33}},"3":{"start":{"line":24,"column":8},"end":{"line":24,"column":36}}},"fnMap":{"0":{"name":"(anonymous_0)","decl":{"start":{"line":6,"column":2},"end":{"line":6,"column":3}},"loc":{"start":{"line":9,"column":4},"end":{"line":9,"column":6}},"line":9},"1":{"name":"(anonymous_1)","decl":{"start":{"line":11,"column":2},"end":{"line":11,"column":3}},"loc":{"start":{"line":13,"column":42},"end":{"line":26,"column":3}},"line":13}},"branchMap":{"0":{"loc":{"start":{"line":20,"column":4},"end":{"line":25,"column":5}},"type":"switch","locations":[{"start":{"line":21,"column":6},"end":{"line":22,"column":33}},{"start":{"line":23,"column":6},"end":{"line":24,"column":36}}],"line":20}},"s":{"0":3,"1":3,"2":2,"3":1},"f":{"0":3,"1":3},"b":{"0":[2,1]},"_coverageSchema":"1a1c01bbd47fc00a2c39e90264f33305004495a9","hash":"490c46315b54a25774047bfaed184c44c5ef5ed8"}
,"E:\\Projects\\Personal\\karsten-konecta\\src\\data\\usecases\\attendance\\create-attendance.ts": {"path":"E:\\Projects\\Personal\\karsten-konecta\\src\\data\\usecases\\attendance\\create-attendance.ts","statementMap":{"0":{"start":{"line":12,"column":25},"end":{"line":16,"column":6}},"1":{"start":{"line":18,"column":4},"end":{"line":23,"column":5}},"2":{"start":{"line":20,"column":8},"end":{"line":20,"column":33}},"3":{"start":{"line":22,"column":8},"end":{"line":22,"column":36}}},"fnMap":{"0":{"name":"(anonymous_0)","decl":{"start":{"line":6,"column":2},"end":{"line":6,"column":3}},"loc":{"start":{"line":9,"column":4},"end":{"line":9,"column":6}},"line":9},"1":{"name":"(anonymous_1)","decl":{"start":{"line":11,"column":2},"end":{"line":11,"column":3}},"loc":{"start":{"line":11,"column":79},"end":{"line":24,"column":3}},"line":11}},"branchMap":{"0":{"loc":{"start":{"line":18,"column":4},"end":{"line":23,"column":5}},"type":"switch","locations":[{"start":{"line":19,"column":6},"end":{"line":20,"column":33}},{"start":{"line":21,"column":6},"end":{"line":22,"column":36}}],"line":18}},"s":{"0":3,"1":3,"2":2,"3":1},"f":{"0":3,"1":3},"b":{"0":[2,1]},"_coverageSchema":"1a1c01bbd47fc00a2c39e90264f33305004495a9","hash":"1ef9bb6eac9f75b76371bb8682dfdbf62179d0db"}
,"E:\\Projects\\Personal\\karsten-konecta\\src\\data\\usecases\\attendance\\delete-product.ts": {"path":"E:\\Projects\\Personal\\karsten-konecta\\src\\data\\usecases\\attendance\\delete-product.ts","statementMap":{"0":{"start":{"line":12,"column":25},"end":{"line":16,"column":6}},"1":{"start":{"line":18,"column":4},"end":{"line":23,"column":5}},"2":{"start":{"line":20,"column":8},"end":{"line":20,"column":33}},"3":{"start":{"line":22,"column":8},"end":{"line":22,"column":36}}},"fnMap":{"0":{"name":"(anonymous_0)","decl":{"start":{"line":6,"column":2},"end":{"line":6,"column":3}},"loc":{"start":{"line":9,"column":4},"end":{"line":9,"column":6}},"line":9},"1":{"name":"(anonymous_1)","decl":{"start":{"line":11,"column":2},"end":{"line":11,"column":3}},"loc":{"start":{"line":11,"column":75},"end":{"line":24,"column":3}},"line":11}},"branchMap":{"0":{"loc":{"start":{"line":18,"column":4},"end":{"line":23,"column":5}},"type":"switch","locations":[{"start":{"line":19,"column":6},"end":{"line":20,"column":33}},{"start":{"line":21,"column":6},"end":{"line":22,"column":36}}],"line":18}},"s":{"0":3,"1":3,"2":2,"3":1},"f":{"0":3,"1":3},"b":{"0":[2,1]},"_coverageSchema":"1a1c01bbd47fc00a2c39e90264f33305004495a9","hash":"5112521a67515e71e9f4e7393bcf8d8f9f733a7c"}
,"E:\\Projects\\Personal\\karsten-konecta\\src\\data\\usecases\\attendance\\get-attendance.ts": {"path":"E:\\Projects\\Personal\\karsten-konecta\\src\\data\\usecases\\attendance\\get-attendance.ts","statementMap":{"0":{"start":{"line":12,"column":25},"end":{"line":16,"column":6}},"1":{"start":{"line":18,"column":4},"end":{"line":23,"column":5}},"2":{"start":{"line":20,"column":8},"end":{"line":20,"column":33}},"3":{"start":{"line":22,"column":8},"end":{"line":22,"column":36}}},"fnMap":{"0":{"name":"(anonymous_0)","decl":{"start":{"line":6,"column":2},"end":{"line":6,"column":3}},"loc":{"start":{"line":9,"column":4},"end":{"line":9,"column":6}},"line":9},"1":{"name":"(anonymous_1)","decl":{"start":{"line":11,"column":2},"end":{"line":11,"column":3}},"loc":{"start":{"line":11,"column":72},"end":{"line":24,"column":3}},"line":11}},"branchMap":{"0":{"loc":{"start":{"line":18,"column":4},"end":{"line":23,"column":5}},"type":"switch","locations":[{"start":{"line":19,"column":6},"end":{"line":20,"column":33}},{"start":{"line":21,"column":6},"end":{"line":22,"column":36}}],"line":18}},"s":{"0":3,"1":3,"2":2,"3":1},"f":{"0":3,"1":3},"b":{"0":[2,1]},"_coverageSchema":"1a1c01bbd47fc00a2c39e90264f33305004495a9","hash":"f493865a30a3ec31282cd3eee310cdd7c0a3f865"}
,"E:\\Projects\\Personal\\karsten-konecta\\src\\domain\\errors\\unexpected-error.ts": {"path":"E:\\Projects\\Personal\\karsten-konecta\\src\\domain\\errors\\unexpected-error.ts","statementMap":{"0":{"start":{"line":3,"column":4},"end":{"line":3,"column":65}},"1":{"start":{"line":4,"column":4},"end":{"line":4,"column":34}}},"fnMap":{"0":{"name":"(anonymous_0)","decl":{"start":{"line":2,"column":2},"end":{"line":2,"column":3}},"loc":{"start":{"line":2,"column":16},"end":{"line":5,"column":3}},"line":2}},"branchMap":{},"s":{"0":10,"1":10},"f":{"0":10},"b":{},"_coverageSchema":"1a1c01bbd47fc00a2c39e90264f33305004495a9","hash":"dabd56f3a100ec276a9176a3d8db9444c27cb20e"}
,"E:\\Projects\\Personal\\karsten-konecta\\tests\\data\\mocks\\mock-http.ts": {"path":"E:\\Projects\\Personal\\karsten-konecta\\tests\\data\\mocks\\mock-http.ts","statementMap":{"0":{"start":{"line":9,"column":31},"end":{"line":21,"column":2}},"1":{"start":{"line":9,"column":51},"end":{"line":21,"column":1}},"2":{"start":{"line":29,"column":30},"end":{"line":31,"column":3}},"3":{"start":{"line":34,"column":4},"end":{"line":34,"column":24}},"4":{"start":{"line":35,"column":4},"end":{"line":35,"column":30}},"5":{"start":{"line":36,"column":4},"end":{"line":36,"column":26}},"6":{"start":{"line":37,"column":4},"end":{"line":37,"column":32}},"7":{"start":{"line":38,"column":4},"end":{"line":38,"column":30}},"8":{"start":{"line":40,"column":4},"end":{"line":40,"column":25}}},"fnMap":{"0":{"name":"(anonymous_0)","decl":{"start":{"line":9,"column":31},"end":{"line":9,"column":32}},"loc":{"start":{"line":9,"column":51},"end":{"line":21,"column":1}},"line":9},"1":{"name":"(anonymous_1)","decl":{"start":{"line":33,"column":2},"end":{"line":33,"column":3}},"loc":{"start":{"line":33,"column":61},"end":{"line":41,"column":3}},"line":33}},"branchMap":{},"s":{"0":5,"1":0,"2":15,"3":15,"4":15,"5":15,"6":15,"7":15,"8":15},"f":{"0":0,"1":15},"b":{},"_coverageSchema":"1a1c01bbd47fc00a2c39e90264f33305004495a9","hash":"c1f5bbfff2fa2d25905812ce3bd3e5ef3bcfc215"}
,"E:\\Projects\\Personal\\karsten-konecta\\tests\\domain\\mocks\\mock-add-product.ts": {"path":"E:\\Projects\\Personal\\karsten-konecta\\tests\\domain\\mocks\\mock-add-product.ts","statementMap":{"0":{"start":{"line":4,"column":36},"end":{"line":9,"column":2}},"1":{"start":{"line":4,"column":62},"end":{"line":9,"column":1}},"2":{"start":{"line":11,"column":35},"end":{"line":15,"column":2}},"3":{"start":{"line":11,"column":60},"end":{"line":15,"column":1}}},"fnMap":{"0":{"name":"(anonymous_0)","decl":{"start":{"line":4,"column":36},"end":{"line":4,"column":37}},"loc":{"start":{"line":4,"column":62},"end":{"line":9,"column":1}},"line":4},"1":{"name":"(anonymous_1)","decl":{"start":{"line":11,"column":35},"end":{"line":11,"column":36}},"loc":{"start":{"line":11,"column":60},"end":{"line":15,"column":1}},"line":11}},"branchMap":{},"s":{"0":2,"1":3,"2":2,"3":2},"f":{"0":3,"1":2},"b":{},"_coverageSchema":"1a1c01bbd47fc00a2c39e90264f33305004495a9","hash":"5bd8d2e375e0b96289fc195cfcf221906a03df62"}
,"E:\\Projects\\Personal\\karsten-konecta\\tests\\domain\\mocks\\mock-change-product-amount.ts": {"path":"E:\\Projects\\Personal\\karsten-konecta\\tests\\domain\\mocks\\mock-change-product-amount.ts","statementMap":{"0":{"start":{"line":5,"column":2},"end":{"line":5,"column":40}},"1":{"start":{"line":5,"column":37},"end":{"line":5,"column":39}},"2":{"start":{"line":7,"column":44},"end":{"line":17,"column":1}},"3":{"start":{"line":8,"column":2},"end":{"line":16,"column":4}}},"fnMap":{"0":{"name":"(anonymous_0)","decl":{"start":{"line":5,"column":2},"end":{"line":5,"column":3}},"loc":{"start":{"line":5,"column":37},"end":{"line":5,"column":39}},"line":5},"1":{"name":"(anonymous_1)","decl":{"start":{"line":7,"column":44},"end":{"line":7,"column":45}},"loc":{"start":{"line":7,"column":79},"end":{"line":17,"column":1}},"line":7}},"branchMap":{},"s":{"0":1,"1":3,"2":1,"3":1},"f":{"0":3,"1":1},"b":{},"_coverageSchema":"1a1c01bbd47fc00a2c39e90264f33305004495a9","hash":"cc68762c24f58d5d6fc3963c7e80ab5c35abd4de"}
,"E:\\Projects\\Personal\\karsten-konecta\\tests\\domain\\mocks\\mock-create-attendance.ts": {"path":"E:\\Projects\\Personal\\karsten-konecta\\tests\\domain\\mocks\\mock-create-attendance.ts","statementMap":{"0":{"start":{"line":4,"column":42},"end":{"line":7,"column":2}},"1":{"start":{"line":4,"column":74},"end":{"line":7,"column":1}},"2":{"start":{"line":9,"column":41},"end":{"line":11,"column":2}},"3":{"start":{"line":9,"column":72},"end":{"line":11,"column":1}}},"fnMap":{"0":{"name":"(anonymous_0)","decl":{"start":{"line":4,"column":42},"end":{"line":4,"column":43}},"loc":{"start":{"line":4,"column":74},"end":{"line":7,"column":1}},"line":4},"1":{"name":"(anonymous_1)","decl":{"start":{"line":9,"column":41},"end":{"line":9,"column":42}},"loc":{"start":{"line":9,"column":72},"end":{"line":11,"column":1}},"line":9}},"branchMap":{},"s":{"0":1,"1":3,"2":1,"3":1},"f":{"0":3,"1":1},"b":{},"_coverageSchema":"1a1c01bbd47fc00a2c39e90264f33305004495a9","hash":"55dacc30132b87720e64caf55fbbaf2ece332ad9"}
,"E:\\Projects\\Personal\\karsten-konecta\\tests\\domain\\mocks\\mock-delete-product.ts": {"path":"E:\\Projects\\Personal\\karsten-konecta\\tests\\domain\\mocks\\mock-delete-product.ts","statementMap":{"0":{"start":{"line":4,"column":39},"end":{"line":7,"column":2}},"1":{"start":{"line":4,"column":68},"end":{"line":7,"column":1}},"2":{"start":{"line":9,"column":38},"end":{"line":11,"column":2}},"3":{"start":{"line":9,"column":66},"end":{"line":11,"column":1}}},"fnMap":{"0":{"name":"(anonymous_0)","decl":{"start":{"line":4,"column":39},"end":{"line":4,"column":40}},"loc":{"start":{"line":4,"column":68},"end":{"line":7,"column":1}},"line":4},"1":{"name":"(anonymous_1)","decl":{"start":{"line":9,"column":38},"end":{"line":9,"column":39}},"loc":{"start":{"line":9,"column":66},"end":{"line":11,"column":1}},"line":9}},"branchMap":{},"s":{"0":1,"1":3,"2":1,"3":0},"f":{"0":3,"1":0},"b":{},"_coverageSchema":"1a1c01bbd47fc00a2c39e90264f33305004495a9","hash":"db098be3f3cd124e7cf2858c4e6b6b8fd663967c"}
,"E:\\Projects\\Personal\\karsten-konecta\\tests\\domain\\mocks\\mock-get-attendance.ts": {"path":"E:\\Projects\\Personal\\karsten-konecta\\tests\\domain\\mocks\\mock-get-attendance.ts","statementMap":{"0":{"start":{"line":8,"column":20},"end":{"line":17,"column":2}},"1":{"start":{"line":8,"column":41},"end":{"line":17,"column":1}},"2":{"start":{"line":19,"column":25},"end":{"line":21,"column":2}},"3":{"start":{"line":19,"column":47},"end":{"line":21,"column":1}},"4":{"start":{"line":23,"column":21},"end":{"line":27,"column":2}},"5":{"start":{"line":23,"column":43},"end":{"line":27,"column":1}},"6":{"start":{"line":29,"column":41},"end":{"line":36,"column":2}},"7":{"start":{"line":29,"column":69},"end":{"line":36,"column":1}},"8":{"start":{"line":38,"column":39},"end":{"line":41,"column":2}},"9":{"start":{"line":38,"column":68},"end":{"line":41,"column":1}},"10":{"start":{"line":43,"column":38},"end":{"line":44,"column":29}},"11":{"start":{"line":44,"column":2},"end":{"line":44,"column":29}}},"fnMap":{"0":{"name":"(anonymous_0)","decl":{"start":{"line":8,"column":20},"end":{"line":8,"column":21}},"loc":{"start":{"line":8,"column":41},"end":{"line":17,"column":1}},"line":8},"1":{"name":"(anonymous_1)","decl":{"start":{"line":19,"column":25},"end":{"line":19,"column":26}},"loc":{"start":{"line":19,"column":47},"end":{"line":21,"column":1}},"line":19},"2":{"name":"(anonymous_2)","decl":{"start":{"line":23,"column":21},"end":{"line":23,"column":22}},"loc":{"start":{"line":23,"column":43},"end":{"line":27,"column":1}},"line":23},"3":{"name":"(anonymous_3)","decl":{"start":{"line":29,"column":41},"end":{"line":29,"column":42}},"loc":{"start":{"line":29,"column":69},"end":{"line":36,"column":1}},"line":29},"4":{"name":"(anonymous_4)","decl":{"start":{"line":38,"column":39},"end":{"line":38,"column":40}},"loc":{"start":{"line":38,"column":68},"end":{"line":41,"column":1}},"line":38},"5":{"name":"(anonymous_5)","decl":{"start":{"line":43,"column":38},"end":{"line":43,"column":39}},"loc":{"start":{"line":44,"column":2},"end":{"line":44,"column":29}},"line":44}},"branchMap":{},"s":{"0":1,"1":2,"2":1,"3":1,"4":1,"5":1,"6":1,"7":1,"8":1,"9":3,"10":1,"11":1},"f":{"0":2,"1":1,"2":1,"3":1,"4":3,"5":1},"b":{},"_coverageSchema":"1a1c01bbd47fc00a2c39e90264f33305004495a9","hash":"420d5de2e8c5db3cc0f942d608d25b6ea8bb9c2e"}
}
