TN:
SF:src\data\protocols\http\http-client.ts
FNF:0
FNH:0
LF:0
LH:0
BRF:0
BRH:0
end_of_record
TN:
SF:src\data\usecases\attendance\add-product.ts
FN:6,(anonymous_0)
FN:11,(anonymous_1)
FNF:2
FNH:2
FNDA:3,(anonymous_0)
FNDA:3,(anonymous_1)
DA:12,3
DA:18,3
DA:20,2
DA:22,1
LF:4
LH:4
BRDA:18,0,0,2
BRDA:18,0,1,1
BRF:2
BRH:2
end_of_record
TN:
SF:src\data\usecases\attendance\change-product-amount.ts
FN:6,(anonymous_0)
FN:11,(anonymous_1)
FNF:2
FNH:2
FNDA:3,(anonymous_0)
FNDA:3,(anonymous_1)
DA:14,3
DA:20,3
DA:22,2
DA:24,1
LF:4
LH:4
BRDA:20,0,0,2
BRDA:20,0,1,1
BRF:2
BRH:2
end_of_record
TN:
SF:src\data\usecases\attendance\create-attendance.ts
FN:6,(anonymous_0)
FN:11,(anonymous_1)
FNF:2
FNH:2
FNDA:3,(anonymous_0)
FNDA:3,(anonymous_1)
DA:12,3
DA:18,3
DA:20,2
DA:22,1
LF:4
LH:4
BRDA:18,0,0,2
BRDA:18,0,1,1
BRF:2
BRH:2
end_of_record
TN:
SF:src\data\usecases\attendance\delete-product.ts
FN:6,(anonymous_0)
FN:11,(anonymous_1)
FNF:2
FNH:2
FNDA:3,(anonymous_0)
FNDA:3,(anonymous_1)
DA:12,3
DA:18,3
DA:20,2
DA:22,1
LF:4
LH:4
BRDA:18,0,0,2
BRDA:18,0,1,1
BRF:2
BRH:2
end_of_record
TN:
SF:src\data\usecases\attendance\get-attendance.ts
FN:6,(anonymous_0)
FN:11,(anonymous_1)
FNF:2
FNH:2
FNDA:3,(anonymous_0)
FNDA:3,(anonymous_1)
DA:12,3
DA:18,3
DA:20,2
DA:22,1
LF:4
LH:4
BRDA:18,0,0,2
BRDA:18,0,1,1
BRF:2
BRH:2
end_of_record
TN:
SF:src\domain\errors\unexpected-error.ts
FN:2,(anonymous_0)
FNF:1
FNH:1
FNDA:10,(anonymous_0)
DA:3,10
DA:4,10
LF:2
LH:2
BRF:0
BRH:0
end_of_record
TN:
SF:tests\data\mocks\mock-http.ts
FN:9,(anonymous_0)
FN:33,(anonymous_1)
FNF:2
FNH:1
FNDA:0,(anonymous_0)
FNDA:15,(anonymous_1)
DA:9,5
DA:29,15
DA:34,15
DA:35,15
DA:36,15
DA:37,15
DA:38,15
DA:40,15
LF:8
LH:8
BRF:0
BRH:0
end_of_record
TN:
SF:tests\domain\mocks\mock-add-product.ts
FN:4,(anonymous_0)
FN:11,(anonymous_1)
FNF:2
FNH:2
FNDA:3,(anonymous_0)
FNDA:2,(anonymous_1)
DA:4,3
DA:11,2
LF:2
LH:2
BRF:0
BRH:0
end_of_record
TN:
SF:tests\domain\mocks\mock-change-product-amount.ts
FN:5,(anonymous_0)
FN:7,(anonymous_1)
FNF:2
FNH:2
FNDA:3,(anonymous_0)
FNDA:1,(anonymous_1)
DA:5,3
DA:7,1
DA:8,1
LF:3
LH:3
BRF:0
BRH:0
end_of_record
TN:
SF:tests\domain\mocks\mock-create-attendance.ts
FN:4,(anonymous_0)
FN:9,(anonymous_1)
FNF:2
FNH:2
FNDA:3,(anonymous_0)
FNDA:1,(anonymous_1)
DA:4,3
DA:9,1
LF:2
LH:2
BRF:0
BRH:0
end_of_record
TN:
SF:tests\domain\mocks\mock-delete-product.ts
FN:4,(anonymous_0)
FN:9,(anonymous_1)
FNF:2
FNH:1
FNDA:3,(anonymous_0)
FNDA:0,(anonymous_1)
DA:4,3
DA:9,1
LF:2
LH:2
BRF:0
BRH:0
end_of_record
TN:
SF:tests\domain\mocks\mock-get-attendance.ts
FN:8,(anonymous_0)
FN:19,(anonymous_1)
FN:23,(anonymous_2)
FN:29,(anonymous_3)
FN:38,(anonymous_4)
FN:43,(anonymous_5)
FNF:6
FNH:6
FNDA:2,(anonymous_0)
FNDA:1,(anonymous_1)
FNDA:1,(anonymous_2)
FNDA:1,(anonymous_3)
FNDA:3,(anonymous_4)
FNDA:1,(anonymous_5)
DA:8,2
DA:19,1
DA:23,1
DA:29,1
DA:38,3
DA:43,1
DA:44,1
LF:7
LH:7
BRF:0
BRH:0
end_of_record
